Integrate_Data.py Enum.2.4.0.out Enum.2.4.0.halt Enum.2.4.0.infinite Enum.2.4.0.unknown Enum.2.4.0.error Enum.2.4.0.undecided 
     1 | Mon Dec 27 12:56:12 PST 2010 - Mon Dec 27 12:56:13 PST 2010 | Initial_Filter --infile=Enum.2.4.0.unknown --outfile=Enum.2.4.0.out --log_number=1 | 22916 43278 0 72115
     2 | Mon Dec 27 12:56:13 PST 2010 - Mon Dec 27 12:56:15 PST 2010 | Dual_Machine_Filter.py --tape=100 --steps=100 | 0 5644 22519 -28163
     3 | Mon Dec 27 12:56:15 PST 2010 - Mon Dec 27 12:56:17 PST 2010 | Assign_Undecideds_Filter --next_machine_number=0 | 22519 0 0 89280
     4 | Mon Dec 27 12:56:17 PST 2010 - Mon Dec 27 12:56:21 PST 2010 | Dual_Machine_Filter.py --tape=100 --steps=100 | 0 6470 30345 -36815
     5 | Mon Dec 27 12:56:21 PST 2010 - Mon Dec 27 12:56:23 PST 2010 | Assign_Undecideds_Filter --next_machine_number=0 | 30345 0 0 67632
     6 | Mon Dec 27 12:56:23 PST 2010 - Mon Dec 27 12:56:27 PST 2010 | Dual_Machine_Filter.py --tape=100 --steps=100 | 0 4957 23273 -28230
     7 | Mon Dec 27 12:56:27 PST 2010 - Mon Dec 27 12:56:30 PST 2010 | Assign_Undecideds_Filter --next_machine_number=0 | 23273 0 0 53024
     8 | Mon Dec 27 12:56:30 PST 2010 - Mon Dec 27 12:56:35 PST 2010 | Dual_Machine_Filter.py --tape=100 --steps=100 | 0 3131 17721 -20852
     9 | Mon Dec 27 12:56:35 PST 2010 - Mon Dec 27 12:56:36 PST 2010 | Assign_Undecideds_Filter --next_machine_number=0 | 17721 0 0 0
    10 | Mon Dec 27 12:56:36 PST 2010 - Mon Dec 27 12:56:41 PST 2010 | Dual_Machine_Filter.py --tape=100 --steps=100 | 0 0 0 0
    11 | Mon Dec 27 12:56:41 PST 2010 - Mon Dec 27 12:56:45 PST 2010 | Reverse_Engineer_Filter.py | 0 33011 0 -33011
    12 | Mon Dec 27 12:56:45 PST 2010 - Mon Dec 27 12:57:00 PST 2010 | Macro_Simulator_Filter.py --recursive --time=0.001 --steps=100 --size=1 | 0 28858 1 -28859
    13 | Mon Dec 27 12:57:00 PST 2010 - Mon Dec 27 12:57:01 PST 2010 | Assign_Undecideds_Filter --next_machine_number=0 | 1 0 0 0
    14 | Mon Dec 27 12:57:01 PST 2010 - Mon Dec 27 12:57:08 PST 2010 | Macro_Simulator_Filter.py --recursive --time=0.001 --steps=100 --size=2 | 0 63308 0 -63308
    15 | Mon Dec 27 12:57:08 PST 2010 - Mon Dec 27 12:57:13 PST 2010 | Macro_Simulator_Filter.py --recursive --time=0.001 --steps=100 --size=3 | 0 17227 5 -17232
    16 | Mon Dec 27 12:57:13 PST 2010 - Mon Dec 27 12:57:14 PST 2010 | Assign_Undecideds_Filter --next_machine_number=0 | 5 0 0 0
    17 | Mon Dec 27 12:57:14 PST 2010 - Mon Dec 27 12:57:17 PST 2010 | Macro_Simulator_Filter.py --recursive --time=0.001 --steps=100 --size=4 | 0 7940 6 -7946
    18 | Mon Dec 27 12:57:17 PST 2010 - Mon Dec 27 12:57:18 PST 2010 | Assign_Undecideds_Filter --next_machine_number=0 | 6 0 0 0
    19 | Mon Dec 27 12:57:18 PST 2010 - Mon Dec 27 12:57:20 PST 2010 | Macro_Simulator_Filter.py --recursive --time=0.001 --steps=100 --size=5 | 0 317 8 -325
    20 | Mon Dec 27 12:57:20 PST 2010 - Mon Dec 27 12:57:22 PST 2010 | Assign_Undecideds_Filter --next_machine_number=0 | 8 0 0 0
    21 | Mon Dec 27 12:57:22 PST 2010 - Mon Dec 27 12:57:24 PST 2010 | Macro_Simulator_Filter.py --recursive --time=0.001 --steps=100 --size=6 | 0 781 10 -791
    22 | Mon Dec 27 12:57:24 PST 2010 - Mon Dec 27 12:57:25 PST 2010 | Assign_Undecideds_Filter --next_machine_number=0 | 10 0 0 16
    23 | Mon Dec 27 12:57:25 PST 2010 - Mon Dec 27 12:57:26 PST 2010 | Reverse_Engineer_Filter.py | 0 11 0 -11
    24 | Mon Dec 27 12:57:26 PST 2010 - Mon Dec 27 12:57:30 PST 2010 | CTL_Filter.py --time=0.01 --type=CTL1 --size=1 --offset=0 | 0 5529 0 -5529
    25 | Mon Dec 27 12:57:30 PST 2010 - Mon Dec 27 12:57:33 PST 2010 | CTL_Filter.py --time=0.01 --type=CTL2 --size=1 --offset=0 | 0 3816 0 -3816
    26 | Mon Dec 27 12:57:33 PST 2010 - Mon Dec 27 12:57:35 PST 2010 | CTL_Filter.py --time=0.01 --type=CTL3 --size=1 --offset=0 | 0 64 0 -64
    27 | Mon Dec 27 12:57:35 PST 2010 - Mon Dec 27 12:57:38 PST 2010 | CTL_Filter.py --time=0.01 --type=CTL4 --size=1 --offset=0 | 0 124 0 -124
    28 | Mon Dec 27 12:57:38 PST 2010 - Mon Dec 27 12:57:40 PST 2010 | CTL_Filter.py --time=0.01 --type=CTL1 --size=2 --offset=0 | 0 1085 0 -1085
    29 | Mon Dec 27 12:57:40 PST 2010 - Mon Dec 27 12:57:43 PST 2010 | CTL_Filter.py --time=0.01 --type=CTL1 --size=2 --offset=1 | 0 516 0 -516
    30 | Mon Dec 27 12:57:43 PST 2010 - Mon Dec 27 12:57:45 PST 2010 | CTL_Filter.py --time=0.01 --type=CTL2 --size=2 --offset=0 | 0 2402 0 -2402
    31 | Mon Dec 27 12:57:45 PST 2010 - Mon Dec 27 12:57:46 PST 2010 | CTL_Filter.py --time=0.01 --type=CTL2 --size=2 --offset=1 | 0 193 0 -193
    32 | Mon Dec 27 12:57:46 PST 2010 - Mon Dec 27 12:57:47 PST 2010 | CTL_Filter.py --time=0.01 --type=CTL3 --size=2 --offset=0 | 0 31 0 -31
    33 | Mon Dec 27 12:57:47 PST 2010 - Mon Dec 27 12:57:48 PST 2010 | CTL_Filter.py --time=0.01 --type=CTL3 --size=2 --offset=1 | 0 12 0 -12
    34 | Mon Dec 27 12:57:48 PST 2010 - Mon Dec 27 12:57:50 PST 2010 | CTL_Filter.py --time=0.01 --type=CTL4 --size=2 --offset=0 | 0 41 0 -41
    35 | Mon Dec 27 12:57:50 PST 2010 - Mon Dec 27 12:57:53 PST 2010 | CTL_Filter.py --time=0.01 --type=CTL4 --size=2 --offset=1 | 0 27 0 -27
    36 | Mon Dec 27 12:57:53 PST 2010 - Mon Dec 27 12:57:55 PST 2010 | Macro_Simulator_Filter.py --recursive --time=0.01 --steps=1000 --size=1 | 0 772 37 -809
    37 | Mon Dec 27 12:57:55 PST 2010 - Mon Dec 27 12:57:56 PST 2010 | Assign_Undecideds_Filter --next_machine_number=0 | 37 0 0 0
    38 | Mon Dec 27 12:57:56 PST 2010 - Mon Dec 27 12:57:58 PST 2010 | Macro_Simulator_Filter.py --recursive --time=0.01 --steps=1000 --size=2 | 0 773 5 -778
    39 | Mon Dec 27 12:57:58 PST 2010 - Mon Dec 27 12:57:59 PST 2010 | Assign_Undecideds_Filter --next_machine_number=0 | 5 0 0 0
    40 | Mon Dec 27 12:58:00 PST 2010 - Mon Dec 27 12:58:01 PST 2010 | Macro_Simulator_Filter.py --recursive --time=0.01 --steps=1000 --size=3 | 0 593 1 -594
    41 | Mon Dec 27 12:58:01 PST 2010 - Mon Dec 27 12:58:02 PST 2010 | Assign_Undecideds_Filter --next_machine_number=0 | 1 0 0 0
    42 | Mon Dec 27 12:58:02 PST 2010 - Mon Dec 27 12:58:03 PST 2010 | Macro_Simulator_Filter.py --recursive --time=0.01 --steps=1000 --size=4 | 0 180 0 -180
    43 | Mon Dec 27 12:58:03 PST 2010 - Mon Dec 27 12:58:04 PST 2010 | Macro_Simulator_Filter.py --recursive --time=0.01 --steps=1000 --size=5 | 0 20 0 -20
    44 | Mon Dec 27 12:58:04 PST 2010 - Mon Dec 27 12:58:05 PST 2010 | Macro_Simulator_Filter.py --recursive --time=0.01 --steps=1000 --size=6 | 0 18 0 -18
    45 | Mon Dec 27 12:58:05 PST 2010 - Mon Dec 27 12:58:07 PST 2010 | Macro_Simulator_Filter.py --recursive --time=0.01 --steps=1000 --size=7 | 0 15 1 -16
    46 | Mon Dec 27 12:58:07 PST 2010 - Mon Dec 27 12:58:08 PST 2010 | Assign_Undecideds_Filter --next_machine_number=0 | 1 0 0 0
    47 | Mon Dec 27 12:58:08 PST 2010 - Mon Dec 27 12:58:09 PST 2010 | Macro_Simulator_Filter.py --recursive --time=0.01 --steps=1000 --size=8 | 0 13 0 -13
    48 | Mon Dec 27 12:58:09 PST 2010 - Mon Dec 27 12:58:10 PST 2010 | CTL_Filter.py --time=0.1 --type=CTL1 --size=1 --offset=0 | 0 0 0 0
    49 | Mon Dec 27 12:58:10 PST 2010 - Mon Dec 27 12:58:11 PST 2010 | CTL_Filter.py --time=0.1 --type=CTL2 --size=1 --offset=0 | 0 2 0 -2
    50 | Mon Dec 27 12:58:11 PST 2010 - Mon Dec 27 12:58:12 PST 2010 | CTL_Filter.py --time=0.1 --type=CTL3 --size=1 --offset=0 | 0 0 0 0
    51 | Mon Dec 27 12:58:12 PST 2010 - Mon Dec 27 12:58:14 PST 2010 | CTL_Filter.py --time=0.1 --type=CTL4 --size=1 --offset=0 | 0 0 0 0
    52 | Mon Dec 27 12:58:14 PST 2010 - Mon Dec 27 12:58:15 PST 2010 | CTL_Filter.py --time=0.1 --type=CTL1 --size=2 --offset=0 | 0 0 0 0
    53 | Mon Dec 27 12:58:15 PST 2010 - Mon Dec 27 12:58:16 PST 2010 | CTL_Filter.py --time=0.1 --type=CTL1 --size=2 --offset=1 | 0 0 0 0
    54 | Mon Dec 27 12:58:16 PST 2010 - Mon Dec 27 12:58:17 PST 2010 | CTL_Filter.py --time=0.1 --type=CTL2 --size=2 --offset=0 | 0 6 0 -6
    55 | Mon Dec 27 12:58:17 PST 2010 - Mon Dec 27 12:58:18 PST 2010 | CTL_Filter.py --time=0.1 --type=CTL2 --size=2 --offset=1 | 0 3 0 -3
    56 | Mon Dec 27 12:58:18 PST 2010 - Mon Dec 27 12:58:19 PST 2010 | CTL_Filter.py --time=0.1 --type=CTL3 --size=2 --offset=0 | 0 0 0 0
    57 | Mon Dec 27 12:58:19 PST 2010 - Mon Dec 27 12:58:20 PST 2010 | CTL_Filter.py --time=0.1 --type=CTL3 --size=2 --offset=1 | 0 0 0 0
    58 | Mon Dec 27 12:58:20 PST 2010 - Mon Dec 27 12:58:22 PST 2010 | CTL_Filter.py --time=0.1 --type=CTL4 --size=2 --offset=0 | 0 0 0 0
    59 | Mon Dec 27 12:58:22 PST 2010 - Mon Dec 27 12:58:23 PST 2010 | CTL_Filter.py --time=0.1 --type=CTL4 --size=2 --offset=1 | 0 0 0 0
    60 | Mon Dec 27 12:58:23 PST 2010 - Mon Dec 27 12:58:24 PST 2010 | CTL_Filter.py --time=0.1 --type=CTL1 --size=3 --offset=0 | 0 1 0 -1
    61 | Mon Dec 27 12:58:24 PST 2010 - Mon Dec 27 12:58:25 PST 2010 | CTL_Filter.py --time=0.1 --type=CTL1 --size=3 --offset=1 | 0 2 0 -2
    62 | Mon Dec 27 12:58:25 PST 2010 - Mon Dec 27 12:58:26 PST 2010 | CTL_Filter.py --time=0.1 --type=CTL1 --size=3 --offset=2 | 0 0 0 0
    63 | Mon Dec 27 12:58:26 PST 2010 - Mon Dec 27 12:58:27 PST 2010 | CTL_Filter.py --time=0.1 --type=CTL2 --size=3 --offset=0 | 0 7 0 -7
    64 | Mon Dec 27 12:58:27 PST 2010 - Mon Dec 27 12:58:29 PST 2010 | CTL_Filter.py --time=0.1 --type=CTL2 --size=3 --offset=1 | 0 1 0 -1
    65 | Mon Dec 27 12:58:29 PST 2010 - Mon Dec 27 12:58:30 PST 2010 | CTL_Filter.py --time=0.1 --type=CTL2 --size=3 --offset=2 | 0 2 0 -2
    66 | Mon Dec 27 12:58:30 PST 2010 - Mon Dec 27 12:58:31 PST 2010 | CTL_Filter.py --time=0.1 --type=CTL3 --size=3 --offset=0 | 0 0 0 0
    67 | Mon Dec 27 12:58:31 PST 2010 - Mon Dec 27 12:58:32 PST 2010 | CTL_Filter.py --time=0.1 --type=CTL3 --size=3 --offset=1 | 0 0 0 0
    68 | Mon Dec 27 12:58:32 PST 2010 - Mon Dec 27 12:58:33 PST 2010 | CTL_Filter.py --time=0.1 --type=CTL3 --size=3 --offset=2 | 0 0 0 0
    69 | Mon Dec 27 12:58:33 PST 2010 - Mon Dec 27 12:58:34 PST 2010 | CTL_Filter.py --time=0.1 --type=CTL4 --size=3 --offset=0 | 0 1 0 -1
    70 | Mon Dec 27 12:58:34 PST 2010 - Mon Dec 27 12:58:36 PST 2010 | CTL_Filter.py --time=0.1 --type=CTL4 --size=3 --offset=1 | 0 0 0 0
    71 | Mon Dec 27 12:58:36 PST 2010 - Mon Dec 27 12:58:37 PST 2010 | CTL_Filter.py --time=0.1 --type=CTL4 --size=3 --offset=2 | 0 0 0 0
    72 | Mon Dec 27 12:58:37 PST 2010 - Mon Dec 27 12:58:39 PST 2010 | Macro_Simulator_Filter.py --recursive --time=0.1 --steps=10000 --size=1 | 0 2 1 -3
    73 | Mon Dec 27 12:58:39 PST 2010 - Mon Dec 27 12:58:40 PST 2010 | Assign_Undecideds_Filter --next_machine_number=0 | 1 0 0 0
    74 | Mon Dec 27 12:58:40 PST 2010 - Mon Dec 27 12:58:42 PST 2010 | Macro_Simulator_Filter.py --recursive --time=0.1 --steps=10000 --size=2 | 0 30 0 -30
    75 | Mon Dec 27 12:58:42 PST 2010 - Mon Dec 27 12:58:44 PST 2010 | Macro_Simulator_Filter.py --recursive --time=0.1 --steps=10000 --size=3 | 0 28 0 -28
    76 | Mon Dec 27 12:58:45 PST 2010 - Mon Dec 27 12:58:47 PST 2010 | Macro_Simulator_Filter.py --recursive --time=0.1 --steps=10000 --size=4 | 0 10 0 -10
    77 | Mon Dec 27 12:58:47 PST 2010 - Mon Dec 27 12:58:49 PST 2010 | Macro_Simulator_Filter.py --recursive --time=0.1 --steps=10000 --size=5 | 0 7 0 -7
    78 | Mon Dec 27 12:58:49 PST 2010 - Mon Dec 27 12:58:51 PST 2010 | Macro_Simulator_Filter.py --recursive --time=0.1 --steps=10000 --size=6 | 0 7 0 -7
    79 | Mon Dec 27 12:58:51 PST 2010 - Mon Dec 27 12:58:53 PST 2010 | Macro_Simulator_Filter.py --recursive --time=0.1 --steps=10000 --size=7 | 0 3 0 -3
    80 | Mon Dec 27 12:58:53 PST 2010 - Mon Dec 27 12:58:55 PST 2010 | Macro_Simulator_Filter.py --recursive --time=0.1 --steps=10000 --size=8 | 0 0 0 0
    81 | Mon Dec 27 12:58:56 PST 2010 - Mon Dec 27 12:58:57 PST 2010 | CTL_Filter.py --time=0.1 --type=CTL1 --size=4 --offset=0 | 0 0 0 0
    82 | Mon Dec 27 12:58:57 PST 2010 - Mon Dec 27 12:58:58 PST 2010 | CTL_Filter.py --time=0.1 --type=CTL1 --size=4 --offset=1 | 0 0 0 0
    83 | Mon Dec 27 12:58:58 PST 2010 - Mon Dec 27 12:58:59 PST 2010 | CTL_Filter.py --time=0.1 --type=CTL1 --size=4 --offset=2 | 0 0 0 0
    84 | Mon Dec 27 12:58:59 PST 2010 - Mon Dec 27 12:59:00 PST 2010 | CTL_Filter.py --time=0.1 --type=CTL1 --size=4 --offset=3 | 0 0 0 0
    85 | Mon Dec 27 12:59:00 PST 2010 - Mon Dec 27 12:59:01 PST 2010 | CTL_Filter.py --time=0.1 --type=CTL2 --size=4 --offset=0 | 0 0 0 0
    86 | Mon Dec 27 12:59:01 PST 2010 - Mon Dec 27 12:59:02 PST 2010 | CTL_Filter.py --time=0.1 --type=CTL2 --size=4 --offset=1 | 0 2 0 -2
    87 | Mon Dec 27 12:59:02 PST 2010 - Mon Dec 27 12:59:04 PST 2010 | CTL_Filter.py --time=0.1 --type=CTL2 --size=4 --offset=2 | 0 2 0 -2
    88 | Mon Dec 27 12:59:04 PST 2010 - Mon Dec 27 12:59:05 PST 2010 | CTL_Filter.py --time=0.1 --type=CTL2 --size=4 --offset=3 | 0 1 0 -1
    89 | Mon Dec 27 12:59:05 PST 2010 - Mon Dec 27 12:59:06 PST 2010 | CTL_Filter.py --time=0.1 --type=CTL3 --size=4 --offset=0 | 0 0 0 0
    90 | Mon Dec 27 12:59:06 PST 2010 - Mon Dec 27 12:59:07 PST 2010 | CTL_Filter.py --time=0.1 --type=CTL3 --size=4 --offset=1 | 0 0 0 0
    91 | Mon Dec 27 12:59:07 PST 2010 - Mon Dec 27 12:59:08 PST 2010 | CTL_Filter.py --time=0.1 --type=CTL3 --size=4 --offset=2 | 0 0 0 0
    92 | Mon Dec 27 12:59:08 PST 2010 - Mon Dec 27 12:59:09 PST 2010 | CTL_Filter.py --time=0.1 --type=CTL3 --size=4 --offset=3 | 0 0 0 0
    93 | Mon Dec 27 12:59:09 PST 2010 - Mon Dec 27 12:59:11 PST 2010 | CTL_Filter.py --time=0.1 --type=CTL4 --size=4 --offset=0 | 0 0 0 0
    94 | Mon Dec 27 12:59:11 PST 2010 - Mon Dec 27 12:59:12 PST 2010 | CTL_Filter.py --time=0.1 --type=CTL4 --size=4 --offset=1 | 0 1 0 -1
    95 | Mon Dec 27 12:59:12 PST 2010 - Mon Dec 27 12:59:13 PST 2010 | CTL_Filter.py --time=0.1 --type=CTL4 --size=4 --offset=2 | 0 0 0 0
    96 | Mon Dec 27 12:59:13 PST 2010 - Mon Dec 27 12:59:14 PST 2010 | CTL_Filter.py --time=0.1 --type=CTL4 --size=4 --offset=3 | 0 0 0 0
    97 | Mon Dec 27 12:59:14 PST 2010 - Mon Dec 27 12:59:15 PST 2010 | CTL_Filter.py --time=0.1 --type=CTL1 --size=5 --offset=0 | 0 0 0 0
    98 | Mon Dec 27 12:59:15 PST 2010 - Mon Dec 27 12:59:16 PST 2010 | CTL_Filter.py --time=0.1 --type=CTL1 --size=5 --offset=1 | 0 0 0 0
    99 | Mon Dec 27 12:59:16 PST 2010 - Mon Dec 27 12:59:17 PST 2010 | CTL_Filter.py --time=0.1 --type=CTL1 --size=5 --offset=2 | 0 0 0 0
   100 | Mon Dec 27 12:59:17 PST 2010 - Mon Dec 27 12:59:19 PST 2010 | CTL_Filter.py --time=0.1 --type=CTL1 --size=5 --offset=3 | 0 0 0 0
   101 | Mon Dec 27 12:59:19 PST 2010 - Mon Dec 27 12:59:20 PST 2010 | CTL_Filter.py --time=0.1 --type=CTL1 --size=5 --offset=4 | 0 0 0 0
   102 | Mon Dec 27 12:59:20 PST 2010 - Mon Dec 27 12:59:21 PST 2010 | CTL_Filter.py --time=0.1 --type=CTL2 --size=5 --offset=0 | 0 0 0 0
   103 | Mon Dec 27 12:59:21 PST 2010 - Mon Dec 27 12:59:22 PST 2010 | CTL_Filter.py --time=0.1 --type=CTL2 --size=5 --offset=1 | 0 0 0 0
   104 | Mon Dec 27 12:59:22 PST 2010 - Mon Dec 27 12:59:23 PST 2010 | CTL_Filter.py --time=0.1 --type=CTL2 --size=5 --offset=2 | 0 0 0 0
   105 | Mon Dec 27 12:59:23 PST 2010 - Mon Dec 27 12:59:24 PST 2010 | CTL_Filter.py --time=0.1 --type=CTL2 --size=5 --offset=3 | 0 0 0 0
   106 | Mon Dec 27 12:59:24 PST 2010 - Mon Dec 27 12:59:25 PST 2010 | CTL_Filter.py --time=0.1 --type=CTL2 --size=5 --offset=4 | 0 0 0 0
   107 | Mon Dec 27 12:59:26 PST 2010 - Mon Dec 27 12:59:27 PST 2010 | CTL_Filter.py --time=0.1 --type=CTL3 --size=5 --offset=0 | 0 0 0 0
   108 | Mon Dec 27 12:59:27 PST 2010 - Mon Dec 27 12:59:28 PST 2010 | CTL_Filter.py --time=0.1 --type=CTL3 --size=5 --offset=1 | 0 0 0 0
   109 | Mon Dec 27 12:59:28 PST 2010 - Mon Dec 27 12:59:29 PST 2010 | CTL_Filter.py --time=0.1 --type=CTL3 --size=5 --offset=2 | 0 0 0 0
   110 | Mon Dec 27 12:59:29 PST 2010 - Mon Dec 27 12:59:30 PST 2010 | CTL_Filter.py --time=0.1 --type=CTL3 --size=5 --offset=3 | 0 0 0 0
   111 | Mon Dec 27 12:59:30 PST 2010 - Mon Dec 27 12:59:31 PST 2010 | CTL_Filter.py --time=0.1 --type=CTL3 --size=5 --offset=4 | 0 0 0 0
   112 | Mon Dec 27 12:59:31 PST 2010 - Mon Dec 27 12:59:32 PST 2010 | CTL_Filter.py --time=0.1 --type=CTL4 --size=5 --offset=0 | 0 0 0 0
   113 | Mon Dec 27 12:59:32 PST 2010 - Mon Dec 27 12:59:34 PST 2010 | CTL_Filter.py --time=0.1 --type=CTL4 --size=5 --offset=1 | 0 0 0 0
   114 | Mon Dec 27 12:59:34 PST 2010 - Mon Dec 27 12:59:35 PST 2010 | CTL_Filter.py --time=0.1 --type=CTL4 --size=5 --offset=2 | 0 0 0 0
   115 | Mon Dec 27 12:59:35 PST 2010 - Mon Dec 27 12:59:36 PST 2010 | CTL_Filter.py --time=0.1 --type=CTL4 --size=5 --offset=3 | 0 0 0 0
   116 | Mon Dec 27 12:59:36 PST 2010 - Mon Dec 27 12:59:37 PST 2010 | CTL_Filter.py --time=0.1 --type=CTL4 --size=5 --offset=4 | 0 0 0 0
   117 | Mon Dec 27 12:59:37 PST 2010 - Mon Dec 27 12:59:38 PST 2010 | CTL_Filter.py --time=0.1 --type=CTL1 --size=6 --offset=0 | 0 0 0 0
   118 | Mon Dec 27 12:59:38 PST 2010 - Mon Dec 27 12:59:39 PST 2010 | CTL_Filter.py --time=0.1 --type=CTL1 --size=6 --offset=1 | 0 0 0 0
   119 | Mon Dec 27 12:59:39 PST 2010 - Mon Dec 27 12:59:40 PST 2010 | CTL_Filter.py --time=0.1 --type=CTL1 --size=6 --offset=2 | 0 0 0 0
   120 | Mon Dec 27 12:59:40 PST 2010 - Mon Dec 27 12:59:42 PST 2010 | CTL_Filter.py --time=0.1 --type=CTL1 --size=6 --offset=3 | 0 0 0 0
   121 | Mon Dec 27 12:59:42 PST 2010 - Mon Dec 27 12:59:43 PST 2010 | CTL_Filter.py --time=0.1 --type=CTL1 --size=6 --offset=4 | 0 0 0 0
   122 | Mon Dec 27 12:59:43 PST 2010 - Mon Dec 27 12:59:44 PST 2010 | CTL_Filter.py --time=0.1 --type=CTL1 --size=6 --offset=5 | 0 0 0 0
   123 | Mon Dec 27 12:59:44 PST 2010 - Mon Dec 27 12:59:45 PST 2010 | CTL_Filter.py --time=0.1 --type=CTL2 --size=6 --offset=0 | 0 0 0 0
   124 | Mon Dec 27 12:59:45 PST 2010 - Mon Dec 27 12:59:46 PST 2010 | CTL_Filter.py --time=0.1 --type=CTL2 --size=6 --offset=1 | 0 0 0 0
   125 | Mon Dec 27 12:59:46 PST 2010 - Mon Dec 27 12:59:47 PST 2010 | CTL_Filter.py --time=0.1 --type=CTL2 --size=6 --offset=2 | 0 0 0 0
   126 | Mon Dec 27 12:59:47 PST 2010 - Mon Dec 27 12:59:49 PST 2010 | CTL_Filter.py --time=0.1 --type=CTL2 --size=6 --offset=3 | 0 0 0 0
   127 | Mon Dec 27 12:59:49 PST 2010 - Mon Dec 27 12:59:50 PST 2010 | CTL_Filter.py --time=0.1 --type=CTL2 --size=6 --offset=4 | 0 0 0 0
   128 | Mon Dec 27 12:59:50 PST 2010 - Mon Dec 27 12:59:51 PST 2010 | CTL_Filter.py --time=0.1 --type=CTL2 --size=6 --offset=5 | 0 0 0 0
   129 | Mon Dec 27 12:59:51 PST 2010 - Mon Dec 27 12:59:52 PST 2010 | CTL_Filter.py --time=0.1 --type=CTL3 --size=6 --offset=0 | 0 0 0 0
   130 | Mon Dec 27 12:59:52 PST 2010 - Mon Dec 27 12:59:53 PST 2010 | CTL_Filter.py --time=0.1 --type=CTL3 --size=6 --offset=1 | 0 0 0 0
   131 | Mon Dec 27 12:59:53 PST 2010 - Mon Dec 27 12:59:54 PST 2010 | CTL_Filter.py --time=0.1 --type=CTL3 --size=6 --offset=2 | 0 0 0 0
   132 | Mon Dec 27 12:59:54 PST 2010 - Mon Dec 27 12:59:55 PST 2010 | CTL_Filter.py --time=0.1 --type=CTL3 --size=6 --offset=3 | 0 0 0 0
   133 | Mon Dec 27 12:59:55 PST 2010 - Mon Dec 27 12:59:57 PST 2010 | CTL_Filter.py --time=0.1 --type=CTL3 --size=6 --offset=4 | 0 0 0 0
   134 | Mon Dec 27 12:59:57 PST 2010 - Mon Dec 27 12:59:58 PST 2010 | CTL_Filter.py --time=0.1 --type=CTL3 --size=6 --offset=5 | 0 0 0 0
   135 | Mon Dec 27 12:59:58 PST 2010 - Mon Dec 27 12:59:59 PST 2010 | CTL_Filter.py --time=0.1 --type=CTL4 --size=6 --offset=0 | 0 0 0 0
   136 | Mon Dec 27 12:59:59 PST 2010 - Mon Dec 27 13:00:00 PST 2010 | CTL_Filter.py --time=0.1 --type=CTL4 --size=6 --offset=1 | 0 0 0 0
   137 | Mon Dec 27 13:00:00 PST 2010 - Mon Dec 27 13:00:01 PST 2010 | CTL_Filter.py --time=0.1 --type=CTL4 --size=6 --offset=2 | 0 0 0 0
   138 | Mon Dec 27 13:00:01 PST 2010 - Mon Dec 27 13:00:02 PST 2010 | CTL_Filter.py --time=0.1 --type=CTL4 --size=6 --offset=3 | 0 0 0 0
   139 | Mon Dec 27 13:00:02 PST 2010 - Mon Dec 27 13:00:03 PST 2010 | CTL_Filter.py --time=0.1 --type=CTL4 --size=6 --offset=4 | 0 0 0 0
   140 | Mon Dec 27 13:00:03 PST 2010 - Mon Dec 27 13:00:05 PST 2010 | CTL_Filter.py --time=0.1 --type=CTL4 --size=6 --offset=5 | 0 0 0 0
   141 | Mon Dec 27 13:00:05 PST 2010 - Mon Dec 27 13:00:07 PST 2010 | Macro_Simulator_Filter.py --recursive --time=0.1 --steps=10000 --size=9 | 0 0 0 0
   142 | Mon Dec 27 13:00:07 PST 2010 - Mon Dec 27 13:00:09 PST 2010 | Macro_Simulator_Filter.py --recursive --time=0.1 --steps=10000 --size=10 | 0 2 0 -2
   143 | Mon Dec 27 13:00:09 PST 2010 - Mon Dec 27 13:00:10 PST 2010 | Macro_Simulator_Filter.py --recursive --time=0.1 --steps=10000 --size=11 | 0 0 0 0
   144 | Mon Dec 27 13:00:10 PST 2010 - Mon Dec 27 13:00:12 PST 2010 | Macro_Simulator_Filter.py --recursive --time=0.1 --steps=10000 --size=12 | 0 0 0 0
   145 | Mon Dec 27 13:00:12 PST 2010 - Mon Dec 27 13:00:14 PST 2010 | Macro_Simulator_Filter.py --recursive --time=0.1 --steps=10000 --size=13 | 0 2 0 -2
   146 | Mon Dec 27 13:00:14 PST 2010 - Mon Dec 27 13:00:15 PST 2010 | Macro_Simulator_Filter.py --recursive --time=0.1 --steps=10000 --size=14 | 0 1 0 -1
   147 | Mon Dec 27 13:00:15 PST 2010 - Mon Dec 27 13:00:16 PST 2010 | Macro_Simulator_Filter.py --recursive --time=0.1 --steps=10000 --size=15 | 0 0 0 0
   148 | Mon Dec 27 13:00:16 PST 2010 - Mon Dec 27 13:00:18 PST 2010 | Macro_Simulator_Filter.py --recursive --time=0.1 --steps=10000 --size=16 | 0 0 0 0
   149 | Mon Dec 27 13:00:18 PST 2010 - Mon Dec 27 13:00:19 PST 2010 | Macro_Simulator_Filter.py --recursive --time=0.1 --steps=10000 --size=17 | 0 0 0 0
   150 | Mon Dec 27 13:00:19 PST 2010 - Mon Dec 27 13:00:20 PST 2010 | Macro_Simulator_Filter.py --recursive --time=0.1 --steps=10000 --size=18 | 0 0 0 0
   151 | Mon Dec 27 13:00:20 PST 2010 - Mon Dec 27 13:00:23 PST 2010 | Macro_Simulator_Filter.py --recursive --time=0.1 --steps=10000 --size=19 | 0 0 0 0
   152 | Mon Dec 27 13:00:23 PST 2010 - Mon Dec 27 13:00:24 PST 2010 | Macro_Simulator_Filter.py --recursive --time=0.1 --steps=10000 --size=20 | 0 0 0 0
   153 | Mon Dec 27 13:00:24 PST 2010 - Mon Dec 27 13:00:26 PST 2010 | Macro_Simulator_Filter.py --recursive --time=0.1 --steps=10000 --size=21 | 0 0 0 0
   154 | Mon Dec 27 13:00:26 PST 2010 - Mon Dec 27 13:00:27 PST 2010 | Macro_Simulator_Filter.py --recursive --time=0.1 --steps=10000 --size=22 | 0 0 0 0
   155 | Mon Dec 27 13:00:27 PST 2010 - Mon Dec 27 13:00:28 PST 2010 | Macro_Simulator_Filter.py --recursive --time=0.1 --steps=10000 --size=23 | 0 0 0 0
   156 | Mon Dec 27 13:00:28 PST 2010 - Mon Dec 27 13:00:30 PST 2010 | Macro_Simulator_Filter.py --recursive --time=0.1 --steps=10000 --size=24 | 0 0 0 0
   157 | Mon Dec 27 13:00:30 PST 2010 - Mon Dec 27 13:00:31 PST 2010 | Macro_Simulator_Filter.py --recursive --time=0.1 --steps=10000 --size=25 | 0 0 0 0
   158 | Tue Dec 28 14:03:17 PST 2010 - Tue Dec 28 14:03:27 PST 2010 | Macro_Simulator_Filter.py --recursive --time=1.0 --steps=1000000000000000000 --size=1 | 0 0 0 0
   159 | Tue Dec 28 14:03:27 PST 2010 - Tue Dec 28 14:03:38 PST 2010 | Macro_Simulator_Filter.py --recursive --time=1.0 --steps=1000000000000000000 --size=2 | 0 0 0 0
   160 | Tue Dec 28 14:03:38 PST 2010 - Tue Dec 28 14:03:48 PST 2010 | Macro_Simulator_Filter.py --recursive --time=1.0 --steps=1000000000000000000 --size=3 | 0 0 0 0
   161 | Tue Dec 28 14:03:48 PST 2010 - Tue Dec 28 14:03:59 PST 2010 | Macro_Simulator_Filter.py --recursive --time=1.0 --steps=1000000000000000000 --size=4 | 0 0 0 0
   162 | Tue Dec 28 14:03:59 PST 2010 - Tue Dec 28 14:04:09 PST 2010 | Macro_Simulator_Filter.py --recursive --time=1.0 --steps=1000000000000000000 --size=5 | 0 0 0 0
   163 | Tue Dec 28 14:04:09 PST 2010 - Tue Dec 28 14:04:20 PST 2010 | Macro_Simulator_Filter.py --recursive --time=1.0 --steps=1000000000000000000 --size=6 | 0 0 0 0
   164 | Tue Dec 28 14:04:20 PST 2010 - Tue Dec 28 14:04:30 PST 2010 | Macro_Simulator_Filter.py --recursive --time=1.0 --steps=1000000000000000000 --size=7 | 0 0 0 0
   165 | Tue Dec 28 14:04:30 PST 2010 - Tue Dec 28 14:04:41 PST 2010 | Macro_Simulator_Filter.py --recursive --time=1.0 --steps=1000000000000000000 --size=8 | 0 0 0 0
   166 | Tue Dec 28 14:04:41 PST 2010 - Tue Dec 28 14:04:52 PST 2010 | Macro_Simulator_Filter.py --recursive --time=1.0 --steps=1000000000000000000 --size=9 | 0 0 0 0
   167 | Tue Dec 28 14:04:52 PST 2010 - Tue Dec 28 14:05:02 PST 2010 | Macro_Simulator_Filter.py --recursive --time=1.0 --steps=1000000000000000000 --size=10 | 0 1 0 -1
   168 | Tue Dec 28 14:05:02 PST 2010 - Tue Dec 28 14:05:12 PST 2010 | Macro_Simulator_Filter.py --recursive --time=1.0 --steps=1000000000000000000 --size=11 | 0 0 0 0
   169 | Tue Dec 28 14:05:12 PST 2010 - Tue Dec 28 14:05:22 PST 2010 | Macro_Simulator_Filter.py --recursive --time=1.0 --steps=1000000000000000000 --size=12 | 0 0 0 0
   170 | Tue Dec 28 14:05:22 PST 2010 - Tue Dec 28 14:05:33 PST 2010 | Macro_Simulator_Filter.py --recursive --time=1.0 --steps=1000000000000000000 --size=13 | 0 0 0 0
   171 | Tue Dec 28 14:05:33 PST 2010 - Tue Dec 28 14:05:43 PST 2010 | Macro_Simulator_Filter.py --recursive --time=1.0 --steps=1000000000000000000 --size=14 | 0 0 0 0
   172 | Tue Dec 28 14:05:43 PST 2010 - Tue Dec 28 14:05:53 PST 2010 | Macro_Simulator_Filter.py --recursive --time=1.0 --steps=1000000000000000000 --size=15 | 0 1 0 -1
   173 | Tue Dec 28 14:05:53 PST 2010 - Tue Dec 28 14:06:03 PST 2010 | Macro_Simulator_Filter.py --recursive --time=1.0 --steps=1000000000000000000 --size=16 | 0 0 0 0
   174 | Tue Dec 28 14:06:03 PST 2010 - Tue Dec 28 14:06:14 PST 2010 | Macro_Simulator_Filter.py --recursive --time=1.0 --steps=1000000000000000000 --size=17 | 0 0 0 0
   175 | Tue Dec 28 14:06:14 PST 2010 - Tue Dec 28 14:06:24 PST 2010 | Macro_Simulator_Filter.py --recursive --time=1.0 --steps=1000000000000000000 --size=18 | 0 0 0 0
   176 | Tue Dec 28 14:06:24 PST 2010 - Tue Dec 28 14:06:34 PST 2010 | Macro_Simulator_Filter.py --recursive --time=1.0 --steps=1000000000000000000 --size=19 | 0 0 0 0
   177 | Tue Dec 28 14:06:34 PST 2010 - Tue Dec 28 14:06:44 PST 2010 | Macro_Simulator_Filter.py --recursive --time=1.0 --steps=1000000000000000000 --size=20 | 0 0 0 0
   178 | Tue Dec 28 14:06:44 PST 2010 - Tue Dec 28 14:06:54 PST 2010 | Macro_Simulator_Filter.py --recursive --time=1.0 --steps=1000000000000000000 --size=21 | 0 0 0 0
   179 | Tue Dec 28 14:06:54 PST 2010 - Tue Dec 28 14:07:04 PST 2010 | Macro_Simulator_Filter.py --recursive --time=1.0 --steps=1000000000000000000 --size=22 | 0 0 0 0
   180 | Tue Dec 28 14:07:04 PST 2010 - Tue Dec 28 14:07:14 PST 2010 | Macro_Simulator_Filter.py --recursive --time=1.0 --steps=1000000000000000000 --size=23 | 0 0 0 0
   181 | Tue Dec 28 14:07:14 PST 2010 - Tue Dec 28 14:07:24 PST 2010 | Macro_Simulator_Filter.py --recursive --time=1.0 --steps=1000000000000000000 --size=24 | 0 0 0 0
   182 | Tue Dec 28 14:07:24 PST 2010 - Tue Dec 28 14:07:35 PST 2010 | Macro_Simulator_Filter.py --recursive --time=1.0 --steps=1000000000000000000 --size=25 | 0 0 0 0
   183 | Tue Dec 28 14:17:52 PST 2010 - Tue Dec 28 14:17:53 PST 2010 | CTL_Filter.py --time=1.0 --type=CTL1 --size=1 --offset=0 | 0 0 0 0
   184 | Tue Dec 28 14:17:53 PST 2010 - Tue Dec 28 14:17:54 PST 2010 | CTL_Filter.py --time=1.0 --type=CTL2 --size=1 --offset=0 | 0 0 0 0
   185 | Tue Dec 28 14:17:54 PST 2010 - Tue Dec 28 14:17:55 PST 2010 | CTL_Filter.py --time=1.0 --type=CTL3 --size=1 --offset=0 | 0 0 0 0
   186 | Tue Dec 28 14:17:56 PST 2010 - Tue Dec 28 14:17:57 PST 2010 | CTL_Filter.py --time=1.0 --type=CTL4 --size=1 --offset=0 | 0 0 0 0
   187 | Tue Dec 28 14:17:57 PST 2010 - Tue Dec 28 14:17:58 PST 2010 | CTL_Filter.py --time=1.0 --type=CTL1 --size=2 --offset=0 | 0 0 0 0
   188 | Tue Dec 28 14:17:58 PST 2010 - Tue Dec 28 14:17:59 PST 2010 | CTL_Filter.py --time=1.0 --type=CTL1 --size=2 --offset=1 | 0 0 0 0
   189 | Tue Dec 28 14:17:59 PST 2010 - Tue Dec 28 14:18:00 PST 2010 | CTL_Filter.py --time=1.0 --type=CTL2 --size=2 --offset=0 | 0 0 0 0
   190 | Tue Dec 28 14:18:00 PST 2010 - Tue Dec 28 14:18:01 PST 2010 | CTL_Filter.py --time=1.0 --type=CTL2 --size=2 --offset=1 | 0 0 0 0
   191 | Tue Dec 28 14:18:01 PST 2010 - Tue Dec 28 14:18:02 PST 2010 | CTL_Filter.py --time=1.0 --type=CTL3 --size=2 --offset=0 | 0 0 0 0
   192 | Tue Dec 28 14:18:02 PST 2010 - Tue Dec 28 14:18:04 PST 2010 | CTL_Filter.py --time=1.0 --type=CTL3 --size=2 --offset=1 | 0 0 0 0
   193 | Tue Dec 28 14:18:04 PST 2010 - Tue Dec 28 14:18:05 PST 2010 | CTL_Filter.py --time=1.0 --type=CTL4 --size=2 --offset=0 | 0 0 0 0
   194 | Tue Dec 28 14:18:05 PST 2010 - Tue Dec 28 14:18:06 PST 2010 | CTL_Filter.py --time=1.0 --type=CTL4 --size=2 --offset=1 | 0 0 0 0
   195 | Tue Dec 28 14:18:06 PST 2010 - Tue Dec 28 14:18:07 PST 2010 | CTL_Filter.py --time=1.0 --type=CTL1 --size=3 --offset=0 | 0 0 0 0
   196 | Tue Dec 28 14:18:07 PST 2010 - Tue Dec 28 14:18:08 PST 2010 | CTL_Filter.py --time=1.0 --type=CTL1 --size=3 --offset=1 | 0 0 0 0
   197 | Tue Dec 28 14:18:08 PST 2010 - Tue Dec 28 14:18:09 PST 2010 | CTL_Filter.py --time=1.0 --type=CTL1 --size=3 --offset=2 | 0 0 0 0
   198 | Tue Dec 28 14:18:09 PST 2010 - Tue Dec 28 14:18:11 PST 2010 | CTL_Filter.py --time=1.0 --type=CTL2 --size=3 --offset=0 | 0 0 0 0
   199 | Tue Dec 28 14:18:11 PST 2010 - Tue Dec 28 14:18:12 PST 2010 | CTL_Filter.py --time=1.0 --type=CTL2 --size=3 --offset=1 | 0 0 0 0
   200 | Tue Dec 28 14:18:12 PST 2010 - Tue Dec 28 14:18:13 PST 2010 | CTL_Filter.py --time=1.0 --type=CTL2 --size=3 --offset=2 | 0 0 0 0
   201 | Tue Dec 28 14:18:13 PST 2010 - Tue Dec 28 14:18:14 PST 2010 | CTL_Filter.py --time=1.0 --type=CTL3 --size=3 --offset=0 | 0 0 0 0
   202 | Tue Dec 28 14:18:14 PST 2010 - Tue Dec 28 14:18:15 PST 2010 | CTL_Filter.py --time=1.0 --type=CTL3 --size=3 --offset=1 | 0 0 0 0
   203 | Tue Dec 28 14:18:15 PST 2010 - Tue Dec 28 14:18:16 PST 2010 | CTL_Filter.py --time=1.0 --type=CTL3 --size=3 --offset=2 | 0 0 0 0
   204 | Tue Dec 28 14:18:16 PST 2010 - Tue Dec 28 14:18:18 PST 2010 | CTL_Filter.py --time=1.0 --type=CTL4 --size=3 --offset=0 | 0 0 0 0
   205 | Tue Dec 28 14:18:18 PST 2010 - Tue Dec 28 14:18:19 PST 2010 | CTL_Filter.py --time=1.0 --type=CTL4 --size=3 --offset=1 | 0 0 0 0
   206 | Tue Dec 28 14:18:19 PST 2010 - Tue Dec 28 14:18:20 PST 2010 | CTL_Filter.py --time=1.0 --type=CTL4 --size=3 --offset=2 | 0 0 0 0
   207 | Tue Dec 28 14:18:20 PST 2010 - Tue Dec 28 14:18:21 PST 2010 | CTL_Filter.py --time=1.0 --type=CTL1 --size=4 --offset=0 | 0 0 0 0
   208 | Tue Dec 28 14:18:21 PST 2010 - Tue Dec 28 14:18:22 PST 2010 | CTL_Filter.py --time=1.0 --type=CTL1 --size=4 --offset=1 | 0 0 0 0
   209 | Tue Dec 28 14:18:22 PST 2010 - Tue Dec 28 14:18:23 PST 2010 | CTL_Filter.py --time=1.0 --type=CTL1 --size=4 --offset=2 | 0 0 0 0
   210 | Tue Dec 28 14:18:23 PST 2010 - Tue Dec 28 14:18:25 PST 2010 | CTL_Filter.py --time=1.0 --type=CTL1 --size=4 --offset=3 | 0 0 0 0
   211 | Tue Dec 28 14:18:25 PST 2010 - Tue Dec 28 14:18:26 PST 2010 | CTL_Filter.py --time=1.0 --type=CTL2 --size=4 --offset=0 | 0 0 0 0
   212 | Tue Dec 28 14:18:26 PST 2010 - Tue Dec 28 14:18:27 PST 2010 | CTL_Filter.py --time=1.0 --type=CTL2 --size=4 --offset=1 | 0 0 0 0
   213 | Tue Dec 28 14:18:27 PST 2010 - Tue Dec 28 14:18:28 PST 2010 | CTL_Filter.py --time=1.0 --type=CTL2 --size=4 --offset=2 | 0 0 0 0
   214 | Tue Dec 28 14:18:28 PST 2010 - Tue Dec 28 14:18:29 PST 2010 | CTL_Filter.py --time=1.0 --type=CTL2 --size=4 --offset=3 | 0 0 0 0
   215 | Tue Dec 28 14:18:29 PST 2010 - Tue Dec 28 14:18:30 PST 2010 | CTL_Filter.py --time=1.0 --type=CTL3 --size=4 --offset=0 | 0 0 0 0
   216 | Tue Dec 28 14:18:30 PST 2010 - Tue Dec 28 14:18:31 PST 2010 | CTL_Filter.py --time=1.0 --type=CTL3 --size=4 --offset=1 | 0 0 0 0
   217 | Tue Dec 28 14:18:31 PST 2010 - Tue Dec 28 14:18:33 PST 2010 | CTL_Filter.py --time=1.0 --type=CTL3 --size=4 --offset=2 | 0 0 0 0
   218 | Tue Dec 28 14:18:33 PST 2010 - Tue Dec 28 14:18:34 PST 2010 | CTL_Filter.py --time=1.0 --type=CTL3 --size=4 --offset=3 | 0 0 0 0
   219 | Tue Dec 28 14:18:34 PST 2010 - Tue Dec 28 14:18:35 PST 2010 | CTL_Filter.py --time=1.0 --type=CTL4 --size=4 --offset=0 | 0 0 0 0
   220 | Tue Dec 28 14:18:35 PST 2010 - Tue Dec 28 14:18:36 PST 2010 | CTL_Filter.py --time=1.0 --type=CTL4 --size=4 --offset=1 | 0 0 0 0
   221 | Tue Dec 28 14:18:36 PST 2010 - Tue Dec 28 14:18:37 PST 2010 | CTL_Filter.py --time=1.0 --type=CTL4 --size=4 --offset=2 | 0 0 0 0
   222 | Tue Dec 28 14:18:37 PST 2010 - Tue Dec 28 14:18:38 PST 2010 | CTL_Filter.py --time=1.0 --type=CTL4 --size=4 --offset=3 | 0 0 0 0
   223 | Tue Dec 28 14:18:38 PST 2010 - Tue Dec 28 14:18:40 PST 2010 | CTL_Filter.py --time=1.0 --type=CTL1 --size=5 --offset=0 | 0 0 0 0
   224 | Tue Dec 28 14:18:40 PST 2010 - Tue Dec 28 14:18:41 PST 2010 | CTL_Filter.py --time=1.0 --type=CTL1 --size=5 --offset=1 | 0 0 0 0
   225 | Tue Dec 28 14:18:41 PST 2010 - Tue Dec 28 14:18:42 PST 2010 | CTL_Filter.py --time=1.0 --type=CTL1 --size=5 --offset=2 | 0 0 0 0
   226 | Tue Dec 28 14:18:42 PST 2010 - Tue Dec 28 14:18:43 PST 2010 | CTL_Filter.py --time=1.0 --type=CTL1 --size=5 --offset=3 | 0 0 0 0
   227 | Tue Dec 28 14:18:43 PST 2010 - Tue Dec 28 14:18:44 PST 2010 | CTL_Filter.py --time=1.0 --type=CTL1 --size=5 --offset=4 | 0 0 0 0
   228 | Tue Dec 28 14:18:44 PST 2010 - Tue Dec 28 14:18:46 PST 2010 | CTL_Filter.py --time=1.0 --type=CTL2 --size=5 --offset=0 | 0 1 0 -1
   229 | Tue Dec 28 14:18:46 PST 2010 - Tue Dec 28 14:18:49 PST 2010 | CTL_Filter.py --time=1.0 --type=CTL2 --size=5 --offset=1 | 0 0 0 0
   230 | Tue Dec 28 14:18:49 PST 2010 - Tue Dec 28 14:18:51 PST 2010 | CTL_Filter.py --time=1.0 --type=CTL2 --size=5 --offset=2 | 0 0 0 0
   231 | Tue Dec 28 14:18:51 PST 2010 - Tue Dec 28 14:18:53 PST 2010 | CTL_Filter.py --time=1.0 --type=CTL2 --size=5 --offset=3 | 0 0 0 0
   232 | Tue Dec 28 14:18:53 PST 2010 - Tue Dec 28 14:18:55 PST 2010 | CTL_Filter.py --time=1.0 --type=CTL2 --size=5 --offset=4 | 0 0 0 0
   233 | Tue Dec 28 14:18:55 PST 2010 - Tue Dec 28 14:18:56 PST 2010 | CTL_Filter.py --time=1.0 --type=CTL3 --size=5 --offset=0 | 0 0 0 0
   234 | Tue Dec 28 14:18:56 PST 2010 - Tue Dec 28 14:18:59 PST 2010 | CTL_Filter.py --time=1.0 --type=CTL3 --size=5 --offset=1 | 0 0 0 0
   235 | Tue Dec 28 14:18:59 PST 2010 - Tue Dec 28 14:19:01 PST 2010 | CTL_Filter.py --time=1.0 --type=CTL3 --size=5 --offset=2 | 0 0 0 0
   236 | Tue Dec 28 14:19:01 PST 2010 - Tue Dec 28 14:19:03 PST 2010 | CTL_Filter.py --time=1.0 --type=CTL3 --size=5 --offset=3 | 0 0 0 0
   237 | Tue Dec 28 14:19:03 PST 2010 - Tue Dec 28 14:19:05 PST 2010 | CTL_Filter.py --time=1.0 --type=CTL3 --size=5 --offset=4 | 0 0 0 0
   238 | Tue Dec 28 14:19:05 PST 2010 - Tue Dec 28 14:19:07 PST 2010 | CTL_Filter.py --time=1.0 --type=CTL4 --size=5 --offset=0 | 0 1 0 -1
   239 | Tue Dec 28 14:19:07 PST 2010 - Tue Dec 28 14:19:09 PST 2010 | CTL_Filter.py --time=1.0 --type=CTL4 --size=5 --offset=1 | 0 0 0 0
   240 | Tue Dec 28 14:19:10 PST 2010 - Tue Dec 28 14:19:12 PST 2010 | CTL_Filter.py --time=1.0 --type=CTL4 --size=5 --offset=2 | 0 0 0 0
   241 | Tue Dec 28 14:19:12 PST 2010 - Tue Dec 28 14:19:14 PST 2010 | CTL_Filter.py --time=1.0 --type=CTL4 --size=5 --offset=3 | 0 0 0 0
   242 | Tue Dec 28 14:19:14 PST 2010 - Tue Dec 28 14:19:16 PST 2010 | CTL_Filter.py --time=1.0 --type=CTL4 --size=5 --offset=4 | 0 0 0 0
   243 | Tue Dec 28 14:19:16 PST 2010 - Tue Dec 28 14:19:18 PST 2010 | CTL_Filter.py --time=1.0 --type=CTL1 --size=6 --offset=0 | 0 0 0 0
   244 | Tue Dec 28 14:19:18 PST 2010 - Tue Dec 28 14:19:20 PST 2010 | CTL_Filter.py --time=1.0 --type=CTL1 --size=6 --offset=1 | 0 0 0 0
   245 | Tue Dec 28 14:19:20 PST 2010 - Tue Dec 28 14:19:23 PST 2010 | CTL_Filter.py --time=1.0 --type=CTL1 --size=6 --offset=2 | 0 0 0 0
   246 | Tue Dec 28 14:19:23 PST 2010 - Tue Dec 28 14:19:24 PST 2010 | CTL_Filter.py --time=1.0 --type=CTL1 --size=6 --offset=3 | 0 0 0 0
   247 | Tue Dec 28 14:19:24 PST 2010 - Tue Dec 28 14:19:25 PST 2010 | CTL_Filter.py --time=1.0 --type=CTL1 --size=6 --offset=4 | 0 0 0 0
   248 | Tue Dec 28 14:19:25 PST 2010 - Tue Dec 28 14:19:27 PST 2010 | CTL_Filter.py --time=1.0 --type=CTL1 --size=6 --offset=5 | 0 0 0 0
   249 | Tue Dec 28 14:19:27 PST 2010 - Tue Dec 28 14:19:30 PST 2010 | CTL_Filter.py --time=1.0 --type=CTL2 --size=6 --offset=0 | 0 1 0 -1
   250 | Tue Dec 28 14:19:30 PST 2010 - Tue Dec 28 14:19:33 PST 2010 | CTL_Filter.py --time=1.0 --type=CTL2 --size=6 --offset=1 | 0 0 0 0
   251 | Tue Dec 28 14:19:33 PST 2010 - Tue Dec 28 14:19:36 PST 2010 | CTL_Filter.py --time=1.0 --type=CTL2 --size=6 --offset=2 | 0 0 0 0
   252 | Tue Dec 28 14:19:36 PST 2010 - Tue Dec 28 14:19:38 PST 2010 | CTL_Filter.py --time=1.0 --type=CTL2 --size=6 --offset=3 | 0 0 0 0
   253 | Tue Dec 28 14:19:38 PST 2010 - Tue Dec 28 14:19:41 PST 2010 | CTL_Filter.py --time=1.0 --type=CTL2 --size=6 --offset=4 | 0 0 0 0
   254 | Tue Dec 28 14:19:41 PST 2010 - Tue Dec 28 14:19:44 PST 2010 | CTL_Filter.py --time=1.0 --type=CTL2 --size=6 --offset=5 | 0 0 0 0
   255 | Tue Dec 28 14:19:44 PST 2010 - Tue Dec 28 14:19:48 PST 2010 | CTL_Filter.py --time=1.0 --type=CTL3 --size=6 --offset=0 | 0 0 0 0
   256 | Tue Dec 28 14:19:48 PST 2010 - Tue Dec 28 14:19:50 PST 2010 | CTL_Filter.py --time=1.0 --type=CTL3 --size=6 --offset=1 | 0 0 0 0
   257 | Tue Dec 28 14:19:50 PST 2010 - Tue Dec 28 14:19:53 PST 2010 | CTL_Filter.py --time=1.0 --type=CTL3 --size=6 --offset=2 | 0 0 0 0
   258 | Tue Dec 28 14:19:53 PST 2010 - Tue Dec 28 14:19:55 PST 2010 | CTL_Filter.py --time=1.0 --type=CTL3 --size=6 --offset=3 | 0 0 0 0
   259 | Tue Dec 28 14:19:55 PST 2010 - Tue Dec 28 14:19:57 PST 2010 | CTL_Filter.py --time=1.0 --type=CTL3 --size=6 --offset=4 | 0 0 0 0
   260 | Tue Dec 28 14:19:57 PST 2010 - Tue Dec 28 14:20:00 PST 2010 | CTL_Filter.py --time=1.0 --type=CTL3 --size=6 --offset=5 | 0 0 0 0
   261 | Tue Dec 28 14:20:00 PST 2010 - Tue Dec 28 14:20:03 PST 2010 | CTL_Filter.py --time=1.0 --type=CTL4 --size=6 --offset=0 | 0 0 0 0
   262 | Tue Dec 28 14:20:03 PST 2010 - Tue Dec 28 14:20:05 PST 2010 | CTL_Filter.py --time=1.0 --type=CTL4 --size=6 --offset=1 | 0 0 0 0
   263 | Tue Dec 28 14:20:05 PST 2010 - Tue Dec 28 14:20:08 PST 2010 | CTL_Filter.py --time=1.0 --type=CTL4 --size=6 --offset=2 | 0 0 0 0
   264 | Tue Dec 28 14:20:08 PST 2010 - Tue Dec 28 14:20:11 PST 2010 | CTL_Filter.py --time=1.0 --type=CTL4 --size=6 --offset=3 | 0 0 0 0
   265 | Tue Dec 28 14:20:11 PST 2010 - Tue Dec 28 14:20:15 PST 2010 | CTL_Filter.py --time=1.0 --type=CTL4 --size=6 --offset=4 | 0 0 0 0
   266 | Tue Dec 28 14:20:15 PST 2010 - Tue Dec 28 14:20:18 PST 2010 | CTL_Filter.py --time=1.0 --type=CTL4 --size=6 --offset=5 | 0 0 0 0
   267 | Tue Dec 28 14:21:09 PST 2010 - Tue Dec 28 14:21:11 PST 2010 | CTL_Filter.py --time=1.0 --type=CTL1 --size=7 --offset=0 | 0 0 0 0
   268 | Tue Dec 28 14:21:11 PST 2010 - Tue Dec 28 14:21:13 PST 2010 | CTL_Filter.py --time=1.0 --type=CTL1 --size=7 --offset=1 | 0 0 0 0
   269 | Tue Dec 28 14:21:14 PST 2010 - Tue Dec 28 14:21:16 PST 2010 | CTL_Filter.py --time=1.0 --type=CTL1 --size=7 --offset=2 | 0 0 0 0
   270 | Tue Dec 28 14:21:16 PST 2010 - Tue Dec 28 14:21:18 PST 2010 | CTL_Filter.py --time=1.0 --type=CTL1 --size=7 --offset=3 | 0 0 0 0
   271 | Tue Dec 28 14:21:18 PST 2010 - Tue Dec 28 14:21:20 PST 2010 | CTL_Filter.py --time=1.0 --type=CTL1 --size=7 --offset=4 | 0 0 0 0
   272 | Tue Dec 28 14:21:20 PST 2010 - Tue Dec 28 14:21:22 PST 2010 | CTL_Filter.py --time=1.0 --type=CTL1 --size=7 --offset=5 | 0 0 0 0
   273 | Tue Dec 28 14:21:22 PST 2010 - Tue Dec 28 14:21:24 PST 2010 | CTL_Filter.py --time=1.0 --type=CTL1 --size=7 --offset=6 | 0 0 0 0
   274 | Tue Dec 28 14:21:24 PST 2010 - Tue Dec 28 14:21:28 PST 2010 | CTL_Filter.py --time=1.0 --type=CTL2 --size=7 --offset=0 | 0 0 0 0
   275 | Tue Dec 28 14:21:28 PST 2010 - Tue Dec 28 14:21:31 PST 2010 | CTL_Filter.py --time=1.0 --type=CTL2 --size=7 --offset=1 | 0 0 0 0
   276 | Tue Dec 28 14:21:31 PST 2010 - Tue Dec 28 14:21:34 PST 2010 | CTL_Filter.py --time=1.0 --type=CTL2 --size=7 --offset=2 | 0 0 0 0
   277 | Tue Dec 28 14:21:34 PST 2010 - Tue Dec 28 14:21:37 PST 2010 | CTL_Filter.py --time=1.0 --type=CTL2 --size=7 --offset=3 | 0 0 0 0
   278 | Tue Dec 28 14:21:37 PST 2010 - Tue Dec 28 14:21:41 PST 2010 | CTL_Filter.py --time=1.0 --type=CTL2 --size=7 --offset=4 | 0 0 0 0
   279 | Tue Dec 28 14:21:41 PST 2010 - Tue Dec 28 14:21:44 PST 2010 | CTL_Filter.py --time=1.0 --type=CTL2 --size=7 --offset=5 | 0 0 0 0
   280 | Tue Dec 28 14:21:44 PST 2010 - Tue Dec 28 14:21:47 PST 2010 | CTL_Filter.py --time=1.0 --type=CTL2 --size=7 --offset=6 | 0 0 0 0
   281 | Tue Dec 28 14:21:47 PST 2010 - Tue Dec 28 14:21:50 PST 2010 | CTL_Filter.py --time=1.0 --type=CTL3 --size=7 --offset=0 | 0 0 0 0
   282 | Tue Dec 28 14:21:50 PST 2010 - Tue Dec 28 14:21:53 PST 2010 | CTL_Filter.py --time=1.0 --type=CTL3 --size=7 --offset=1 | 0 0 0 0
   283 | Tue Dec 28 14:21:53 PST 2010 - Tue Dec 28 14:21:57 PST 2010 | CTL_Filter.py --time=1.0 --type=CTL3 --size=7 --offset=2 | 0 0 0 0
   284 | Tue Dec 28 14:21:57 PST 2010 - Tue Dec 28 14:22:00 PST 2010 | CTL_Filter.py --time=1.0 --type=CTL3 --size=7 --offset=3 | 0 0 0 0
   285 | Tue Dec 28 14:22:00 PST 2010 - Tue Dec 28 14:22:03 PST 2010 | CTL_Filter.py --time=1.0 --type=CTL3 --size=7 --offset=4 | 0 0 0 0
   286 | Tue Dec 28 14:22:03 PST 2010 - Tue Dec 28 14:22:06 PST 2010 | CTL_Filter.py --time=1.0 --type=CTL3 --size=7 --offset=5 | 0 0 0 0
   287 | Tue Dec 28 14:22:06 PST 2010 - Tue Dec 28 14:22:08 PST 2010 | CTL_Filter.py --time=1.0 --type=CTL3 --size=7 --offset=6 | 0 0 0 0
   288 | Tue Dec 28 14:22:08 PST 2010 - Tue Dec 28 14:22:12 PST 2010 | CTL_Filter.py --time=1.0 --type=CTL4 --size=7 --offset=0 | 0 0 0 0
   289 | Tue Dec 28 14:22:12 PST 2010 - Tue Dec 28 14:22:15 PST 2010 | CTL_Filter.py --time=1.0 --type=CTL4 --size=7 --offset=1 | 0 0 0 0
   290 | Tue Dec 28 14:22:15 PST 2010 - Tue Dec 28 14:22:18 PST 2010 | CTL_Filter.py --time=1.0 --type=CTL4 --size=7 --offset=2 | 0 0 0 0
   291 | Tue Dec 28 14:22:18 PST 2010 - Tue Dec 28 14:22:21 PST 2010 | CTL_Filter.py --time=1.0 --type=CTL4 --size=7 --offset=3 | 0 0 0 0
   292 | Tue Dec 28 14:22:21 PST 2010 - Tue Dec 28 14:22:24 PST 2010 | CTL_Filter.py --time=1.0 --type=CTL4 --size=7 --offset=4 | 0 0 0 0
   293 | Tue Dec 28 14:22:25 PST 2010 - Tue Dec 28 14:22:28 PST 2010 | CTL_Filter.py --time=1.0 --type=CTL4 --size=7 --offset=5 | 0 0 0 0
   294 | Tue Dec 28 14:22:28 PST 2010 - Tue Dec 28 14:22:31 PST 2010 | CTL_Filter.py --time=1.0 --type=CTL4 --size=7 --offset=6 | 0 0 0 0
   295 | Tue Dec 28 14:22:31 PST 2010 - Tue Dec 28 14:22:34 PST 2010 | CTL_Filter.py --time=1.0 --type=CTL1 --size=8 --offset=0 | 0 0 0 0
   296 | Tue Dec 28 14:22:34 PST 2010 - Tue Dec 28 14:22:37 PST 2010 | CTL_Filter.py --time=1.0 --type=CTL1 --size=8 --offset=1 | 0 0 0 0
   297 | Tue Dec 28 14:22:37 PST 2010 - Tue Dec 28 14:22:42 PST 2010 | CTL_Filter.py --time=1.0 --type=CTL1 --size=8 --offset=2 | 0 0 0 0
   298 | Tue Dec 28 14:22:42 PST 2010 - Tue Dec 28 14:22:46 PST 2010 | CTL_Filter.py --time=1.0 --type=CTL1 --size=8 --offset=3 | 0 0 0 0
   299 | Tue Dec 28 14:22:46 PST 2010 - Tue Dec 28 14:22:50 PST 2010 | CTL_Filter.py --time=1.0 --type=CTL1 --size=8 --offset=4 | 0 0 0 0
   300 | Tue Dec 28 14:22:50 PST 2010 - Tue Dec 28 14:22:54 PST 2010 | CTL_Filter.py --time=1.0 --type=CTL1 --size=8 --offset=5 | 0 0 0 0
   301 | Tue Dec 28 14:22:54 PST 2010 - Tue Dec 28 14:22:58 PST 2010 | CTL_Filter.py --time=1.0 --type=CTL1 --size=8 --offset=6 | 0 0 0 0
   302 | Tue Dec 28 14:22:58 PST 2010 - Tue Dec 28 14:23:02 PST 2010 | CTL_Filter.py --time=1.0 --type=CTL1 --size=8 --offset=7 | 0 0 0 0
   303 | Tue Dec 28 14:23:02 PST 2010 - Tue Dec 28 14:23:05 PST 2010 | CTL_Filter.py --time=1.0 --type=CTL2 --size=8 --offset=0 | 0 0 0 0
   304 | Tue Dec 28 14:23:05 PST 2010 - Tue Dec 28 14:23:08 PST 2010 | CTL_Filter.py --time=1.0 --type=CTL2 --size=8 --offset=1 | 0 0 0 0
   305 | Tue Dec 28 14:23:08 PST 2010 - Tue Dec 28 14:23:11 PST 2010 | CTL_Filter.py --time=1.0 --type=CTL2 --size=8 --offset=2 | 0 0 0 0
   306 | Tue Dec 28 14:23:11 PST 2010 - Tue Dec 28 14:23:17 PST 2010 | CTL_Filter.py --time=1.0 --type=CTL2 --size=8 --offset=3 | 0 0 0 0
   307 | Tue Dec 28 14:23:17 PST 2010 - Tue Dec 28 14:23:21 PST 2010 | CTL_Filter.py --time=1.0 --type=CTL2 --size=8 --offset=4 | 0 0 0 0
   308 | Tue Dec 28 14:23:21 PST 2010 - Tue Dec 28 14:23:25 PST 2010 | CTL_Filter.py --time=1.0 --type=CTL2 --size=8 --offset=5 | 0 0 0 0
   309 | Tue Dec 28 14:23:25 PST 2010 - Tue Dec 28 14:23:29 PST 2010 | CTL_Filter.py --time=1.0 --type=CTL2 --size=8 --offset=6 | 0 0 0 0
   310 | Tue Dec 28 14:23:29 PST 2010 - Tue Dec 28 14:23:33 PST 2010 | CTL_Filter.py --time=1.0 --type=CTL2 --size=8 --offset=7 | 0 0 0 0
   311 | Tue Dec 28 14:23:33 PST 2010 - Tue Dec 28 14:23:37 PST 2010 | CTL_Filter.py --time=1.0 --type=CTL3 --size=8 --offset=0 | 0 0 0 0
   312 | Tue Dec 28 14:23:37 PST 2010 - Tue Dec 28 14:23:41 PST 2010 | CTL_Filter.py --time=1.0 --type=CTL3 --size=8 --offset=1 | 0 0 0 0
   313 | Tue Dec 28 14:23:41 PST 2010 - Tue Dec 28 14:23:46 PST 2010 | CTL_Filter.py --time=1.0 --type=CTL3 --size=8 --offset=2 | 0 0 0 0
   314 | Tue Dec 28 14:23:46 PST 2010 - Tue Dec 28 14:23:51 PST 2010 | CTL_Filter.py --time=1.0 --type=CTL3 --size=8 --offset=3 | 0 0 0 0
   315 | Tue Dec 28 14:23:51 PST 2010 - Tue Dec 28 14:23:55 PST 2010 | CTL_Filter.py --time=1.0 --type=CTL3 --size=8 --offset=4 | 0 0 0 0
   316 | Tue Dec 28 14:23:55 PST 2010 - Tue Dec 28 14:24:00 PST 2010 | CTL_Filter.py --time=1.0 --type=CTL3 --size=8 --offset=5 | 0 0 0 0
   317 | Tue Dec 28 14:24:00 PST 2010 - Tue Dec 28 14:24:04 PST 2010 | CTL_Filter.py --time=1.0 --type=CTL3 --size=8 --offset=6 | 0 0 0 0
   318 | Tue Dec 28 14:24:04 PST 2010 - Tue Dec 28 14:24:08 PST 2010 | CTL_Filter.py --time=1.0 --type=CTL3 --size=8 --offset=7 | 0 0 0 0
   319 | Tue Dec 28 14:24:08 PST 2010 - Tue Dec 28 14:24:11 PST 2010 | CTL_Filter.py --time=1.0 --type=CTL4 --size=8 --offset=0 | 0 0 0 0
   320 | Tue Dec 28 14:24:11 PST 2010 - Tue Dec 28 14:24:15 PST 2010 | CTL_Filter.py --time=1.0 --type=CTL4 --size=8 --offset=1 | 0 0 0 0
   321 | Tue Dec 28 14:24:15 PST 2010 - Tue Dec 28 14:24:18 PST 2010 | CTL_Filter.py --time=1.0 --type=CTL4 --size=8 --offset=2 | 0 0 0 0
   322 | Tue Dec 28 14:24:18 PST 2010 - Tue Dec 28 14:24:23 PST 2010 | CTL_Filter.py --time=1.0 --type=CTL4 --size=8 --offset=3 | 0 0 0 0
   323 | Tue Dec 28 14:24:23 PST 2010 - Tue Dec 28 14:24:27 PST 2010 | CTL_Filter.py --time=1.0 --type=CTL4 --size=8 --offset=4 | 0 0 0 0
   324 | Tue Dec 28 14:24:27 PST 2010 - Tue Dec 28 14:24:32 PST 2010 | CTL_Filter.py --time=1.0 --type=CTL4 --size=8 --offset=5 | 0 0 0 0
   325 | Tue Dec 28 14:24:32 PST 2010 - Tue Dec 28 14:24:36 PST 2010 | CTL_Filter.py --time=1.0 --type=CTL4 --size=8 --offset=6 | 0 0 0 0
   326 | Tue Dec 28 14:24:36 PST 2010 - Tue Dec 28 14:24:40 PST 2010 | CTL_Filter.py --time=1.0 --type=CTL4 --size=8 --offset=7 | 0 0 0 0
   327 | Tue Dec 28 14:24:40 PST 2010 - Tue Dec 28 14:24:43 PST 2010 | CTL_Filter.py --time=1.0 --type=CTL1 --size=9 --offset=0 | 0 0 0 0
   328 | Tue Dec 28 14:24:43 PST 2010 - Tue Dec 28 14:24:46 PST 2010 | CTL_Filter.py --time=1.0 --type=CTL1 --size=9 --offset=1 | 0 0 0 0
   329 | Tue Dec 28 14:24:46 PST 2010 - Tue Dec 28 14:24:50 PST 2010 | CTL_Filter.py --time=1.0 --type=CTL1 --size=9 --offset=2 | 0 0 0 0
   330 | Tue Dec 28 14:24:50 PST 2010 - Tue Dec 28 14:24:53 PST 2010 | CTL_Filter.py --time=1.0 --type=CTL1 --size=9 --offset=3 | 0 0 0 0
   331 | Tue Dec 28 14:24:53 PST 2010 - Tue Dec 28 14:24:56 PST 2010 | CTL_Filter.py --time=1.0 --type=CTL1 --size=9 --offset=4 | 0 0 0 0
   332 | Tue Dec 28 14:24:56 PST 2010 - Tue Dec 28 14:24:58 PST 2010 | CTL_Filter.py --time=1.0 --type=CTL1 --size=9 --offset=5 | 0 0 0 0
   333 | Tue Dec 28 14:24:58 PST 2010 - Tue Dec 28 14:25:00 PST 2010 | CTL_Filter.py --time=1.0 --type=CTL1 --size=9 --offset=6 | 0 0 0 0
   334 | Tue Dec 28 14:25:00 PST 2010 - Tue Dec 28 14:25:04 PST 2010 | CTL_Filter.py --time=1.0 --type=CTL1 --size=9 --offset=7 | 0 0 0 0
   335 | Tue Dec 28 14:25:04 PST 2010 - Tue Dec 28 14:25:08 PST 2010 | CTL_Filter.py --time=1.0 --type=CTL1 --size=9 --offset=8 | 0 0 0 0
   336 | Tue Dec 28 14:25:08 PST 2010 - Tue Dec 28 14:25:12 PST 2010 | CTL_Filter.py --time=1.0 --type=CTL2 --size=9 --offset=0 | 0 0 0 0
   337 | Tue Dec 28 14:25:12 PST 2010 - Tue Dec 28 14:25:16 PST 2010 | CTL_Filter.py --time=1.0 --type=CTL2 --size=9 --offset=1 | 0 0 0 0
   338 | Tue Dec 28 14:25:16 PST 2010 - Tue Dec 28 14:25:21 PST 2010 | CTL_Filter.py --time=1.0 --type=CTL2 --size=9 --offset=2 | 0 0 0 0
   339 | Tue Dec 28 14:25:21 PST 2010 - Tue Dec 28 14:25:25 PST 2010 | CTL_Filter.py --time=1.0 --type=CTL2 --size=9 --offset=3 | 0 0 0 0
   340 | Tue Dec 28 14:25:25 PST 2010 - Tue Dec 28 14:25:28 PST 2010 | CTL_Filter.py --time=1.0 --type=CTL2 --size=9 --offset=4 | 0 0 0 0
   341 | Tue Dec 28 14:25:28 PST 2010 - Tue Dec 28 14:25:32 PST 2010 | CTL_Filter.py --time=1.0 --type=CTL2 --size=9 --offset=5 | 0 0 0 0
   342 | Tue Dec 28 14:25:32 PST 2010 - Tue Dec 28 14:25:37 PST 2010 | CTL_Filter.py --time=1.0 --type=CTL2 --size=9 --offset=6 | 0 0 0 0
   343 | Tue Dec 28 14:25:37 PST 2010 - Tue Dec 28 14:25:41 PST 2010 | CTL_Filter.py --time=1.0 --type=CTL2 --size=9 --offset=7 | 0 0 0 0
   344 | Tue Dec 28 14:25:41 PST 2010 - Tue Dec 28 14:25:45 PST 2010 | CTL_Filter.py --time=1.0 --type=CTL2 --size=9 --offset=8 | 0 0 0 0
   345 | Tue Dec 28 14:25:45 PST 2010 - Tue Dec 28 14:25:48 PST 2010 | CTL_Filter.py --time=1.0 --type=CTL3 --size=9 --offset=0 | 0 0 0 0
   346 | Tue Dec 28 14:25:49 PST 2010 - Tue Dec 28 14:25:52 PST 2010 | CTL_Filter.py --time=1.0 --type=CTL3 --size=9 --offset=1 | 0 0 0 0
   347 | Tue Dec 28 14:25:52 PST 2010 - Tue Dec 28 14:25:55 PST 2010 | CTL_Filter.py --time=1.0 --type=CTL3 --size=9 --offset=2 | 0 0 0 0
   348 | Tue Dec 28 14:25:55 PST 2010 - Tue Dec 28 14:25:58 PST 2010 | CTL_Filter.py --time=1.0 --type=CTL3 --size=9 --offset=3 | 0 0 0 0
   349 | Tue Dec 28 14:25:58 PST 2010 - Tue Dec 28 14:26:01 PST 2010 | CTL_Filter.py --time=1.0 --type=CTL3 --size=9 --offset=4 | 0 0 0 0
   350 | Tue Dec 28 14:26:01 PST 2010 - Tue Dec 28 14:26:05 PST 2010 | CTL_Filter.py --time=1.0 --type=CTL3 --size=9 --offset=5 | 0 0 0 0
   351 | Tue Dec 28 14:26:05 PST 2010 - Tue Dec 28 14:26:08 PST 2010 | CTL_Filter.py --time=1.0 --type=CTL3 --size=9 --offset=6 | 0 0 0 0
   352 | Tue Dec 28 14:26:08 PST 2010 - Tue Dec 28 14:26:11 PST 2010 | CTL_Filter.py --time=1.0 --type=CTL3 --size=9 --offset=7 | 0 0 0 0
   353 | Tue Dec 28 14:26:11 PST 2010 - Tue Dec 28 14:26:16 PST 2010 | CTL_Filter.py --time=1.0 --type=CTL3 --size=9 --offset=8 | 0 0 0 0
   354 | Tue Dec 28 14:26:16 PST 2010 - Tue Dec 28 14:26:20 PST 2010 | CTL_Filter.py --time=1.0 --type=CTL4 --size=9 --offset=0 | 0 0 0 0
   355 | Tue Dec 28 14:26:20 PST 2010 - Tue Dec 28 14:26:24 PST 2010 | CTL_Filter.py --time=1.0 --type=CTL4 --size=9 --offset=1 | 0 0 0 0
   356 | Tue Dec 28 14:26:24 PST 2010 - Tue Dec 28 14:26:28 PST 2010 | CTL_Filter.py --time=1.0 --type=CTL4 --size=9 --offset=2 | 0 0 0 0
   357 | Tue Dec 28 14:26:28 PST 2010 - Tue Dec 28 14:26:33 PST 2010 | CTL_Filter.py --time=1.0 --type=CTL4 --size=9 --offset=3 | 0 0 0 0
   358 | Tue Dec 28 14:26:33 PST 2010 - Tue Dec 28 14:26:37 PST 2010 | CTL_Filter.py --time=1.0 --type=CTL4 --size=9 --offset=4 | 0 0 0 0
   359 | Tue Dec 28 14:26:37 PST 2010 - Tue Dec 28 14:26:41 PST 2010 | CTL_Filter.py --time=1.0 --type=CTL4 --size=9 --offset=5 | 0 0 0 0
   360 | Tue Dec 28 14:26:41 PST 2010 - Tue Dec 28 14:26:46 PST 2010 | CTL_Filter.py --time=1.0 --type=CTL4 --size=9 --offset=6 | 0 0 0 0
   361 | Tue Dec 28 14:26:46 PST 2010 - Tue Dec 28 14:26:50 PST 2010 | CTL_Filter.py --time=1.0 --type=CTL4 --size=9 --offset=7 | 0 0 0 0
   362 | Tue Dec 28 14:26:50 PST 2010 - Tue Dec 28 14:26:54 PST 2010 | CTL_Filter.py --time=1.0 --type=CTL4 --size=9 --offset=8 | 0 0 0 0
   363 | Tue Dec 28 14:26:54 PST 2010 - Tue Dec 28 14:26:57 PST 2010 | CTL_Filter.py --time=1.0 --type=CTL1 --size=10 --offset=0 | 0 0 0 0
   364 | Tue Dec 28 14:26:57 PST 2010 - Tue Dec 28 14:27:01 PST 2010 | CTL_Filter.py --time=1.0 --type=CTL1 --size=10 --offset=1 | 0 0 0 0
   365 | Tue Dec 28 14:27:01 PST 2010 - Tue Dec 28 14:27:07 PST 2010 | CTL_Filter.py --time=1.0 --type=CTL1 --size=10 --offset=2 | 0 0 0 0
   366 | Tue Dec 28 14:27:07 PST 2010 - Tue Dec 28 14:27:11 PST 2010 | CTL_Filter.py --time=1.0 --type=CTL1 --size=10 --offset=3 | 0 0 0 0
   367 | Tue Dec 28 14:27:11 PST 2010 - Tue Dec 28 14:27:16 PST 2010 | CTL_Filter.py --time=1.0 --type=CTL1 --size=10 --offset=4 | 0 0 0 0
   368 | Tue Dec 28 14:27:16 PST 2010 - Tue Dec 28 14:27:21 PST 2010 | CTL_Filter.py --time=1.0 --type=CTL1 --size=10 --offset=5 | 0 0 0 0
   369 | Tue Dec 28 14:27:22 PST 2010 - Tue Dec 28 14:27:27 PST 2010 | CTL_Filter.py --time=1.0 --type=CTL1 --size=10 --offset=6 | 0 0 0 0
   370 | Tue Dec 28 14:27:27 PST 2010 - Tue Dec 28 14:27:31 PST 2010 | CTL_Filter.py --time=1.0 --type=CTL1 --size=10 --offset=7 | 0 0 0 0
   371 | Tue Dec 28 14:27:31 PST 2010 - Tue Dec 28 14:27:35 PST 2010 | CTL_Filter.py --time=1.0 --type=CTL1 --size=10 --offset=8 | 0 0 0 0
   372 | Tue Dec 28 14:27:35 PST 2010 - Tue Dec 28 14:27:40 PST 2010 | CTL_Filter.py --time=1.0 --type=CTL1 --size=10 --offset=9 | 0 0 0 0
   373 | Tue Dec 28 14:27:40 PST 2010 - Tue Dec 28 14:27:45 PST 2010 | CTL_Filter.py --time=1.0 --type=CTL2 --size=10 --offset=0 | 0 0 0 0
   374 | Tue Dec 28 14:27:45 PST 2010 - Tue Dec 28 14:27:51 PST 2010 | CTL_Filter.py --time=1.0 --type=CTL2 --size=10 --offset=1 | 0 0 0 0
   375 | Tue Dec 28 14:27:51 PST 2010 - Tue Dec 28 14:27:58 PST 2010 | CTL_Filter.py --time=1.0 --type=CTL2 --size=10 --offset=2 | 0 0 0 0
   376 | Tue Dec 28 14:27:58 PST 2010 - Tue Dec 28 14:28:04 PST 2010 | CTL_Filter.py --time=1.0 --type=CTL2 --size=10 --offset=3 | 0 0 0 0
   377 | Tue Dec 28 14:28:04 PST 2010 - Tue Dec 28 14:28:09 PST 2010 | CTL_Filter.py --time=1.0 --type=CTL2 --size=10 --offset=4 | 0 0 0 0
   378 | Tue Dec 28 14:28:09 PST 2010 - Tue Dec 28 14:28:16 PST 2010 | CTL_Filter.py --time=1.0 --type=CTL2 --size=10 --offset=5 | 0 0 0 0
   379 | Tue Dec 28 14:28:16 PST 2010 - Tue Dec 28 14:28:21 PST 2010 | CTL_Filter.py --time=1.0 --type=CTL2 --size=10 --offset=6 | 0 0 0 0
   380 | Tue Dec 28 14:28:21 PST 2010 - Tue Dec 28 14:28:26 PST 2010 | CTL_Filter.py --time=1.0 --type=CTL2 --size=10 --offset=7 | 0 0 0 0
   381 | Tue Dec 28 14:28:26 PST 2010 - Tue Dec 28 14:28:32 PST 2010 | CTL_Filter.py --time=1.0 --type=CTL2 --size=10 --offset=8 | 0 0 0 0
   382 | Tue Dec 28 14:28:32 PST 2010 - Tue Dec 28 14:28:38 PST 2010 | CTL_Filter.py --time=1.0 --type=CTL2 --size=10 --offset=9 | 0 0 0 0
   383 | Tue Dec 28 14:28:38 PST 2010 - Tue Dec 28 14:28:42 PST 2010 | CTL_Filter.py --time=1.0 --type=CTL3 --size=10 --offset=0 | 0 0 0 0
   384 | Tue Dec 28 14:28:42 PST 2010 - Tue Dec 28 14:28:46 PST 2010 | CTL_Filter.py --time=1.0 --type=CTL3 --size=10 --offset=1 | 0 0 0 0
   385 | Tue Dec 28 14:28:46 PST 2010 - Tue Dec 28 14:28:52 PST 2010 | CTL_Filter.py --time=1.0 --type=CTL3 --size=10 --offset=2 | 0 0 0 0
   386 | Tue Dec 28 14:28:52 PST 2010 - Tue Dec 28 14:28:57 PST 2010 | CTL_Filter.py --time=1.0 --type=CTL3 --size=10 --offset=3 | 0 0 0 0
   387 | Tue Dec 28 14:28:57 PST 2010 - Tue Dec 28 14:29:01 PST 2010 | CTL_Filter.py --time=1.0 --type=CTL3 --size=10 --offset=4 | 0 0 0 0
   388 | Tue Dec 28 14:29:01 PST 2010 - Tue Dec 28 14:29:07 PST 2010 | CTL_Filter.py --time=1.0 --type=CTL3 --size=10 --offset=5 | 0 0 0 0
   389 | Tue Dec 28 14:29:07 PST 2010 - Tue Dec 28 14:29:12 PST 2010 | CTL_Filter.py --time=1.0 --type=CTL3 --size=10 --offset=6 | 0 0 0 0
   390 | Tue Dec 28 14:29:12 PST 2010 - Tue Dec 28 14:29:16 PST 2010 | CTL_Filter.py --time=1.0 --type=CTL3 --size=10 --offset=7 | 0 0 0 0
   391 | Tue Dec 28 14:29:16 PST 2010 - Tue Dec 28 14:29:21 PST 2010 | CTL_Filter.py --time=1.0 --type=CTL3 --size=10 --offset=8 | 0 0 0 0
   392 | Tue Dec 28 14:29:21 PST 2010 - Tue Dec 28 14:29:25 PST 2010 | CTL_Filter.py --time=1.0 --type=CTL3 --size=10 --offset=9 | 0 0 0 0
   393 | Tue Dec 28 14:29:25 PST 2010 - Tue Dec 28 14:29:30 PST 2010 | CTL_Filter.py --time=1.0 --type=CTL4 --size=10 --offset=0 | 0 0 0 0
   394 | Tue Dec 28 14:29:30 PST 2010 - Tue Dec 28 14:29:37 PST 2010 | CTL_Filter.py --time=1.0 --type=CTL4 --size=10 --offset=1 | 0 0 0 0
   395 | Tue Dec 28 14:29:37 PST 2010 - Tue Dec 28 14:29:43 PST 2010 | CTL_Filter.py --time=1.0 --type=CTL4 --size=10 --offset=2 | 0 0 0 0
   396 | Tue Dec 28 14:29:43 PST 2010 - Tue Dec 28 14:29:49 PST 2010 | CTL_Filter.py --time=1.0 --type=CTL4 --size=10 --offset=3 | 0 0 0 0
   397 | Tue Dec 28 14:29:49 PST 2010 - Tue Dec 28 14:29:55 PST 2010 | CTL_Filter.py --time=1.0 --type=CTL4 --size=10 --offset=4 | 0 0 0 0
   398 | Tue Dec 28 14:29:55 PST 2010 - Tue Dec 28 14:30:01 PST 2010 | CTL_Filter.py --time=1.0 --type=CTL4 --size=10 --offset=5 | 0 0 0 0
   399 | Tue Dec 28 14:30:01 PST 2010 - Tue Dec 28 14:30:06 PST 2010 | CTL_Filter.py --time=1.0 --type=CTL4 --size=10 --offset=6 | 0 0 0 0
   400 | Tue Dec 28 14:30:06 PST 2010 - Tue Dec 28 14:30:11 PST 2010 | CTL_Filter.py --time=1.0 --type=CTL4 --size=10 --offset=7 | 0 0 0 0
   401 | Tue Dec 28 14:30:11 PST 2010 - Tue Dec 28 14:30:17 PST 2010 | CTL_Filter.py --time=1.0 --type=CTL4 --size=10 --offset=8 | 0 0 0 0
   402 | Tue Dec 28 14:30:17 PST 2010 - Tue Dec 28 14:30:23 PST 2010 | CTL_Filter.py --time=1.0 --type=CTL4 --size=10 --offset=9 | 0 0 0 0
   403 | Tue Dec 28 14:30:23 PST 2010 - Tue Dec 28 14:30:26 PST 2010 | CTL_Filter.py --time=1.0 --type=CTL1 --size=11 --offset=0 | 0 0 0 0
   404 | Tue Dec 28 14:30:26 PST 2010 - Tue Dec 28 14:30:29 PST 2010 | CTL_Filter.py --time=1.0 --type=CTL1 --size=11 --offset=1 | 0 0 0 0
   405 | Tue Dec 28 14:30:29 PST 2010 - Tue Dec 28 14:30:33 PST 2010 | CTL_Filter.py --time=1.0 --type=CTL1 --size=11 --offset=2 | 0 0 0 0
   406 | Tue Dec 28 14:30:33 PST 2010 - Tue Dec 28 14:30:36 PST 2010 | CTL_Filter.py --time=1.0 --type=CTL1 --size=11 --offset=3 | 0 0 0 0
   407 | Tue Dec 28 14:30:36 PST 2010 - Tue Dec 28 14:30:39 PST 2010 | CTL_Filter.py --time=1.0 --type=CTL1 --size=11 --offset=4 | 0 0 0 0
   408 | Tue Dec 28 14:30:39 PST 2010 - Tue Dec 28 14:30:42 PST 2010 | CTL_Filter.py --time=1.0 --type=CTL1 --size=11 --offset=5 | 0 0 0 0
   409 | Tue Dec 28 14:30:42 PST 2010 - Tue Dec 28 14:30:46 PST 2010 | CTL_Filter.py --time=1.0 --type=CTL1 --size=11 --offset=6 | 0 0 0 0
   410 | Tue Dec 28 14:30:46 PST 2010 - Tue Dec 28 14:30:49 PST 2010 | CTL_Filter.py --time=1.0 --type=CTL1 --size=11 --offset=7 | 0 0 0 0
   411 | Tue Dec 28 14:30:49 PST 2010 - Tue Dec 28 14:30:53 PST 2010 | CTL_Filter.py --time=1.0 --type=CTL1 --size=11 --offset=8 | 0 0 0 0
   412 | Tue Dec 28 14:30:53 PST 2010 - Tue Dec 28 14:30:57 PST 2010 | CTL_Filter.py --time=1.0 --type=CTL1 --size=11 --offset=9 | 0 0 0 0
   413 | Tue Dec 28 14:30:57 PST 2010 - Tue Dec 28 14:31:01 PST 2010 | CTL_Filter.py --time=1.0 --type=CTL1 --size=11 --offset=10 | 0 0 0 0
   414 | Tue Dec 28 14:31:01 PST 2010 - Tue Dec 28 14:31:08 PST 2010 | CTL_Filter.py --time=1.0 --type=CTL2 --size=11 --offset=0 | 0 0 0 0
   415 | Tue Dec 28 14:31:08 PST 2010 - Tue Dec 28 14:31:13 PST 2010 | CTL_Filter.py --time=1.0 --type=CTL2 --size=11 --offset=1 | 0 0 0 0
   416 | Tue Dec 28 14:31:13 PST 2010 - Tue Dec 28 14:31:19 PST 2010 | CTL_Filter.py --time=1.0 --type=CTL2 --size=11 --offset=2 | 0 0 0 0
   417 | Tue Dec 28 14:31:19 PST 2010 - Tue Dec 28 14:31:26 PST 2010 | CTL_Filter.py --time=1.0 --type=CTL2 --size=11 --offset=3 | 0 0 0 0
   418 | Tue Dec 28 14:31:26 PST 2010 - Tue Dec 28 14:31:31 PST 2010 | CTL_Filter.py --time=1.0 --type=CTL2 --size=11 --offset=4 | 0 0 0 0
   419 | Tue Dec 28 14:31:31 PST 2010 - Tue Dec 28 14:31:36 PST 2010 | CTL_Filter.py --time=1.0 --type=CTL2 --size=11 --offset=5 | 0 0 0 0
   420 | Tue Dec 28 14:31:36 PST 2010 - Tue Dec 28 14:31:43 PST 2010 | CTL_Filter.py --time=1.0 --type=CTL2 --size=11 --offset=6 | 0 0 0 0
   421 | Tue Dec 28 14:31:43 PST 2010 - Tue Dec 28 14:31:48 PST 2010 | CTL_Filter.py --time=1.0 --type=CTL2 --size=11 --offset=7 | 0 0 0 0
   422 | Tue Dec 28 14:31:48 PST 2010 - Tue Dec 28 14:31:53 PST 2010 | CTL_Filter.py --time=1.0 --type=CTL2 --size=11 --offset=8 | 0 0 0 0
   423 | Tue Dec 28 14:31:53 PST 2010 - Tue Dec 28 14:31:59 PST 2010 | CTL_Filter.py --time=1.0 --type=CTL2 --size=11 --offset=9 | 0 0 0 0
   424 | Tue Dec 28 14:31:59 PST 2010 - Tue Dec 28 14:32:04 PST 2010 | CTL_Filter.py --time=1.0 --type=CTL2 --size=11 --offset=10 | 0 0 0 0
   425 | Tue Dec 28 14:32:04 PST 2010 - Tue Dec 28 14:32:08 PST 2010 | CTL_Filter.py --time=1.0 --type=CTL3 --size=11 --offset=0 | 0 0 0 0
   426 | Tue Dec 28 14:32:08 PST 2010 - Tue Dec 28 14:32:13 PST 2010 | CTL_Filter.py --time=1.0 --type=CTL3 --size=11 --offset=1 | 0 0 0 0
   427 | Tue Dec 28 14:32:13 PST 2010 - Tue Dec 28 14:32:17 PST 2010 | CTL_Filter.py --time=1.0 --type=CTL3 --size=11 --offset=2 | 0 0 0 0
   428 | Tue Dec 28 14:32:17 PST 2010 - Tue Dec 28 14:32:21 PST 2010 | CTL_Filter.py --time=1.0 --type=CTL3 --size=11 --offset=3 | 0 0 0 0
   429 | Tue Dec 28 14:32:21 PST 2010 - Tue Dec 28 14:32:26 PST 2010 | CTL_Filter.py --time=1.0 --type=CTL3 --size=11 --offset=4 | 0 0 0 0
   430 | Tue Dec 28 14:32:26 PST 2010 - Tue Dec 28 14:32:30 PST 2010 | CTL_Filter.py --time=1.0 --type=CTL3 --size=11 --offset=5 | 0 0 0 0
   431 | Tue Dec 28 14:32:30 PST 2010 - Tue Dec 28 14:32:34 PST 2010 | CTL_Filter.py --time=1.0 --type=CTL3 --size=11 --offset=6 | 0 0 0 0
   432 | Tue Dec 28 14:32:34 PST 2010 - Tue Dec 28 14:32:39 PST 2010 | CTL_Filter.py --time=1.0 --type=CTL3 --size=11 --offset=7 | 0 0 0 0
   433 | Tue Dec 28 14:32:39 PST 2010 - Tue Dec 28 14:32:43 PST 2010 | CTL_Filter.py --time=1.0 --type=CTL3 --size=11 --offset=8 | 0 0 0 0
   434 | Tue Dec 28 14:32:43 PST 2010 - Tue Dec 28 14:32:47 PST 2010 | CTL_Filter.py --time=1.0 --type=CTL3 --size=11 --offset=9 | 0 0 0 0
   435 | Tue Dec 28 14:32:47 PST 2010 - Tue Dec 28 14:32:51 PST 2010 | CTL_Filter.py --time=1.0 --type=CTL3 --size=11 --offset=10 | 0 0 0 0
   436 | Tue Dec 28 14:32:51 PST 2010 - Tue Dec 28 14:32:59 PST 2010 | CTL_Filter.py --time=1.0 --type=CTL4 --size=11 --offset=0 | 0 0 0 0
   437 | Tue Dec 28 14:32:59 PST 2010 - Tue Dec 28 14:33:05 PST 2010 | CTL_Filter.py --time=1.0 --type=CTL4 --size=11 --offset=1 | 0 0 0 0
   438 | Tue Dec 28 14:33:05 PST 2010 - Tue Dec 28 14:33:12 PST 2010 | CTL_Filter.py --time=1.0 --type=CTL4 --size=11 --offset=2 | 0 0 0 0
   439 | Tue Dec 28 14:33:12 PST 2010 - Tue Dec 28 14:33:18 PST 2010 | CTL_Filter.py --time=1.0 --type=CTL4 --size=11 --offset=3 | 0 0 0 0
   440 | Tue Dec 28 14:33:18 PST 2010 - Tue Dec 28 14:33:23 PST 2010 | CTL_Filter.py --time=1.0 --type=CTL4 --size=11 --offset=4 | 0 0 0 0
   441 | Tue Dec 28 14:33:23 PST 2010 - Tue Dec 28 14:33:29 PST 2010 | CTL_Filter.py --time=1.0 --type=CTL4 --size=11 --offset=5 | 0 0 0 0
   442 | Tue Dec 28 14:33:29 PST 2010 - Tue Dec 28 14:33:34 PST 2010 | CTL_Filter.py --time=1.0 --type=CTL4 --size=11 --offset=6 | 0 0 0 0
   443 | Tue Dec 28 14:33:34 PST 2010 - Tue Dec 28 14:33:39 PST 2010 | CTL_Filter.py --time=1.0 --type=CTL4 --size=11 --offset=7 | 0 0 0 0
   444 | Tue Dec 28 14:33:39 PST 2010 - Tue Dec 28 14:33:45 PST 2010 | CTL_Filter.py --time=1.0 --type=CTL4 --size=11 --offset=8 | 0 0 0 0
   445 | Tue Dec 28 14:33:45 PST 2010 - Tue Dec 28 14:33:51 PST 2010 | CTL_Filter.py --time=1.0 --type=CTL4 --size=11 --offset=9 | 0 0 0 0
   446 | Tue Dec 28 14:33:51 PST 2010 - Tue Dec 28 14:33:57 PST 2010 | CTL_Filter.py --time=1.0 --type=CTL4 --size=11 --offset=10 | 0 0 0 0
   447 | Tue Dec 28 14:33:57 PST 2010 - Tue Dec 28 14:34:01 PST 2010 | CTL_Filter.py --time=1.0 --type=CTL1 --size=12 --offset=0 | 0 0 0 0
   448 | Tue Dec 28 14:34:01 PST 2010 - Tue Dec 28 14:34:06 PST 2010 | CTL_Filter.py --time=1.0 --type=CTL1 --size=12 --offset=1 | 0 0 0 0
   449 | Tue Dec 28 14:34:06 PST 2010 - Tue Dec 28 14:34:11 PST 2010 | CTL_Filter.py --time=1.0 --type=CTL1 --size=12 --offset=2 | 0 0 0 0
   450 | Tue Dec 28 14:34:11 PST 2010 - Tue Dec 28 14:34:16 PST 2010 | CTL_Filter.py --time=1.0 --type=CTL1 --size=12 --offset=3 | 0 0 0 0
   451 | Tue Dec 28 14:34:16 PST 2010 - Tue Dec 28 14:34:21 PST 2010 | CTL_Filter.py --time=1.0 --type=CTL1 --size=12 --offset=4 | 0 0 0 0
   452 | Tue Dec 28 14:34:21 PST 2010 - Tue Dec 28 14:34:25 PST 2010 | CTL_Filter.py --time=1.0 --type=CTL1 --size=12 --offset=5 | 0 0 0 0
   453 | Tue Dec 28 14:34:25 PST 2010 - Tue Dec 28 14:34:31 PST 2010 | CTL_Filter.py --time=1.0 --type=CTL1 --size=12 --offset=6 | 0 0 0 0
   454 | Tue Dec 28 14:34:31 PST 2010 - Tue Dec 28 14:34:36 PST 2010 | CTL_Filter.py --time=1.0 --type=CTL1 --size=12 --offset=7 | 0 0 0 0
   455 | Tue Dec 28 14:34:36 PST 2010 - Tue Dec 28 14:34:41 PST 2010 | CTL_Filter.py --time=1.0 --type=CTL1 --size=12 --offset=8 | 0 0 0 0
   456 | Tue Dec 28 14:34:41 PST 2010 - Tue Dec 28 14:34:46 PST 2010 | CTL_Filter.py --time=1.0 --type=CTL1 --size=12 --offset=9 | 0 0 0 0
   457 | Tue Dec 28 14:34:46 PST 2010 - Tue Dec 28 14:34:51 PST 2010 | CTL_Filter.py --time=1.0 --type=CTL1 --size=12 --offset=10 | 0 0 0 0
   458 | Tue Dec 28 14:34:51 PST 2010 - Tue Dec 28 14:34:55 PST 2010 | CTL_Filter.py --time=1.0 --type=CTL1 --size=12 --offset=11 | 0 0 0 0
   459 | Tue Dec 28 14:34:55 PST 2010 - Tue Dec 28 14:35:02 PST 2010 | CTL_Filter.py --time=1.0 --type=CTL2 --size=12 --offset=0 | 0 0 0 0
   460 | Tue Dec 28 14:35:02 PST 2010 - Tue Dec 28 14:35:08 PST 2010 | CTL_Filter.py --time=1.0 --type=CTL2 --size=12 --offset=1 | 0 0 0 0
   461 | Tue Dec 28 14:35:08 PST 2010 - Tue Dec 28 14:35:14 PST 2010 | CTL_Filter.py --time=1.0 --type=CTL2 --size=12 --offset=2 | 0 0 0 0
   462 | Tue Dec 28 14:35:14 PST 2010 - Tue Dec 28 14:35:21 PST 2010 | CTL_Filter.py --time=1.0 --type=CTL2 --size=12 --offset=3 | 0 0 0 0
   463 | Tue Dec 28 14:35:21 PST 2010 - Tue Dec 28 14:35:26 PST 2010 | CTL_Filter.py --time=1.0 --type=CTL2 --size=12 --offset=4 | 0 0 0 0
   464 | Tue Dec 28 14:35:26 PST 2010 - Tue Dec 28 14:35:33 PST 2010 | CTL_Filter.py --time=1.0 --type=CTL2 --size=12 --offset=5 | 0 0 0 0
   465 | Tue Dec 28 14:35:33 PST 2010 - Tue Dec 28 14:35:38 PST 2010 | CTL_Filter.py --time=1.0 --type=CTL2 --size=12 --offset=6 | 0 0 0 0
   466 | Tue Dec 28 14:35:38 PST 2010 - Tue Dec 28 14:35:44 PST 2010 | CTL_Filter.py --time=1.0 --type=CTL2 --size=12 --offset=7 | 0 0 0 0
   467 | Tue Dec 28 14:35:44 PST 2010 - Tue Dec 28 14:35:50 PST 2010 | CTL_Filter.py --time=1.0 --type=CTL2 --size=12 --offset=8 | 0 0 0 0
   468 | Tue Dec 28 14:35:50 PST 2010 - Tue Dec 28 14:35:55 PST 2010 | CTL_Filter.py --time=1.0 --type=CTL2 --size=12 --offset=9 | 0 0 0 0
   469 | Tue Dec 28 14:35:55 PST 2010 - Tue Dec 28 14:36:01 PST 2010 | CTL_Filter.py --time=1.0 --type=CTL2 --size=12 --offset=10 | 0 0 0 0
   470 | Tue Dec 28 14:36:01 PST 2010 - Tue Dec 28 14:36:07 PST 2010 | CTL_Filter.py --time=1.0 --type=CTL2 --size=12 --offset=11 | 0 0 0 0
   471 | Tue Dec 28 14:36:07 PST 2010 - Tue Dec 28 14:36:12 PST 2010 | CTL_Filter.py --time=1.0 --type=CTL3 --size=12 --offset=0 | 0 0 0 0
   472 | Tue Dec 28 14:36:12 PST 2010 - Tue Dec 28 14:36:17 PST 2010 | CTL_Filter.py --time=1.0 --type=CTL3 --size=12 --offset=1 | 0 0 0 0
   473 | Tue Dec 28 14:36:17 PST 2010 - Tue Dec 28 14:36:22 PST 2010 | CTL_Filter.py --time=1.0 --type=CTL3 --size=12 --offset=2 | 0 0 0 0
   474 | Tue Dec 28 14:36:22 PST 2010 - Tue Dec 28 14:36:27 PST 2010 | CTL_Filter.py --time=1.0 --type=CTL3 --size=12 --offset=3 | 0 0 0 0
   475 | Tue Dec 28 14:36:27 PST 2010 - Tue Dec 28 14:36:33 PST 2010 | CTL_Filter.py --time=1.0 --type=CTL3 --size=12 --offset=4 | 0 0 0 0
   476 | Tue Dec 28 14:36:33 PST 2010 - Tue Dec 28 14:36:38 PST 2010 | CTL_Filter.py --time=1.0 --type=CTL3 --size=12 --offset=5 | 0 0 0 0
   477 | Tue Dec 28 14:36:38 PST 2010 - Tue Dec 28 14:36:45 PST 2010 | CTL_Filter.py --time=1.0 --type=CTL3 --size=12 --offset=6 | 0 0 0 0
   478 | Tue Dec 28 14:36:45 PST 2010 - Tue Dec 28 14:36:50 PST 2010 | CTL_Filter.py --time=1.0 --type=CTL3 --size=12 --offset=7 | 0 0 0 0
   479 | Tue Dec 28 14:36:50 PST 2010 - Tue Dec 28 14:36:56 PST 2010 | CTL_Filter.py --time=1.0 --type=CTL3 --size=12 --offset=8 | 0 0 0 0
   480 | Tue Dec 28 14:36:56 PST 2010 - Tue Dec 28 14:37:01 PST 2010 | CTL_Filter.py --time=1.0 --type=CTL3 --size=12 --offset=9 | 0 0 0 0
   481 | Tue Dec 28 14:37:01 PST 2010 - Tue Dec 28 14:37:07 PST 2010 | CTL_Filter.py --time=1.0 --type=CTL3 --size=12 --offset=10 | 0 0 0 0
   482 | Tue Dec 28 14:37:07 PST 2010 - Tue Dec 28 14:37:12 PST 2010 | CTL_Filter.py --time=1.0 --type=CTL3 --size=12 --offset=11 | 0 0 0 0
   483 | Tue Dec 28 14:37:12 PST 2010 - Tue Dec 28 14:37:19 PST 2010 | CTL_Filter.py --time=1.0 --type=CTL4 --size=12 --offset=0 | 0 0 0 0
   484 | Tue Dec 28 14:37:19 PST 2010 - Tue Dec 28 14:37:25 PST 2010 | CTL_Filter.py --time=1.0 --type=CTL4 --size=12 --offset=1 | 0 0 0 0
   485 | Tue Dec 28 14:37:25 PST 2010 - Tue Dec 28 14:37:31 PST 2010 | CTL_Filter.py --time=1.0 --type=CTL4 --size=12 --offset=2 | 0 0 0 0
   486 | Tue Dec 28 14:37:31 PST 2010 - Tue Dec 28 14:37:39 PST 2010 | CTL_Filter.py --time=1.0 --type=CTL4 --size=12 --offset=3 | 0 0 0 0
   487 | Tue Dec 28 14:37:39 PST 2010 - Tue Dec 28 14:37:45 PST 2010 | CTL_Filter.py --time=1.0 --type=CTL4 --size=12 --offset=4 | 0 0 0 0
   488 | Tue Dec 28 14:37:45 PST 2010 - Tue Dec 28 14:37:51 PST 2010 | CTL_Filter.py --time=1.0 --type=CTL4 --size=12 --offset=5 | 0 0 0 0
   489 | Tue Dec 28 14:37:52 PST 2010 - Tue Dec 28 14:37:58 PST 2010 | CTL_Filter.py --time=1.0 --type=CTL4 --size=12 --offset=6 | 0 0 0 0
   490 | Tue Dec 28 14:37:58 PST 2010 - Tue Dec 28 14:38:04 PST 2010 | CTL_Filter.py --time=1.0 --type=CTL4 --size=12 --offset=7 | 0 0 0 0
   491 | Tue Dec 28 14:38:04 PST 2010 - Tue Dec 28 14:38:11 PST 2010 | CTL_Filter.py --time=1.0 --type=CTL4 --size=12 --offset=8 | 0 0 0 0
   492 | Tue Dec 28 14:38:11 PST 2010 - Tue Dec 28 14:38:16 PST 2010 | CTL_Filter.py --time=1.0 --type=CTL4 --size=12 --offset=9 | 0 0 0 0
   493 | Tue Dec 28 14:38:16 PST 2010 - Tue Dec 28 14:38:22 PST 2010 | CTL_Filter.py --time=1.0 --type=CTL4 --size=12 --offset=10 | 0 0 0 0
   494 | Tue Dec 28 14:38:22 PST 2010 - Tue Dec 28 14:38:29 PST 2010 | CTL_Filter.py --time=1.0 --type=CTL4 --size=12 --offset=11 | 0 0 0 0
