     1 g | s | Enumerate_Filter_Parallel 24 Enum.3.3.0 --states=3 --symbols=3 --steps=0 --time=0.0002 --stack_mult=100000 --checkpoint_interval=100000 | Thu Mar 10 00:48:04 PST 2011 | 672 | 2715978 3504608 0 6224579
     2 g | p 24 | Dual_Machine_Filter.py --tape=100 --steps=100 | Thu Mar 10 00:59:53 PST 2011 | 45 | 0 759317 1261128 -2020445
     3 g | p 24 | Find_New_TM_Filter --tape=100 --steps=100 --next_machine_number=0 | Thu Mar 10 01:00:39 PST 2011 | 56 | 1261128 226781 -406614 1607671
     4 g | p 24 | Find_New_TM_Filter --tape=100 --steps=100 --next_machine_number=0 | Thu Mar 10 01:01:36 PST 2011 | 39 | 854514 99347 -466041 718522
     5 g | p 24 | Find_New_TM_Filter --tape=100 --steps=100 --next_machine_number=0 | Thu Mar 10 01:02:16 PST 2011 | 21 | 388473 25071 -273017 184283
     6 g | p 24 | Find_New_TM_Filter --tape=100 --steps=100 --next_machine_number=0 | Thu Mar 10 01:02:38 PST 2011 | 44 | 115456 48387 96953 244032
     7 g | p 24 | Find_New_TM_Filter --tape=100 --steps=100 --next_machine_number=0 | Thu Mar 10 01:03:23 PST 2011 | 50 | 212409 303708 827757 1480272
     8 g | p 24 | Find_New_TM_Filter --tape=100 --steps=100 --next_machine_number=0 | Thu Mar 10 01:04:14 PST 2011 | 204 | 1040166 873015 1501589 4686238
     9 g | p 24 | Find_New_TM_Filter --tape=100 --steps=100 --next_machine_number=0 | Thu Mar 10 01:07:40 PST 2011 | 72 | 2541755 0 -2541755 0
    10 f | p 24 | Reverse_Engineer_Filter.py | Thu Mar 10 01:09:15 PST 2011 | 88 | 0 1836829 0 -1836829
    11 f | p 24 | Macro_Simulator_Filter.py --recursive --time=0.001 --steps=100 --block-size=1 | Thu Mar 10 01:10:45 PST 2011 | 576 | 0 3415546 40 -3415586
    12 f | p 24 | Assign_Undecideds_Filter --next_machine_number=0 | Thu Mar 10 01:20:22 PST 2011 | 10 | 40 0 -40 36
    13 f | p 24 | Macro_Simulator_Filter.py --recursive --time=0.001 --steps=100 --block-size=2 | Thu Mar 10 01:20:33 PST 2011 | 320 | 0 3737552 1323 -3738875
    14 f | p 24 | Assign_Undecideds_Filter --next_machine_number=0 | Thu Mar 10 01:25:54 PST 2011 | 9 | 1323 0 -1323 270
    15 f | p 24 | Macro_Simulator_Filter.py --recursive --time=0.001 --steps=100 --block-size=3 | Thu Mar 10 01:26:04 PST 2011 | 157 | 0 1933259 1880 -1935139
    16 f | p 24 | Assign_Undecideds_Filter --next_machine_number=0 | Thu Mar 10 01:28:42 PST 2011 | 6 | 1880 0 -1880 396
    17 f | p 24 | Macro_Simulator_Filter.py --recursive --time=0.001 --steps=100 --block-size=4 | Thu Mar 10 01:28:48 PST 2011 | 92 | 0 823674 1961 -825635
    18 f | p 24 | Assign_Undecideds_Filter --next_machine_number=0 | Thu Mar 10 01:30:20 PST 2011 | 20 | 1961 0 -1961 360
    19 f | p 24 | Macro_Simulator_Filter.py --recursive --time=0.001 --steps=100 --block-size=5 | Thu Mar 10 01:30:40 PST 2011 | 92 | 0 154542 813 -155355
    20 f | p 24 | Assign_Undecideds_Filter --next_machine_number=0 | Thu Mar 10 01:32:12 PST 2011 | 5 | 813 0 -813 162
    21 f | p 24 | Macro_Simulator_Filter.py --recursive --time=0.001 --steps=100 --block-size=6 | Thu Mar 10 01:32:18 PST 2011 | 77 | 0 134604 732 -135336
    22 f | p 24 | Assign_Undecideds_Filter --next_machine_number=0 | Thu Mar 10 01:33:36 PST 2011 | 4 | 732 0 -732 288
    23 f | p 24 | Reverse_Engineer_Filter.py | Thu Mar 10 01:33:40 PST 2011 | 8 | 0 305 0 -305
    24 f | p 24 | CTL_Filter.py --time=0.01 --type=CTL1 --block-size=1 --offset=0 | Thu Mar 10 01:33:49 PST 2011 | 108 | 0 281810 0 -281810
    25 f | p 24 | CTL_Filter.py --time=0.01 --type=CTL2 --block-size=1 --offset=0 | Thu Mar 10 01:35:37 PST 2011 | 104 | 0 277804 0 -277804
    26 f | p 24 | CTL_Filter.py --time=0.01 --type=CTL3 --block-size=1 --offset=0 | Thu Mar 10 01:37:21 PST 2011 | 65 | 0 16340 0 -16340
    27 f | p 24 | CTL_Filter.py --time=0.01 --type=CTL4 --block-size=1 --offset=0 | Thu Mar 10 01:38:26 PST 2011 | 70 | 0 3645 0 -3645
    28 f | p 24 | CTL_Filter.py --time=0.01 --type=CTL1 --block-size=2 --offset=0 | Thu Mar 10 01:39:36 PST 2011 | 72 | 0 83324 0 -83324
    29 f | p 24 | CTL_Filter.py --time=0.01 --type=CTL1 --block-size=2 --offset=1 | Thu Mar 10 01:40:48 PST 2011 | 36 | 0 28821 0 -28821
    30 f | p 24 | CTL_Filter.py --time=0.01 --type=CTL2 --block-size=2 --offset=0 | Thu Mar 10 01:41:24 PST 2011 | 68 | 0 138873 0 -138873
    31 f | p 24 | CTL_Filter.py --time=0.01 --type=CTL2 --block-size=2 --offset=1 | Thu Mar 10 01:42:32 PST 2011 | 38 | 0 18165 0 -18165
    32 f | p 24 | CTL_Filter.py --time=0.01 --type=CTL3 --block-size=2 --offset=0 | Thu Mar 10 01:43:10 PST 2011 | 24 | 0 2849 0 -2849
    33 f | p 24 | CTL_Filter.py --time=0.01 --type=CTL3 --block-size=2 --offset=1 | Thu Mar 10 01:43:34 PST 2011 | 24 | 0 1583 0 -1583
    34 f | p 24 | CTL_Filter.py --time=0.01 --type=CTL4 --block-size=2 --offset=0 | Thu Mar 10 01:43:58 PST 2011 | 38 | 0 3058 0 -3058
    35 f | p 24 | CTL_Filter.py --time=0.01 --type=CTL4 --block-size=2 --offset=1 | Thu Mar 10 01:44:36 PST 2011 | 38 | 0 1840 0 -1840
    36 f | p 24 | Macro_Simulator_Filter.py --recursive --time=0.01 --steps=1000 --block-size=1 | Thu Mar 10 01:45:14 PST 2011 | 90 | 0 44858 3215 -48073
    37 f | p 24 | Assign_Undecideds_Filter --next_machine_number=0 | Thu Mar 10 01:46:44 PST 2011 | 24 | 3215 0 -3215 702
    38 f | p 24 | Macro_Simulator_Filter.py --recursive --time=0.01 --steps=1000 --block-size=2 | Thu Mar 10 01:47:08 PST 2011 | 90 | 0 65574 708 -66282
    39 f | p 24 | Assign_Undecideds_Filter --next_machine_number=0 | Thu Mar 10 01:48:38 PST 2011 | 30 | 708 0 -708 54
    40 f | p 24 | Macro_Simulator_Filter.py --recursive --time=0.01 --steps=1000 --block-size=3 | Thu Mar 10 01:49:08 PST 2011 | 36 | 0 54389 164 -54553
    41 f | p 24 | Assign_Undecideds_Filter --next_machine_number=0 | Thu Mar 10 01:49:44 PST 2011 | 4 | 164 0 -164 54
    42 f | p 24 | Macro_Simulator_Filter.py --recursive --time=0.01 --steps=1000 --block-size=4 | Thu Mar 10 01:49:48 PST 2011 | 23 | 0 19215 28 -19243
    43 f | p 24 | Assign_Undecideds_Filter --next_machine_number=0 | Thu Mar 10 01:50:11 PST 2011 | 26 | 28 0 -28 0
    44 f | p 24 | Macro_Simulator_Filter.py --recursive --time=0.01 --steps=1000 --block-size=5 | Thu Mar 10 01:50:37 PST 2011 | 18 | 0 5360 16 -5376
    45 f | p 24 | Assign_Undecideds_Filter --next_machine_number=0 | Thu Mar 10 01:50:55 PST 2011 | 12 | 16 0 -16 0
    46 f | p 24 | Macro_Simulator_Filter.py --recursive --time=0.01 --steps=1000 --block-size=6 | Thu Mar 10 01:51:08 PST 2011 | 15 | 0 2668 11 -2679
    47 f | p 24 | Assign_Undecideds_Filter --next_machine_number=0 | Thu Mar 10 01:51:23 PST 2011 | 11 | 11 0 -11 0
    48 f | p 24 | Macro_Simulator_Filter.py --recursive --time=0.01 --steps=1000 --block-size=7 | Thu Mar 10 01:51:34 PST 2011 | 14 | 0 2911 0 -2911
    49 f | p 24 | Macro_Simulator_Filter.py --recursive --time=0.01 --steps=1000 --block-size=8 | Thu Mar 10 01:51:48 PST 2011 | 14 | 0 1800 0 -1800
    50 f | p 24 | CTL_Filter.py --time=0.1 --type=CTL1 --block-size=1 --offset=0 | Thu Mar 10 01:52:02 PST 2011 | 7 | 0 177 0 -177
    51 f | p 24 | CTL_Filter.py --time=0.1 --type=CTL2 --block-size=1 --offset=0 | Thu Mar 10 01:52:09 PST 2011 | 30 | 0 73 0 -73
    52 f | p 24 | CTL_Filter.py --time=0.1 --type=CTL3 --block-size=1 --offset=0 | Thu Mar 10 01:52:39 PST 2011 | 30 | 0 4 0 -4
    53 f | p 24 | CTL_Filter.py --time=0.1 --type=CTL4 --block-size=1 --offset=0 | Thu Mar 10 01:53:09 PST 2011 | 5 | 0 0 0 0
    54 f | p 24 | CTL_Filter.py --time=0.1 --type=CTL1 --block-size=2 --offset=0 | Thu Mar 10 01:53:14 PST 2011 | 4 | 0 4 0 -4
    55 f | p 24 | CTL_Filter.py --time=0.1 --type=CTL1 --block-size=2 --offset=1 | Thu Mar 10 01:53:18 PST 2011 | 21 | 0 0 0 0
    56 f | p 24 | CTL_Filter.py --time=0.1 --type=CTL2 --block-size=2 --offset=0 | Thu Mar 10 01:53:39 PST 2011 | 5 | 0 510 0 -510
    57 f | p 24 | CTL_Filter.py --time=0.1 --type=CTL2 --block-size=2 --offset=1 | Thu Mar 10 01:53:45 PST 2011 | 25 | 0 94 0 -94
    58 f | p 24 | CTL_Filter.py --time=0.1 --type=CTL3 --block-size=2 --offset=0 | Thu Mar 10 01:54:10 PST 2011 | 29 | 0 0 0 0
    59 f | p 24 | CTL_Filter.py --time=0.1 --type=CTL3 --block-size=2 --offset=1 | Thu Mar 10 01:54:39 PST 2011 | 4 | 0 0 0 0
    60 f | p 24 | CTL_Filter.py --time=0.1 --type=CTL4 --block-size=2 --offset=0 | Thu Mar 10 01:54:43 PST 2011 | 7 | 0 35 0 -35
    61 f | p 24 | CTL_Filter.py --time=0.1 --type=CTL4 --block-size=2 --offset=1 | Thu Mar 10 01:54:50 PST 2011 | 6 | 0 20 0 -20
    62 f | p 24 | CTL_Filter.py --time=0.1 --type=CTL1 --block-size=3 --offset=0 | Thu Mar 10 01:54:56 PST 2011 | 5 | 0 1180 0 -1180
    63 f | p 24 | CTL_Filter.py --time=0.1 --type=CTL1 --block-size=3 --offset=1 | Thu Mar 10 01:55:01 PST 2011 | 5 | 0 378 0 -378
    64 f | p 24 | CTL_Filter.py --time=0.1 --type=CTL1 --block-size=3 --offset=2 | Thu Mar 10 01:55:06 PST 2011 | 33 | 0 531 0 -531
    65 f | p 24 | CTL_Filter.py --time=0.1 --type=CTL2 --block-size=3 --offset=0 | Thu Mar 10 01:55:39 PST 2011 | 32 | 0 1051 0 -1051
    66 f | p 24 | CTL_Filter.py --time=0.1 --type=CTL2 --block-size=3 --offset=1 | Thu Mar 10 01:56:12 PST 2011 | 6 | 0 326 0 -326
    67 f | p 24 | CTL_Filter.py --time=0.1 --type=CTL2 --block-size=3 --offset=2 | Thu Mar 10 01:56:18 PST 2011 | 22 | 0 245 0 -245
    68 f | p 24 | CTL_Filter.py --time=0.1 --type=CTL3 --block-size=3 --offset=0 | Thu Mar 10 01:56:41 PST 2011 | 4 | 0 132 0 -132
    69 f | p 24 | CTL_Filter.py --time=0.1 --type=CTL3 --block-size=3 --offset=1 | Thu Mar 10 01:56:45 PST 2011 | 4 | 0 27 0 -27
    70 f | p 24 | CTL_Filter.py --time=0.1 --type=CTL3 --block-size=3 --offset=2 | Thu Mar 10 01:56:49 PST 2011 | 20 | 0 10 0 -10
    71 f | p 24 | CTL_Filter.py --time=0.1 --type=CTL4 --block-size=3 --offset=0 | Thu Mar 10 01:57:09 PST 2011 | 34 | 0 97 0 -97
    72 f | p 24 | CTL_Filter.py --time=0.1 --type=CTL4 --block-size=3 --offset=1 | Thu Mar 10 01:57:43 PST 2011 | 8 | 0 59 0 -59
    73 f | p 24 | CTL_Filter.py --time=0.1 --type=CTL4 --block-size=3 --offset=2 | Thu Mar 10 01:57:51 PST 2011 | 6 | 0 42 0 -42
    74 f | p 24 | Macro_Simulator_Filter.py --recursive --time=0.1 --steps=10000 --block-size=1 | Thu Mar 10 01:57:57 PST 2011 | 90 | 0 139 89 -228
    75 f | p 24 | Assign_Undecideds_Filter --next_machine_number=0 | Thu Mar 10 01:59:27 PST 2011 | 12 | 89 0 -89 18
    76 f | p 24 | Macro_Simulator_Filter.py --recursive --time=0.1 --steps=10000 --block-size=2 | Thu Mar 10 01:59:39 PST 2011 | 81 | 0 3599 78 -3677
    77 f | p 24 | Assign_Undecideds_Filter --next_machine_number=0 | Thu Mar 10 02:01:01 PST 2011 | 7 | 78 0 -78 0
    78 f | p 24 | Macro_Simulator_Filter.py --recursive --time=0.1 --steps=10000 --block-size=3 | Thu Mar 10 02:01:08 PST 2011 | 99 | 0 777 24 -801
    79 f | p 24 | Assign_Undecideds_Filter --next_machine_number=0 | Thu Mar 10 02:02:47 PST 2011 | 4 | 24 0 -24 0
    80 f | p 24 | Macro_Simulator_Filter.py --recursive --time=0.1 --steps=10000 --block-size=4 | Thu Mar 10 02:02:51 PST 2011 | 83 | 0 570 2 -572
    81 f | p 24 | Assign_Undecideds_Filter --next_machine_number=0 | Thu Mar 10 02:13:32 PST 2011 | 2 | 2 0 -2 0
    82 f | p 24 | Macro_Simulator_Filter.py --recursive --time=0.1 --steps=10000 --block-size=5 | Thu Mar 10 02:14:16 PST 2011 | 66 | 0 643 4 -647
    83 f | p 24 | Assign_Undecideds_Filter --next_machine_number=0 | Thu Mar 10 02:15:22 PST 2011 | 15 | 4 0 -4 0
    84 f | p 24 | Macro_Simulator_Filter.py --recursive --time=0.1 --steps=10000 --block-size=6 | Thu Mar 10 02:15:37 PST 2011 | 63 | 0 815 0 -815
    85 f | p 24 | Macro_Simulator_Filter.py --recursive --time=0.1 --steps=10000 --block-size=7 | Thu Mar 10 02:16:40 PST 2011 | 85 | 0 366 0 -366
    86 f | p 24 | Macro_Simulator_Filter.py --recursive --time=0.1 --steps=10000 --block-size=8 | Thu Mar 10 02:18:06 PST 2011 | 59 | 0 189 0 -189
    87 f | p 24 | CTL_Filter.py --time=0.1 --type=CTL1 --block-size=4 --offset=0 | Thu Mar 10 02:19:05 PST 2011 | 4 | 0 118 0 -118
    88 f | p 24 | CTL_Filter.py --time=0.1 --type=CTL1 --block-size=4 --offset=1 | Thu Mar 10 02:19:09 PST 2011 | 4 | 0 69 0 -69
    89 f | p 24 | CTL_Filter.py --time=0.1 --type=CTL1 --block-size=4 --offset=2 | Thu Mar 10 02:19:13 PST 2011 | 27 | 0 28 0 -28
    90 f | p 24 | CTL_Filter.py --time=0.1 --type=CTL1 --block-size=4 --offset=3 | Thu Mar 10 02:19:40 PST 2011 | 4 | 0 30 0 -30
    91 f | p 24 | CTL_Filter.py --time=0.1 --type=CTL2 --block-size=4 --offset=0 | Thu Mar 10 02:19:44 PST 2011 | 8 | 0 356 0 -356
    92 f | p 24 | CTL_Filter.py --time=0.1 --type=CTL2 --block-size=4 --offset=1 | Thu Mar 10 02:19:52 PST 2011 | 21 | 0 117 0 -117
    93 f | p 24 | CTL_Filter.py --time=0.1 --type=CTL2 --block-size=4 --offset=2 | Thu Mar 10 02:20:13 PST 2011 | 7 | 0 78 0 -78
    94 f | p 24 | CTL_Filter.py --time=0.1 --type=CTL2 --block-size=4 --offset=3 | Thu Mar 10 02:20:20 PST 2011 | 6 | 0 31 0 -31
    95 f | p 24 | CTL_Filter.py --time=0.1 --type=CTL3 --block-size=4 --offset=0 | Thu Mar 10 02:20:27 PST 2011 | 14 | 0 131 0 -131
    96 f | p 24 | CTL_Filter.py --time=0.1 --type=CTL3 --block-size=4 --offset=1 | Thu Mar 10 02:20:41 PST 2011 | 6 | 0 17 0 -17
    97 f | p 24 | CTL_Filter.py --time=0.1 --type=CTL3 --block-size=4 --offset=2 | Thu Mar 10 02:20:47 PST 2011 | 24 | 0 2 0 -2
    98 f | p 24 | CTL_Filter.py --time=0.1 --type=CTL3 --block-size=4 --offset=3 | Thu Mar 10 02:21:11 PST 2011 | 5 | 0 1 0 -1
    99 f | p 24 | CTL_Filter.py --time=0.1 --type=CTL4 --block-size=4 --offset=0 | Thu Mar 10 02:21:16 PST 2011 | 28 | 0 103 0 -103
   100 f | p 24 | CTL_Filter.py --time=0.1 --type=CTL4 --block-size=4 --offset=1 | Thu Mar 10 02:21:44 PST 2011 | 7 | 0 23 0 -23
   101 f | p 24 | CTL_Filter.py --time=0.1 --type=CTL4 --block-size=4 --offset=2 | Thu Mar 10 02:21:52 PST 2011 | 7 | 0 11 0 -11
   102 f | p 24 | CTL_Filter.py --time=0.1 --type=CTL4 --block-size=4 --offset=3 | Thu Mar 10 02:21:59 PST 2011 | 14 | 0 17 0 -17
   103 f | p 24 | CTL_Filter.py --time=0.1 --type=CTL1 --block-size=5 --offset=0 | Thu Mar 10 02:22:13 PST 2011 | 28 | 0 12 0 -12
   104 f | p 24 | CTL_Filter.py --time=0.1 --type=CTL1 --block-size=5 --offset=1 | Thu Mar 10 02:22:41 PST 2011 | 30 | 0 5 0 -5
   105 f | p 24 | CTL_Filter.py --time=0.1 --type=CTL1 --block-size=5 --offset=2 | Thu Mar 10 02:23:11 PST 2011 | 5 | 0 2 0 -2
   106 f | p 24 | CTL_Filter.py --time=0.1 --type=CTL1 --block-size=5 --offset=3 | Thu Mar 10 02:23:16 PST 2011 | 5 | 0 6 0 -6
   107 f | p 24 | CTL_Filter.py --time=0.1 --type=CTL1 --block-size=5 --offset=4 | Thu Mar 10 02:23:22 PST 2011 | 19 | 0 5 0 -5
   108 f | p 24 | CTL_Filter.py --time=0.1 --type=CTL2 --block-size=5 --offset=0 | Thu Mar 10 02:23:41 PST 2011 | 10 | 0 36 0 -36
   109 f | p 24 | CTL_Filter.py --time=0.1 --type=CTL2 --block-size=5 --offset=1 | Thu Mar 10 02:23:51 PST 2011 | 10 | 0 9 0 -9
   110 f | p 24 | CTL_Filter.py --time=0.1 --type=CTL2 --block-size=5 --offset=2 | Thu Mar 10 02:24:01 PST 2011 | 15 | 0 7 0 -7
   111 f | p 24 | CTL_Filter.py --time=0.1 --type=CTL2 --block-size=5 --offset=3 | Thu Mar 10 02:24:16 PST 2011 | 29 | 0 5 0 -5
   112 f | p 24 | CTL_Filter.py --time=0.1 --type=CTL2 --block-size=5 --offset=4 | Thu Mar 10 02:24:46 PST 2011 | 30 | 0 7 0 -7
   113 f | p 24 | CTL_Filter.py --time=0.1 --type=CTL3 --block-size=5 --offset=0 | Thu Mar 10 02:25:16 PST 2011 | 28 | 0 219 0 -219
   114 f | p 24 | CTL_Filter.py --time=0.1 --type=CTL3 --block-size=5 --offset=1 | Thu Mar 10 02:25:44 PST 2011 | 8 | 0 11 0 -11
   115 f | p 24 | CTL_Filter.py --time=0.1 --type=CTL3 --block-size=5 --offset=2 | Thu Mar 10 02:25:52 PST 2011 | 22 | 0 7 0 -7
   116 f | p 24 | CTL_Filter.py --time=0.1 --type=CTL3 --block-size=5 --offset=3 | Thu Mar 10 02:26:14 PST 2011 | 30 | 0 8 0 -8
   117 f | p 24 | CTL_Filter.py --time=0.1 --type=CTL3 --block-size=5 --offset=4 | Thu Mar 10 02:26:44 PST 2011 | 30 | 0 4 0 -4
   118 f | p 24 | CTL_Filter.py --time=0.1 --type=CTL4 --block-size=5 --offset=0 | Thu Mar 10 02:27:14 PST 2011 | 33 | 0 0 0 0
   119 f | p 24 | CTL_Filter.py --time=0.1 --type=CTL4 --block-size=5 --offset=1 | Thu Mar 10 02:27:48 PST 2011 | 9 | 0 0 0 0
   120 f | p 24 | CTL_Filter.py --time=0.1 --type=CTL4 --block-size=5 --offset=2 | Thu Mar 10 02:27:57 PST 2011 | 10 | 0 0 0 0
   121 f | p 24 | CTL_Filter.py --time=0.1 --type=CTL4 --block-size=5 --offset=3 | Thu Mar 10 02:28:07 PST 2011 | 11 | 0 0 0 0
   122 f | p 24 | CTL_Filter.py --time=0.1 --type=CTL4 --block-size=5 --offset=4 | Thu Mar 10 02:28:18 PST 2011 | 10 | 0 0 0 0
   123 f | p 24 | CTL_Filter.py --time=0.1 --type=CTL1 --block-size=6 --offset=0 | Thu Mar 10 02:28:28 PST 2011 | 8 | 0 328 0 -328
   124 f | p 24 | CTL_Filter.py --time=0.1 --type=CTL1 --block-size=6 --offset=1 | Thu Mar 10 02:28:36 PST 2011 | 8 | 0 29 0 -29
   125 f | p 24 | CTL_Filter.py --time=0.1 --type=CTL1 --block-size=6 --offset=2 | Thu Mar 10 02:28:44 PST 2011 | 8 | 0 7 0 -7
   126 f | p 24 | CTL_Filter.py --time=0.1 --type=CTL1 --block-size=6 --offset=3 | Thu Mar 10 02:28:52 PST 2011 | 22 | 0 12 0 -12
   127 f | p 24 | CTL_Filter.py --time=0.1 --type=CTL1 --block-size=6 --offset=4 | Thu Mar 10 02:29:14 PST 2011 | 8 | 0 85 0 -85
   128 f | p 24 | CTL_Filter.py --time=0.1 --type=CTL1 --block-size=6 --offset=5 | Thu Mar 10 02:29:22 PST 2011 | 22 | 0 49 0 -49
   129 f | p 24 | CTL_Filter.py --time=0.1 --type=CTL2 --block-size=6 --offset=0 | Thu Mar 10 02:29:44 PST 2011 | 37 | 0 59 0 -59
   130 f | p 24 | CTL_Filter.py --time=0.1 --type=CTL2 --block-size=6 --offset=1 | Thu Mar 10 02:30:21 PST 2011 | 15 | 0 53 0 -53
   131 f | p 24 | CTL_Filter.py --time=0.1 --type=CTL2 --block-size=6 --offset=2 | Thu Mar 10 02:30:36 PST 2011 | 14 | 0 21 0 -21
   132 f | p 24 | CTL_Filter.py --time=0.1 --type=CTL2 --block-size=6 --offset=3 | Thu Mar 10 02:30:50 PST 2011 | 30 | 0 9 0 -9
   133 f | p 24 | CTL_Filter.py --time=0.1 --type=CTL2 --block-size=6 --offset=4 | Thu Mar 10 02:31:20 PST 2011 | 14 | 0 11 0 -11
   134 f | p 24 | CTL_Filter.py --time=0.1 --type=CTL2 --block-size=6 --offset=5 | Thu Mar 10 02:31:34 PST 2011 | 16 | 0 18 0 -18
   135 f | p 24 | CTL_Filter.py --time=0.1 --type=CTL3 --block-size=6 --offset=0 | Thu Mar 10 02:31:50 PST 2011 | 29 | 0 117 0 -117
   136 f | p 24 | CTL_Filter.py --time=0.1 --type=CTL3 --block-size=6 --offset=1 | Thu Mar 10 02:32:19 PST 2011 | 29 | 0 9 0 -9
   137 f | p 24 | CTL_Filter.py --time=0.1 --type=CTL3 --block-size=6 --offset=2 | Thu Mar 10 02:32:48 PST 2011 | 30 | 0 7 0 -7
   138 f | p 24 | CTL_Filter.py --time=0.1 --type=CTL3 --block-size=6 --offset=3 | Thu Mar 10 02:33:18 PST 2011 | 11 | 0 6 0 -6
   139 f | p 24 | CTL_Filter.py --time=0.1 --type=CTL3 --block-size=6 --offset=4 | Thu Mar 10 02:33:30 PST 2011 | 11 | 0 1 0 -1
   140 f | p 24 | CTL_Filter.py --time=0.1 --type=CTL3 --block-size=6 --offset=5 | Thu Mar 10 02:33:41 PST 2011 | 11 | 0 2 0 -2
   141 f | p 24 | CTL_Filter.py --time=0.1 --type=CTL4 --block-size=6 --offset=0 | Thu Mar 10 02:33:52 PST 2011 | 31 | 0 10 0 -10
   142 f | p 24 | CTL_Filter.py --time=0.1 --type=CTL4 --block-size=6 --offset=1 | Thu Mar 10 02:34:23 PST 2011 | 28 | 0 0 0 0
   143 f | p 24 | CTL_Filter.py --time=0.1 --type=CTL4 --block-size=6 --offset=2 | Thu Mar 10 02:34:51 PST 2011 | 15 | 0 1 0 -1
   144 f | p 24 | CTL_Filter.py --time=0.1 --type=CTL4 --block-size=6 --offset=3 | Thu Mar 10 02:35:06 PST 2011 | 15 | 0 1 0 -1
   145 f | p 24 | CTL_Filter.py --time=0.1 --type=CTL4 --block-size=6 --offset=4 | Thu Mar 10 02:35:21 PST 2011 | 14 | 0 0 0 0
   146 f | p 24 | CTL_Filter.py --time=0.1 --type=CTL4 --block-size=6 --offset=5 | Thu Mar 10 02:35:35 PST 2011 | 14 | 0 0 0 0
   147 f | p 24 | Macro_Simulator_Filter.py --recursive --time=0.1 --steps=10000 --block-size=9 | Thu Mar 10 02:35:49 PST 2011 | 48 | 0 174 0 -174
   148 f | p 24 | Macro_Simulator_Filter.py --recursive --time=0.1 --steps=10000 --block-size=10 | Thu Mar 10 02:36:37 PST 2011 | 46 | 0 251 0 -251
   149 f | p 24 | Macro_Simulator_Filter.py --recursive --time=0.1 --steps=10000 --block-size=11 | Thu Mar 10 02:37:24 PST 2011 | 46 | 0 148 0 -148
   150 f | p 24 | Macro_Simulator_Filter.py --recursive --time=0.1 --steps=10000 --block-size=12 | Thu Mar 10 02:38:10 PST 2011 | 73 | 0 177 1 -178
   151 f | p 24 | Assign_Undecideds_Filter --next_machine_number=0 | Thu Mar 10 02:39:23 PST 2011 | 1 | 1 0 -1 0
   152 f | p 24 | Macro_Simulator_Filter.py --recursive --time=0.1 --steps=10000 --block-size=13 | Thu Mar 10 02:39:25 PST 2011 | 45 | 0 64 0 -64
   153 f | p 24 | Macro_Simulator_Filter.py --recursive --time=0.1 --steps=10000 --block-size=14 | Thu Mar 10 02:40:10 PST 2011 | 45 | 0 57 0 -57
   154 f | p 24 | Macro_Simulator_Filter.py --recursive --time=0.1 --steps=10000 --block-size=15 | Thu Mar 10 02:40:55 PST 2011 | 56 | 0 129 0 -129
   155 f | p 24 | Macro_Simulator_Filter.py --recursive --time=0.1 --steps=10000 --block-size=16 | Thu Mar 10 02:41:51 PST 2011 | 44 | 0 70 0 -70
   156 f | p 24 | Macro_Simulator_Filter.py --recursive --time=0.1 --steps=10000 --block-size=17 | Thu Mar 10 02:42:36 PST 2011 | 43 | 0 17 0 -17
   157 f | p 24 | Macro_Simulator_Filter.py --recursive --time=0.1 --steps=10000 --block-size=18 | Thu Mar 10 02:43:19 PST 2011 | 44 | 0 47 0 -47
   158 f | p 24 | Macro_Simulator_Filter.py --recursive --time=0.1 --steps=10000 --block-size=19 | Thu Mar 10 02:44:03 PST 2011 | 43 | 0 12 0 -12
   159 f | p 24 | Macro_Simulator_Filter.py --recursive --time=0.1 --steps=10000 --block-size=20 | Thu Mar 10 02:44:46 PST 2011 | 43 | 0 43 0 -43
   160 f | p 24 | Macro_Simulator_Filter.py --recursive --time=0.1 --steps=10000 --block-size=21 | Thu Mar 10 02:45:29 PST 2011 | 43 | 0 33 0 -33
   161 f | p 24 | Macro_Simulator_Filter.py --recursive --time=0.1 --steps=10000 --block-size=22 | Thu Mar 10 02:46:12 PST 2011 | 68 | 0 15 0 -15
   162 f | p 24 | Macro_Simulator_Filter.py --recursive --time=0.1 --steps=10000 --block-size=23 | Thu Mar 10 02:47:20 PST 2011 | 43 | 0 13 0 -13
   163 f | p 24 | Macro_Simulator_Filter.py --recursive --time=0.1 --steps=10000 --block-size=24 | Thu Mar 10 02:48:03 PST 2011 | 42 | 0 39 0 -39
   164 f | p 24 | Macro_Simulator_Filter.py --recursive --time=0.1 --steps=10000 --block-size=25 | Thu Mar 10 02:48:45 PST 2011 | 43 | 0 19 0 -19
   165 f | p 24 | Macro_Simulator_Filter.py --recursive --time=1.0 --steps=1000000000000000000 --block-size=1 | Thu Mar 10 02:50:47 PST 2011 | 418 | 0 0 0 0
   166 f | p 24 | Macro_Simulator_Filter.py --recursive --time=1.0 --steps=1000000000000000000 --block-size=2 | Thu Mar 10 02:57:45 PST 2011 | 417 | 0 3 2 -5
   167 f | p 24 | Assign_Undecideds_Filter --next_machine_number=0 | Thu Mar 10 03:04:42 PST 2011 | 27 | 2 0 -2 0
   168 f | p 24 | Macro_Simulator_Filter.py --recursive --time=1.0 --steps=1000000000000000000 --block-size=3 | Thu Mar 10 03:05:09 PST 2011 | 426 | 0 10 3 -13
   169 f | p 24 | Assign_Undecideds_Filter --next_machine_number=0 | Thu Mar 10 03:12:15 PST 2011 | 2 | 3 0 -3 0
   170 f | p 24 | Macro_Simulator_Filter.py --recursive --time=1.0 --steps=1000000000000000000 --block-size=4 | Thu Mar 10 03:12:17 PST 2011 | 421 | 0 18 0 -18
   171 f | p 24 | Macro_Simulator_Filter.py --recursive --time=1.0 --steps=1000000000000000000 --block-size=5 | Thu Mar 10 03:19:19 PST 2011 | 423 | 0 29 0 -29
   172 f | p 24 | Macro_Simulator_Filter.py --recursive --time=1.0 --steps=1000000000000000000 --block-size=6 | Thu Mar 10 03:26:23 PST 2011 | 434 | 0 35 1 -36
   173 f | p 24 | Assign_Undecideds_Filter --next_machine_number=0 | Thu Mar 10 03:33:37 PST 2011 | 2 | 1 0 -1 0
   174 f | p 24 | Macro_Simulator_Filter.py --recursive --time=1.0 --steps=1000000000000000000 --block-size=7 | Thu Mar 10 03:33:39 PST 2011 | 420 | 0 8 0 -8
   175 f | p 24 | Macro_Simulator_Filter.py --recursive --time=1.0 --steps=1000000000000000000 --block-size=8 | Thu Mar 10 03:40:39 PST 2011 | 445 | 0 7 1 -8
   176 f | p 24 | Assign_Undecideds_Filter --next_machine_number=0 | Thu Mar 10 03:48:04 PST 2011 | 2 | 1 0 -1 0
   177 f | p 24 | Macro_Simulator_Filter.py --recursive --time=1.0 --steps=1000000000000000000 --block-size=9 | Thu Mar 10 03:48:06 PST 2011 | 417 | 0 0 0 0
   178 f | p 24 | Macro_Simulator_Filter.py --recursive --time=1.0 --steps=1000000000000000000 --block-size=10 | Thu Mar 10 03:55:03 PST 2011 | 416 | 0 6 0 -6
   179 f | p 24 | Macro_Simulator_Filter.py --recursive --time=1.0 --steps=1000000000000000000 --block-size=11 | Thu Mar 10 04:01:59 PST 2011 | 427 | 0 0 0 0
   180 f | p 24 | Macro_Simulator_Filter.py --recursive --time=1.0 --steps=1000000000000000000 --block-size=12 | Thu Mar 10 04:09:06 PST 2011 | 414 | 0 5 0 -5
   181 f | p 24 | Macro_Simulator_Filter.py --recursive --time=1.0 --steps=1000000000000000000 --block-size=13 | Thu Mar 10 04:16:00 PST 2011 | 425 | 0 0 0 0
   182 f | p 24 | Macro_Simulator_Filter.py --recursive --time=1.0 --steps=1000000000000000000 --block-size=14 | Thu Mar 10 04:23:05 PST 2011 | 416 | 0 3 0 -3
   183 f | p 24 | Macro_Simulator_Filter.py --recursive --time=1.0 --steps=1000000000000000000 --block-size=15 | Thu Mar 10 04:30:01 PST 2011 | 421 | 0 15 0 -15
   184 f | p 24 | Macro_Simulator_Filter.py --recursive --time=1.0 --steps=1000000000000000000 --block-size=16 | Thu Mar 10 04:37:02 PST 2011 | 417 | 0 0 0 0
   185 f | p 24 | Macro_Simulator_Filter.py --recursive --time=1.0 --steps=1000000000000000000 --block-size=17 | Thu Mar 10 04:43:59 PST 2011 | 414 | 0 0 0 0
   186 f | p 24 | Macro_Simulator_Filter.py --recursive --time=1.0 --steps=1000000000000000000 --block-size=18 | Thu Mar 10 04:50:53 PST 2011 | 425 | 0 1 0 -1
   187 f | p 24 | Macro_Simulator_Filter.py --recursive --time=1.0 --steps=1000000000000000000 --block-size=19 | Thu Mar 10 04:57:58 PST 2011 | 413 | 0 1 0 -1
   188 f | p 24 | Macro_Simulator_Filter.py --recursive --time=1.0 --steps=1000000000000000000 --block-size=20 | Thu Mar 10 05:04:51 PST 2011 | 410 | 0 9 0 -9
   189 f | p 24 | Macro_Simulator_Filter.py --recursive --time=1.0 --steps=1000000000000000000 --block-size=21 | Thu Mar 10 05:11:41 PST 2011 | 410 | 0 10 0 -10
   190 f | p 24 | Macro_Simulator_Filter.py --recursive --time=1.0 --steps=1000000000000000000 --block-size=22 | Thu Mar 10 05:18:32 PST 2011 | 414 | 0 0 0 0
   191 f | p 24 | Macro_Simulator_Filter.py --recursive --time=1.0 --steps=1000000000000000000 --block-size=23 | Thu Mar 10 05:25:26 PST 2011 | 408 | 0 2 0 -2
   192 f | p 24 | Macro_Simulator_Filter.py --recursive --time=1.0 --steps=1000000000000000000 --block-size=24 | Thu Mar 10 05:32:15 PST 2011 | 407 | 0 5 0 -5
   193 f | p 24 | Macro_Simulator_Filter.py --recursive --time=1.0 --steps=1000000000000000000 --block-size=25 | Thu Mar 10 05:39:02 PST 2011 | 409 | 0 3 0 -3
   194 f | p 24 | CTL_Filter.py --time=1.0 --type=CTL1 --block-size=1 --offset=0 | Thu Mar 10 10:00:32 PST 2011 | 2 | 0 0 0 0
   195 f | p 24 | CTL_Filter.py --time=1.0 --type=CTL2 --block-size=1 --offset=0 | Thu Mar 10 10:00:35 PST 2011 | 2 | 0 0 0 0
   196 f | p 24 | CTL_Filter.py --time=1.0 --type=CTL3 --block-size=1 --offset=0 | Thu Mar 10 10:00:37 PST 2011 | 3 | 0 0 0 0
   197 f | p 24 | CTL_Filter.py --time=1.0 --type=CTL4 --block-size=1 --offset=0 | Thu Mar 10 10:00:40 PST 2011 | 3 | 0 0 0 0
   198 f | p 24 | CTL_Filter.py --time=1.0 --type=CTL1 --block-size=2 --offset=0 | Thu Mar 10 10:00:43 PST 2011 | 3 | 0 0 0 0
   199 f | p 24 | CTL_Filter.py --time=1.0 --type=CTL1 --block-size=2 --offset=1 | Thu Mar 10 10:00:46 PST 2011 | 2 | 0 0 0 0
   200 f | p 24 | CTL_Filter.py --time=1.0 --type=CTL2 --block-size=2 --offset=0 | Thu Mar 10 10:00:48 PST 2011 | 3 | 0 0 0 0
   201 f | p 24 | CTL_Filter.py --time=1.0 --type=CTL2 --block-size=2 --offset=1 | Thu Mar 10 10:00:51 PST 2011 | 3 | 0 0 0 0
   202 f | p 24 | CTL_Filter.py --time=1.0 --type=CTL3 --block-size=2 --offset=0 | Thu Mar 10 10:00:54 PST 2011 | 3 | 0 0 0 0
   203 f | p 24 | CTL_Filter.py --time=1.0 --type=CTL3 --block-size=2 --offset=1 | Thu Mar 10 10:00:57 PST 2011 | 3 | 0 0 0 0
   204 f | p 24 | CTL_Filter.py --time=1.0 --type=CTL4 --block-size=2 --offset=0 | Thu Mar 10 10:01:00 PST 2011 | 2 | 0 0 0 0
   205 f | p 24 | CTL_Filter.py --time=1.0 --type=CTL4 --block-size=2 --offset=1 | Thu Mar 10 10:01:03 PST 2011 | 2 | 0 0 0 0
   206 f | p 24 | CTL_Filter.py --time=1.0 --type=CTL1 --block-size=3 --offset=0 | Thu Mar 10 10:01:05 PST 2011 | 3 | 0 0 0 0
   207 f | p 24 | CTL_Filter.py --time=1.0 --type=CTL1 --block-size=3 --offset=1 | Thu Mar 10 10:01:08 PST 2011 | 3 | 0 0 0 0
   208 f | p 24 | CTL_Filter.py --time=1.0 --type=CTL1 --block-size=3 --offset=2 | Thu Mar 10 10:01:11 PST 2011 | 2 | 0 0 0 0
   209 f | p 24 | CTL_Filter.py --time=1.0 --type=CTL2 --block-size=3 --offset=0 | Thu Mar 10 10:01:13 PST 2011 | 4 | 0 2 0 -2
   210 f | p 24 | CTL_Filter.py --time=1.0 --type=CTL2 --block-size=3 --offset=1 | Thu Mar 10 10:01:17 PST 2011 | 4 | 0 0 0 0
   211 f | p 24 | CTL_Filter.py --time=1.0 --type=CTL2 --block-size=3 --offset=2 | Thu Mar 10 10:01:21 PST 2011 | 3 | 0 0 0 0
   212 f | p 24 | CTL_Filter.py --time=1.0 --type=CTL3 --block-size=3 --offset=0 | Thu Mar 10 10:01:24 PST 2011 | 3 | 0 0 0 0
   213 f | p 24 | CTL_Filter.py --time=1.0 --type=CTL3 --block-size=3 --offset=1 | Thu Mar 10 10:01:27 PST 2011 | 3 | 0 0 0 0
   214 f | p 24 | CTL_Filter.py --time=1.0 --type=CTL3 --block-size=3 --offset=2 | Thu Mar 10 10:01:30 PST 2011 | 3 | 0 0 0 0
   215 f | p 24 | CTL_Filter.py --time=1.0 --type=CTL4 --block-size=3 --offset=0 | Thu Mar 10 10:01:33 PST 2011 | 4 | 0 0 0 0
   216 f | p 24 | CTL_Filter.py --time=1.0 --type=CTL4 --block-size=3 --offset=1 | Thu Mar 10 10:01:37 PST 2011 | 4 | 0 0 0 0
   217 f | p 24 | CTL_Filter.py --time=1.0 --type=CTL4 --block-size=3 --offset=2 | Thu Mar 10 10:01:41 PST 2011 | 4 | 0 0 0 0
   218 f | p 24 | CTL_Filter.py --time=1.0 --type=CTL1 --block-size=4 --offset=0 | Thu Mar 10 10:01:45 PST 2011 | 4 | 0 0 0 0
   219 f | p 24 | CTL_Filter.py --time=1.0 --type=CTL1 --block-size=4 --offset=1 | Thu Mar 10 10:01:49 PST 2011 | 4 | 0 0 0 0
   220 f | p 24 | CTL_Filter.py --time=1.0 --type=CTL1 --block-size=4 --offset=2 | Thu Mar 10 10:01:53 PST 2011 | 4 | 0 0 0 0
   221 f | p 24 | CTL_Filter.py --time=1.0 --type=CTL1 --block-size=4 --offset=3 | Thu Mar 10 10:01:57 PST 2011 | 4 | 0 0 0 0
   222 f | p 24 | CTL_Filter.py --time=1.0 --type=CTL2 --block-size=4 --offset=0 | Thu Mar 10 10:02:01 PST 2011 | 6 | 0 2 0 -2
   223 f | p 24 | CTL_Filter.py --time=1.0 --type=CTL2 --block-size=4 --offset=1 | Thu Mar 10 10:02:07 PST 2011 | 7 | 0 1 0 -1
   224 f | p 24 | CTL_Filter.py --time=1.0 --type=CTL2 --block-size=4 --offset=2 | Thu Mar 10 10:02:15 PST 2011 | 5 | 0 0 0 0
   225 f | p 24 | CTL_Filter.py --time=1.0 --type=CTL2 --block-size=4 --offset=3 | Thu Mar 10 10:02:20 PST 2011 | 5 | 0 0 0 0
   226 f | p 24 | CTL_Filter.py --time=1.0 --type=CTL3 --block-size=4 --offset=0 | Thu Mar 10 10:02:25 PST 2011 | 4 | 0 0 0 0
   227 f | p 24 | CTL_Filter.py --time=1.0 --type=CTL3 --block-size=4 --offset=1 | Thu Mar 10 10:02:30 PST 2011 | 5 | 0 0 0 0
   228 f | p 24 | CTL_Filter.py --time=1.0 --type=CTL3 --block-size=4 --offset=2 | Thu Mar 10 10:02:35 PST 2011 | 5 | 0 0 0 0
   229 f | p 24 | CTL_Filter.py --time=1.0 --type=CTL3 --block-size=4 --offset=3 | Thu Mar 10 10:02:40 PST 2011 | 4 | 0 0 0 0
   230 f | p 24 | CTL_Filter.py --time=1.0 --type=CTL4 --block-size=4 --offset=0 | Thu Mar 10 10:02:44 PST 2011 | 9 | 0 0 0 0
   231 f | p 24 | CTL_Filter.py --time=1.0 --type=CTL4 --block-size=4 --offset=1 | Thu Mar 10 10:02:53 PST 2011 | 7 | 0 0 0 0
   232 f | p 24 | CTL_Filter.py --time=1.0 --type=CTL4 --block-size=4 --offset=2 | Thu Mar 10 10:03:00 PST 2011 | 8 | 0 0 0 0
   233 f | p 24 | CTL_Filter.py --time=1.0 --type=CTL4 --block-size=4 --offset=3 | Thu Mar 10 10:03:08 PST 2011 | 6 | 0 0 0 0
   234 f | p 24 | CTL_Filter.py --time=1.0 --type=CTL1 --block-size=5 --offset=0 | Thu Mar 10 10:03:14 PST 2011 | 8 | 0 0 0 0
   235 f | p 24 | CTL_Filter.py --time=1.0 --type=CTL1 --block-size=5 --offset=1 | Thu Mar 10 10:03:22 PST 2011 | 7 | 0 0 0 0
   236 f | p 24 | CTL_Filter.py --time=1.0 --type=CTL1 --block-size=5 --offset=2 | Thu Mar 10 10:03:29 PST 2011 | 8 | 0 0 0 0
   237 f | p 24 | CTL_Filter.py --time=1.0 --type=CTL1 --block-size=5 --offset=3 | Thu Mar 10 10:03:38 PST 2011 | 8 | 0 0 0 0
   238 f | p 24 | CTL_Filter.py --time=1.0 --type=CTL1 --block-size=5 --offset=4 | Thu Mar 10 10:03:46 PST 2011 | 8 | 0 0 0 0
   239 f | p 24 | CTL_Filter.py --time=1.0 --type=CTL2 --block-size=5 --offset=0 | Thu Mar 10 10:03:54 PST 2011 | 15 | 0 1 0 -1
   240 f | p 24 | CTL_Filter.py --time=1.0 --type=CTL2 --block-size=5 --offset=1 | Thu Mar 10 10:04:10 PST 2011 | 40 | 0 0 0 0
   241 f | p 24 | CTL_Filter.py --time=1.0 --type=CTL2 --block-size=5 --offset=2 | Thu Mar 10 10:04:50 PST 2011 | 14 | 0 2 0 -2
   242 f | p 24 | CTL_Filter.py --time=1.0 --type=CTL2 --block-size=5 --offset=3 | Thu Mar 10 10:05:04 PST 2011 | 16 | 0 0 0 0
   243 f | p 24 | CTL_Filter.py --time=1.0 --type=CTL2 --block-size=5 --offset=4 | Thu Mar 10 10:05:20 PST 2011 | 13 | 0 0 0 0
   244 f | p 24 | CTL_Filter.py --time=1.0 --type=CTL3 --block-size=5 --offset=0 | Thu Mar 10 10:05:34 PST 2011 | 12 | 0 0 0 0
   245 f | p 24 | CTL_Filter.py --time=1.0 --type=CTL3 --block-size=5 --offset=1 | Thu Mar 10 10:05:46 PST 2011 | 11 | 0 0 0 0
   246 f | p 24 | CTL_Filter.py --time=1.0 --type=CTL3 --block-size=5 --offset=2 | Thu Mar 10 10:05:57 PST 2011 | 11 | 0 0 0 0
   247 f | p 24 | CTL_Filter.py --time=1.0 --type=CTL3 --block-size=5 --offset=3 | Thu Mar 10 10:06:08 PST 2011 | 12 | 0 0 0 0
   248 f | p 24 | CTL_Filter.py --time=1.0 --type=CTL3 --block-size=5 --offset=4 | Thu Mar 10 10:06:20 PST 2011 | 11 | 0 0 0 0
   249 f | p 24 | CTL_Filter.py --time=1.0 --type=CTL4 --block-size=5 --offset=0 | Thu Mar 10 10:06:31 PST 2011 | 19 | 0 0 0 0
   250 f | p 24 | CTL_Filter.py --time=1.0 --type=CTL4 --block-size=5 --offset=1 | Thu Mar 10 10:06:50 PST 2011 | 14 | 0 0 0 0
   251 f | p 24 | CTL_Filter.py --time=1.0 --type=CTL4 --block-size=5 --offset=2 | Thu Mar 10 10:07:04 PST 2011 | 15 | 0 0 0 0
   252 f | p 24 | CTL_Filter.py --time=1.0 --type=CTL4 --block-size=5 --offset=3 | Thu Mar 10 10:07:19 PST 2011 | 13 | 0 0 0 0
   253 f | p 24 | CTL_Filter.py --time=1.0 --type=CTL4 --block-size=5 --offset=4 | Thu Mar 10 10:07:32 PST 2011 | 16 | 0 0 0 0
   254 f | p 24 | CTL_Filter.py --time=1.0 --type=CTL1 --block-size=6 --offset=0 | Thu Mar 10 10:07:48 PST 2011 | 16 | 0 0 0 0
   255 f | p 24 | CTL_Filter.py --time=1.0 --type=CTL1 --block-size=6 --offset=1 | Thu Mar 10 10:08:04 PST 2011 | 14 | 0 1 0 -1
   256 f | p 24 | CTL_Filter.py --time=1.0 --type=CTL1 --block-size=6 --offset=2 | Thu Mar 10 10:08:18 PST 2011 | 15 | 0 1 0 -1
   257 f | p 24 | CTL_Filter.py --time=1.0 --type=CTL1 --block-size=6 --offset=3 | Thu Mar 10 10:08:33 PST 2011 | 22 | 0 0 0 0
   258 f | p 24 | CTL_Filter.py --time=1.0 --type=CTL1 --block-size=6 --offset=4 | Thu Mar 10 10:08:55 PST 2011 | 15 | 0 0 0 0
   259 f | p 24 | CTL_Filter.py --time=1.0 --type=CTL1 --block-size=6 --offset=5 | Thu Mar 10 10:09:10 PST 2011 | 14 | 0 1 0 -1
   260 f | p 24 | CTL_Filter.py --time=1.0 --type=CTL2 --block-size=6 --offset=0 | Thu Mar 10 10:09:25 PST 2011 | 35 | 0 5 0 -5
   261 f | p 24 | CTL_Filter.py --time=1.0 --type=CTL2 --block-size=6 --offset=1 | Thu Mar 10 10:10:00 PST 2011 | 42 | 0 1 0 -1
   262 f | p 24 | CTL_Filter.py --time=1.0 --type=CTL2 --block-size=6 --offset=2 | Thu Mar 10 10:10:42 PST 2011 | 44 | 0 1 0 -1
   263 f | p 24 | CTL_Filter.py --time=1.0 --type=CTL2 --block-size=6 --offset=3 | Thu Mar 10 10:11:26 PST 2011 | 43 | 0 0 0 0
   264 f | p 24 | CTL_Filter.py --time=1.0 --type=CTL2 --block-size=6 --offset=4 | Thu Mar 10 10:12:09 PST 2011 | 35 | 0 0 0 0
   265 f | p 24 | CTL_Filter.py --time=1.0 --type=CTL2 --block-size=6 --offset=5 | Thu Mar 10 10:12:44 PST 2011 | 34 | 0 0 0 0
   266 f | p 24 | CTL_Filter.py --time=1.0 --type=CTL3 --block-size=6 --offset=0 | Thu Mar 10 10:13:18 PST 2011 | 23 | 0 0 0 0
   267 f | p 24 | CTL_Filter.py --time=1.0 --type=CTL3 --block-size=6 --offset=1 | Thu Mar 10 10:13:42 PST 2011 | 22 | 0 0 0 0
   268 f | p 24 | CTL_Filter.py --time=1.0 --type=CTL3 --block-size=6 --offset=2 | Thu Mar 10 10:14:04 PST 2011 | 22 | 0 0 0 0
   269 f | p 24 | CTL_Filter.py --time=1.0 --type=CTL3 --block-size=6 --offset=3 | Thu Mar 10 10:14:26 PST 2011 | 23 | 0 0 0 0
   270 f | p 24 | CTL_Filter.py --time=1.0 --type=CTL3 --block-size=6 --offset=4 | Thu Mar 10 10:14:49 PST 2011 | 22 | 0 0 0 0
   271 f | p 24 | CTL_Filter.py --time=1.0 --type=CTL3 --block-size=6 --offset=5 | Thu Mar 10 10:15:11 PST 2011 | 20 | 0 0 0 0
   272 f | p 24 | CTL_Filter.py --time=1.0 --type=CTL4 --block-size=6 --offset=0 | Thu Mar 10 10:15:31 PST 2011 | 41 | 0 0 0 0
   273 f | p 24 | CTL_Filter.py --time=1.0 --type=CTL4 --block-size=6 --offset=1 | Thu Mar 10 10:16:12 PST 2011 | 37 | 0 0 0 0
   274 f | p 24 | CTL_Filter.py --time=1.0 --type=CTL4 --block-size=6 --offset=2 | Thu Mar 10 10:16:49 PST 2011 | 33 | 0 0 0 0
   275 f | p 24 | CTL_Filter.py --time=1.0 --type=CTL4 --block-size=6 --offset=3 | Thu Mar 10 10:17:22 PST 2011 | 42 | 0 0 0 0
   276 f | p 24 | CTL_Filter.py --time=1.0 --type=CTL4 --block-size=6 --offset=4 | Thu Mar 10 10:18:04 PST 2011 | 34 | 0 0 0 0
   277 f | p 24 | CTL_Filter.py --time=1.0 --type=CTL4 --block-size=6 --offset=5 | Thu Mar 10 10:18:38 PST 2011 | 35 | 0 0 0 0
   278 f | p 24 | Macro_Simulator_Filter.py --recursive --time=10.0 --steps=1000000000000000000 --block-size=1 | Thu Mar 10 19:03:55 PST 2011 | 4027 | 0 0 0 0
   279 f | p 24 | Macro_Simulator_Filter.py --recursive --time=10.0 --steps=1000000000000000000 --block-size=2 | Thu Mar 10 20:11:02 PST 2011 | 4042 | 0 0 0 0
   280 f | p 24 | Macro_Simulator_Filter.py --recursive --time=10.0 --steps=1000000000000000000 --block-size=3 | Thu Mar 10 21:18:24 PST 2011 | 4092 | 0 0 1 -1
   281 f | p 24 | Assign_Undecideds_Filter --next_machine_number=0 | Thu Mar 10 22:26:36 PST 2011 | 6 | 1 0 -1 0
   282 f | p 24 | Macro_Simulator_Filter.py --recursive --time=10.0 --steps=1000000000000000000 --block-size=4 | Thu Mar 10 22:26:42 PST 2011 | 4089 | 0 2 0 -2
   283 f | p 24 | Macro_Simulator_Filter.py --recursive --time=10.0 --steps=1000000000000000000 --block-size=5 | Thu Mar 10 23:34:51 PST 2011 | 4098 | 0 4 0 -4
   284 f | p 24 | Macro_Simulator_Filter.py --recursive --time=10.0 --steps=1000000000000000000 --block-size=6 | Fri Mar 11 00:43:09 PST 2011 | 4101 | 0 1 0 -1
