Integrate_Data.py Enum.2.3.0.out Enum.2.3.0.halt Enum.2.3.0.infinite Enum.2.3.0.unknown Enum.2.3.0.error Enum.2.3.0.undecided 
     1 | Mon Dec 27 11:44:15 PST 2010 - Mon Dec 27 11:44:15 PST 2010 | Initial_Filter --infile=Enum.2.3.0.unknown --outfile=Enum.2.3.0.out --log_number=1 | 850 1396 0 587
     2 | Mon Dec 27 11:44:15 PST 2010 - Mon Dec 27 11:44:15 PST 2010 | Dual_Machine_Filter.py --tape=100 --steps=100 --infile=Enum.2.3.0.unknown --outfile=Enum.2.3.0.out --log_number=2 | 0 49 16 -65
     3 | Mon Dec 27 11:44:15 PST 2010 - Mon Dec 27 11:44:15 PST 2010 | Assign_Undecideds_Filter --next_machine_number=0 --infile=Enum.2.3.0.unknown --outfile=Enum.2.3.0.out --log_number=3 | 16 0 0 0
     4 | Mon Dec 27 11:44:15 PST 2010 - Mon Dec 27 11:44:15 PST 2010 | Dual_Machine_Filter.py --tape=100 --steps=100 --infile=Enum.2.3.0.unknown --outfile=Enum.2.3.0.out --log_number=4 | 0 0 0 0
     5 | Mon Dec 27 11:44:15 PST 2010 - Mon Dec 27 11:44:15 PST 2010 | Reverse_Engineer_Filter.py --infile=Enum.2.3.0.unknown --outfile=Enum.2.3.0.out --log_number=5 | 0 0 0 0
     6 | Mon Dec 27 11:44:15 PST 2010 - Mon Dec 27 11:44:16 PST 2010 | Macro_Simulator_Filter.py --recursive --time=0.001 --steps=100 --size=1 --infile=Enum.2.3.0.unknown --outfile=Enum.2.3.0.out --log_number=6 | 0 310 0 -310
     7 | Mon Dec 27 11:44:16 PST 2010 - Mon Dec 27 11:44:16 PST 2010 | Macro_Simulator_Filter.py --recursive --time=0.001 --steps=100 --size=2 --infile=Enum.2.3.0.unknown --outfile=Enum.2.3.0.out --log_number=7 | 0 188 0 -188
     8 | Mon Dec 27 11:44:16 PST 2010 - Mon Dec 27 11:44:16 PST 2010 | Macro_Simulator_Filter.py --recursive --time=0.001 --steps=100 --size=3 --infile=Enum.2.3.0.unknown --outfile=Enum.2.3.0.out --log_number=8 | 0 15 0 -15
     9 | Mon Dec 27 11:44:16 PST 2010 - Mon Dec 27 11:44:16 PST 2010 | Macro_Simulator_Filter.py --recursive --time=0.001 --steps=100 --size=4 --infile=Enum.2.3.0.unknown --outfile=Enum.2.3.0.out --log_number=9 | 0 0 0 0
    10 | Mon Dec 27 11:44:16 PST 2010 - Mon Dec 27 11:44:16 PST 2010 | Macro_Simulator_Filter.py --recursive --time=0.001 --steps=100 --size=5 --infile=Enum.2.3.0.unknown --outfile=Enum.2.3.0.out --log_number=10 | 0 0 0 0
    11 | Mon Dec 27 11:44:16 PST 2010 - Mon Dec 27 11:44:16 PST 2010 | Macro_Simulator_Filter.py --recursive --time=0.001 --steps=100 --size=6 --infile=Enum.2.3.0.unknown --outfile=Enum.2.3.0.out --log_number=11 | 0 0 0 0
    12 | Mon Dec 27 11:44:16 PST 2010 - Mon Dec 27 11:44:16 PST 2010 | Reverse_Engineer_Filter.py --infile=Enum.2.3.0.unknown --outfile=Enum.2.3.0.out --log_number=12 | 0 0 0 0
    13 | Mon Dec 27 11:44:16 PST 2010 - Mon Dec 27 11:44:16 PST 2010 | CTL_Filter.py --time=0.01 --type=CTL1 --size=1 --offset=0 --infile=Enum.2.3.0.unknown --outfile=Enum.2.3.0.out --log_number=13 | 0 5 0 -5
    14 | Mon Dec 27 11:44:16 PST 2010 - Mon Dec 27 11:44:16 PST 2010 | CTL_Filter.py --time=0.01 --type=CTL2 --size=1 --offset=0 --infile=Enum.2.3.0.unknown --outfile=Enum.2.3.0.out --log_number=14 | 0 1 0 -1
    15 | Mon Dec 27 11:44:17 PST 2010 - Mon Dec 27 11:44:17 PST 2010 | CTL_Filter.py --time=0.01 --type=CTL3 --size=1 --offset=0 --infile=Enum.2.3.0.unknown --outfile=Enum.2.3.0.out --log_number=15 | 0 0 0 0
    16 | Mon Dec 27 11:44:17 PST 2010 - Mon Dec 27 11:44:17 PST 2010 | CTL_Filter.py --time=0.01 --type=CTL4 --size=1 --offset=0 --infile=Enum.2.3.0.unknown --outfile=Enum.2.3.0.out --log_number=16 | 0 0 0 0
    17 | Mon Dec 27 11:44:17 PST 2010 - Mon Dec 27 11:44:17 PST 2010 | CTL_Filter.py --time=0.01 --type=CTL1 --size=2 --offset=0 --infile=Enum.2.3.0.unknown --outfile=Enum.2.3.0.out --log_number=17 | 0 0 0 0
    18 | Mon Dec 27 11:44:17 PST 2010 - Mon Dec 27 11:44:17 PST 2010 | CTL_Filter.py --time=0.01 --type=CTL1 --size=2 --offset=1 --infile=Enum.2.3.0.unknown --outfile=Enum.2.3.0.out --log_number=18 | 0 0 0 0
    19 | Mon Dec 27 11:44:17 PST 2010 - Mon Dec 27 11:44:17 PST 2010 | CTL_Filter.py --time=0.01 --type=CTL2 --size=2 --offset=0 --infile=Enum.2.3.0.unknown --outfile=Enum.2.3.0.out --log_number=19 | 0 2 0 -2
    20 | Mon Dec 27 11:44:17 PST 2010 - Mon Dec 27 11:44:17 PST 2010 | CTL_Filter.py --time=0.01 --type=CTL2 --size=2 --offset=1 --infile=Enum.2.3.0.unknown --outfile=Enum.2.3.0.out --log_number=20 | 0 0 0 0
    21 | Mon Dec 27 11:44:17 PST 2010 - Mon Dec 27 11:44:17 PST 2010 | CTL_Filter.py --time=0.01 --type=CTL3 --size=2 --offset=0 --infile=Enum.2.3.0.unknown --outfile=Enum.2.3.0.out --log_number=21 | 0 0 0 0
    22 | Mon Dec 27 11:44:17 PST 2010 - Mon Dec 27 11:44:17 PST 2010 | CTL_Filter.py --time=0.01 --type=CTL3 --size=2 --offset=1 --infile=Enum.2.3.0.unknown --outfile=Enum.2.3.0.out --log_number=22 | 0 0 0 0
    23 | Mon Dec 27 11:44:17 PST 2010 - Mon Dec 27 11:44:17 PST 2010 | CTL_Filter.py --time=0.01 --type=CTL4 --size=2 --offset=0 --infile=Enum.2.3.0.unknown --outfile=Enum.2.3.0.out --log_number=23 | 0 0 0 0
    24 | Mon Dec 27 11:44:17 PST 2010 - Mon Dec 27 11:44:17 PST 2010 | CTL_Filter.py --time=0.01 --type=CTL4 --size=2 --offset=1 --infile=Enum.2.3.0.unknown --outfile=Enum.2.3.0.out --log_number=24 | 0 0 0 0
    25 | Mon Dec 27 11:44:17 PST 2010 - Mon Dec 27 11:44:17 PST 2010 | Macro_Simulator_Filter.py --recursive --time=0.01 --steps=1000 --size=1 --infile=Enum.2.3.0.unknown --outfile=Enum.2.3.0.out --log_number=25 | 0 0 0 0
    26 | Mon Dec 27 11:44:17 PST 2010 - Mon Dec 27 11:44:17 PST 2010 | Macro_Simulator_Filter.py --recursive --time=0.01 --steps=1000 --size=2 --infile=Enum.2.3.0.unknown --outfile=Enum.2.3.0.out --log_number=26 | 0 1 0 -1
------ | All TMs resolved
