     1 g | s | Enumerate_Filter_Parallel 16 Enum.5.2.0 --states=5 --symbols=2 --steps=0 --time=0.0001 --stack_mult=10000 --checkpoint_interval=100000 | Tue Mar 8 22:27:34 PST 2011 | 244 | 328573 1018885 0 1805731
     2 g | p 16 | Dual_Machine_Filter.py --tape=100 --steps=100 | Tue Mar 8 22:57:54 PST 2011 | 28 | 0 466504 450803 -917307
     3 g | p 16 | Find_New_TM_Filter --tape=100 --steps=100 --next_machine_number=0 | Tue Mar 8 22:58:22 PST 2011 | 97 | 450803 845685 465270 1985558
     4 g | p 16 | Find_New_TM_Filter --tape=100 --steps=100 --next_machine_number=0 | Tue Mar 8 22:59:59 PST 2011 | 168 | 916073 1404899 773123 3430637
     5 g | p 16 | Find_New_TM_Filter --tape=100 --steps=100 --next_machine_number=0 | Tue Mar 8 23:02:48 PST 2011 | 302 | 1689196 2309371 1346575 6087002
     6 g | p 16 | Find_New_TM_Filter --tape=100 --steps=100 --next_machine_number=0 | Tue Mar 8 23:07:50 PST 2011 | 449 | 3035771 2752120 745444 7457929
     7 g | p 16 | Find_New_TM_Filter --tape=100 --steps=100 --next_machine_number=0 | Tue Mar 8 23:15:20 PST 2011 | 617 | 3781215 3459294 1870767 10430324
     8 g | p 16 | Find_New_TM_Filter --tape=100 --steps=100 --next_machine_number=0 | Tue Mar 8 23:25:39 PST 2011 | 1124 | 5651982 4733621 2137228 14745309
     9 g | p 16 | Find_New_TM_Filter --tape=100 --steps=100 --next_machine_number=0 | Tue Mar 8 23:44:27 PST 2011 | 1848 | 7789210 7263583 2906834 23271053
    10 g | p 16 | Find_New_TM_Filter --tape=100 --steps=100 --next_machine_number=0 | Wed Mar 9 00:15:19 PST 2011 | 497 | 10696044 0 -10696044 0
    11 f | p 16 | Reverse_Engineer_Filter.py | Wed Mar 9 00:24:08 PST 2011 | 964 | 0 10683238 0 -10683238
    12 f | p 16 | Macro_Simulator_Filter.py --recursive --time=0.001 --steps=100 --block-size=1 | Wed Mar 9 00:40:16 PST 2011 | 5545 | 0 16914623 98 -16914721
    13 f | p 16 | Assign_Undecideds_Filter --next_machine_number=0 | Wed Mar 9 02:12:44 PST 2011 | 48 | 98 0 -98 0
    14 f | p 16 | Macro_Simulator_Filter.py --recursive --time=0.001 --steps=100 --block-size=2 | Wed Mar 9 02:13:35 PST 2011 | 2676 | 0 17205624 364 -17205988
    15 f | p 16 | Assign_Undecideds_Filter --next_machine_number=0 | Wed Mar 9 02:58:13 PST 2011 | 33 | 364 0 -364 0
    16 f | p 16 | Macro_Simulator_Filter.py --recursive --time=0.001 --steps=100 --block-size=3 | Wed Mar 9 02:58:47 PST 2011 | 1868 | 0 10749001 2355 -10751356
    17 f | p 16 | Assign_Undecideds_Filter --next_machine_number=0 | Wed Mar 9 03:29:56 PST 2011 | 17 | 2355 0 -2355 320
    18 f | p 16 | Macro_Simulator_Filter.py --recursive --time=0.001 --steps=100 --block-size=4 | Wed Mar 9 03:30:14 PST 2011 | 1024 | 0 6339822 3076 -6342898
    19 f | p 16 | Assign_Undecideds_Filter --next_machine_number=0 | Wed Mar 9 03:47:19 PST 2011 | 8 | 3076 0 -3076 540
    20 f | p 16 | Macro_Simulator_Filter.py --recursive --time=0.001 --steps=100 --block-size=5 | Wed Mar 9 03:47:28 PST 2011 | 594 | 0 1809954 3186 -1813140
    21 f | p 16 | Assign_Undecideds_Filter --next_machine_number=0 | Wed Mar 9 03:57:22 PST 2011 | 5 | 3186 0 -3186 340
    22 f | p 16 | Macro_Simulator_Filter.py --recursive --time=0.001 --steps=100 --block-size=6 | Wed Mar 9 03:57:28 PST 2011 | 465 | 0 1079030 4003 -1083033
    23 f | p 16 | Assign_Undecideds_Filter --next_machine_number=0 | Wed Mar 9 04:05:13 PST 2011 | 19 | 4003 0 -4003 320
    24 f | p 16 | Reverse_Engineer_Filter.py | Wed Mar 9 04:05:32 PST 2011 | 53 | 0 197 0 -197
    25 f | p 16 | CTL_Filter.py --time=0.01 --type=CTL1 --block-size=1 --offset=0 | Wed Mar 9 04:06:26 PST 2011 | 603 | 0 1522511 0 -1522511
    26 f | p 16 | CTL_Filter.py --time=0.01 --type=CTL2 --block-size=1 --offset=0 | Wed Mar 9 04:16:29 PST 2011 | 545 | 0 610831 0 -610831
    27 f | p 16 | CTL_Filter.py --time=0.01 --type=CTL3 --block-size=1 --offset=0 | Wed Mar 9 04:25:34 PST 2011 | 280 | 0 118366 0 -118366
    28 f | p 16 | CTL_Filter.py --time=0.01 --type=CTL4 --block-size=1 --offset=0 | Wed Mar 9 04:30:14 PST 2011 | 339 | 0 3534 0 -3534
    29 f | p 16 | CTL_Filter.py --time=0.01 --type=CTL1 --block-size=2 --offset=0 | Wed Mar 9 04:35:53 PST 2011 | 192 | 0 244160 0 -244160
    30 f | p 16 | CTL_Filter.py --time=0.01 --type=CTL1 --block-size=2 --offset=1 | Wed Mar 9 04:39:05 PST 2011 | 153 | 0 51467 0 -51467
    31 f | p 16 | CTL_Filter.py --time=0.01 --type=CTL2 --block-size=2 --offset=0 | Wed Mar 9 04:41:38 PST 2011 | 233 | 0 312650 0 -312650
    32 f | p 16 | CTL_Filter.py --time=0.01 --type=CTL2 --block-size=2 --offset=1 | Wed Mar 9 04:45:31 PST 2011 | 186 | 0 33645 0 -33645
    33 f | p 16 | CTL_Filter.py --time=0.01 --type=CTL3 --block-size=2 --offset=0 | Wed Mar 9 04:48:37 PST 2011 | 108 | 0 32428 0 -32428
    34 f | p 16 | CTL_Filter.py --time=0.01 --type=CTL3 --block-size=2 --offset=1 | Wed Mar 9 04:50:25 PST 2011 | 105 | 0 7859 0 -7859
    35 f | p 16 | CTL_Filter.py --time=0.01 --type=CTL4 --block-size=2 --offset=0 | Wed Mar 9 04:52:10 PST 2011 | 167 | 0 4352 0 -4352
    36 f | p 16 | CTL_Filter.py --time=0.01 --type=CTL4 --block-size=2 --offset=1 | Wed Mar 9 04:54:57 PST 2011 | 141 | 0 1842 0 -1842
    37 f | p 16 | Macro_Simulator_Filter.py --recursive --time=0.01 --steps=1000 --block-size=1 | Wed Mar 9 04:57:18 PST 2011 | 500 | 0 62491 5184 -67675
    38 f | p 16 | Assign_Undecideds_Filter --next_machine_number=0 | Wed Mar 9 05:05:39 PST 2011 | 20 | 5184 0 -5184 920
    39 f | p 16 | Macro_Simulator_Filter.py --recursive --time=0.01 --steps=1000 --block-size=2 | Wed Mar 9 05:05:59 PST 2011 | 393 | 0 144590 927 -145517
    40 f | p 16 | Assign_Undecideds_Filter --next_machine_number=0 | Wed Mar 9 05:12:32 PST 2011 | 27 | 927 0 -927 100
    41 f | p 16 | Macro_Simulator_Filter.py --recursive --time=0.01 --steps=1000 --block-size=3 | Wed Mar 9 05:12:59 PST 2011 | 231 | 0 163911 132 -164043
    42 f | p 16 | Assign_Undecideds_Filter --next_machine_number=0 | Wed Mar 9 05:16:50 PST 2011 | 9 | 132 0 -132 0
    43 f | p 16 | Macro_Simulator_Filter.py --recursive --time=0.01 --steps=1000 --block-size=4 | Wed Mar 9 05:16:59 PST 2011 | 157 | 0 74973 48 -75021
    44 f | p 16 | Assign_Undecideds_Filter --next_machine_number=0 | Wed Mar 9 05:19:36 PST 2011 | 23 | 48 0 -48 0
    45 f | p 16 | Macro_Simulator_Filter.py --recursive --time=0.01 --steps=1000 --block-size=5 | Wed Mar 9 05:19:59 PST 2011 | 95 | 0 15438 14 -15452
    46 f | p 16 | Assign_Undecideds_Filter --next_machine_number=0 | Wed Mar 9 05:21:34 PST 2011 | 25 | 14 0 -14 0
    47 f | p 16 | Macro_Simulator_Filter.py --recursive --time=0.01 --steps=1000 --block-size=6 | Wed Mar 9 05:21:59 PST 2011 | 111 | 0 11654 18 -11672
    48 f | p 16 | Assign_Undecideds_Filter --next_machine_number=0 | Wed Mar 9 05:23:50 PST 2011 | 9 | 18 0 -18 0
    49 f | p 16 | Macro_Simulator_Filter.py --recursive --time=0.01 --steps=1000 --block-size=7 | Wed Mar 9 05:23:59 PST 2011 | 61 | 0 19363 1 -19364
    50 f | p 16 | Assign_Undecideds_Filter --next_machine_number=0 | Wed Mar 9 05:25:00 PST 2011 | 29 | 1 0 -1 0
    51 f | p 16 | Macro_Simulator_Filter.py --recursive --time=0.01 --steps=1000 --block-size=8 | Wed Mar 9 05:25:29 PST 2011 | 57 | 0 5398 5 -5403
    52 f | p 16 | Assign_Undecideds_Filter --next_machine_number=0 | Wed Mar 9 05:26:26 PST 2011 | 1 | 5 0 -5 0
    53 f | p 16 | CTL_Filter.py --time=0.1 --type=CTL1 --block-size=1 --offset=0 | Wed Mar 9 05:26:27 PST 2011 | 13 | 0 145 0 -145
    54 f | p 16 | CTL_Filter.py --time=0.1 --type=CTL2 --block-size=1 --offset=0 | Wed Mar 9 05:26:40 PST 2011 | 15 | 0 84 0 -84
    55 f | p 16 | CTL_Filter.py --time=0.1 --type=CTL3 --block-size=1 --offset=0 | Wed Mar 9 05:26:55 PST 2011 | 11 | 0 4 0 -4
    56 f | p 16 | CTL_Filter.py --time=0.1 --type=CTL4 --block-size=1 --offset=0 | Wed Mar 9 05:27:06 PST 2011 | 18 | 0 0 0 0
    57 f | p 16 | CTL_Filter.py --time=0.1 --type=CTL1 --block-size=2 --offset=0 | Wed Mar 9 05:27:25 PST 2011 | 10 | 0 0 0 0
    58 f | p 16 | CTL_Filter.py --time=0.1 --type=CTL1 --block-size=2 --offset=1 | Wed Mar 9 05:27:35 PST 2011 | 12 | 0 0 0 0
    59 f | p 16 | CTL_Filter.py --time=0.1 --type=CTL2 --block-size=2 --offset=0 | Wed Mar 9 05:27:47 PST 2011 | 16 | 0 1702 0 -1702
    60 f | p 16 | CTL_Filter.py --time=0.1 --type=CTL2 --block-size=2 --offset=1 | Wed Mar 9 05:28:03 PST 2011 | 15 | 0 18 0 -18
    61 f | p 16 | CTL_Filter.py --time=0.1 --type=CTL3 --block-size=2 --offset=0 | Wed Mar 9 05:28:18 PST 2011 | 12 | 0 5 0 -5
    62 f | p 16 | CTL_Filter.py --time=0.1 --type=CTL3 --block-size=2 --offset=1 | Wed Mar 9 05:28:30 PST 2011 | 11 | 0 2 0 -2
    63 f | p 16 | CTL_Filter.py --time=0.1 --type=CTL4 --block-size=2 --offset=0 | Wed Mar 9 05:28:41 PST 2011 | 18 | 0 15 0 -15
    64 f | p 16 | CTL_Filter.py --time=0.1 --type=CTL4 --block-size=2 --offset=1 | Wed Mar 9 05:28:59 PST 2011 | 15 | 0 0 0 0
    65 f | p 16 | CTL_Filter.py --time=0.1 --type=CTL1 --block-size=3 --offset=0 | Wed Mar 9 05:29:14 PST 2011 | 12 | 0 9400 0 -9400
    66 f | p 16 | CTL_Filter.py --time=0.1 --type=CTL1 --block-size=3 --offset=1 | Wed Mar 9 05:29:26 PST 2011 | 11 | 0 3854 0 -3854
    67 f | p 16 | CTL_Filter.py --time=0.1 --type=CTL1 --block-size=3 --offset=2 | Wed Mar 9 05:29:37 PST 2011 | 9 | 0 2560 0 -2560
    68 f | p 16 | CTL_Filter.py --time=0.1 --type=CTL2 --block-size=3 --offset=0 | Wed Mar 9 05:29:46 PST 2011 | 12 | 0 3288 0 -3288
    69 f | p 16 | CTL_Filter.py --time=0.1 --type=CTL2 --block-size=3 --offset=1 | Wed Mar 9 05:29:58 PST 2011 | 10 | 0 439 0 -439
    70 f | p 16 | CTL_Filter.py --time=0.1 --type=CTL2 --block-size=3 --offset=2 | Wed Mar 9 05:30:08 PST 2011 | 12 | 0 244 0 -244
    71 f | p 16 | CTL_Filter.py --time=0.1 --type=CTL3 --block-size=3 --offset=0 | Wed Mar 9 05:30:20 PST 2011 | 7 | 0 831 0 -831
    72 f | p 16 | CTL_Filter.py --time=0.1 --type=CTL3 --block-size=3 --offset=1 | Wed Mar 9 05:30:27 PST 2011 | 9 | 0 170 0 -170
    73 f | p 16 | CTL_Filter.py --time=0.1 --type=CTL3 --block-size=3 --offset=2 | Wed Mar 9 05:30:36 PST 2011 | 9 | 0 60 0 -60
    74 f | p 16 | CTL_Filter.py --time=0.1 --type=CTL4 --block-size=3 --offset=0 | Wed Mar 9 05:30:45 PST 2011 | 24 | 0 848 0 -848
    75 f | p 16 | CTL_Filter.py --time=0.1 --type=CTL4 --block-size=3 --offset=1 | Wed Mar 9 05:31:10 PST 2011 | 19 | 0 116 0 -116
    76 f | p 16 | CTL_Filter.py --time=0.1 --type=CTL4 --block-size=3 --offset=2 | Wed Mar 9 05:31:29 PST 2011 | 41 | 0 21 0 -21
    77 f | p 16 | Macro_Simulator_Filter.py --recursive --time=0.1 --steps=10000 --block-size=1 | Wed Mar 9 05:32:10 PST 2011 | 211 | 0 254 10 -264
    78 f | p 16 | Assign_Undecideds_Filter --next_machine_number=0 | Wed Mar 9 05:35:41 PST 2011 | 18 | 10 0 -10 0
    79 f | p 16 | Macro_Simulator_Filter.py --recursive --time=0.1 --steps=10000 --block-size=2 | Wed Mar 9 05:35:59 PST 2011 | 200 | 0 3414 40 -3454
    80 f | p 16 | Assign_Undecideds_Filter --next_machine_number=0 | Wed Mar 9 05:39:19 PST 2011 | 1 | 40 0 -40 0
    81 f | p 16 | Macro_Simulator_Filter.py --recursive --time=0.1 --steps=10000 --block-size=3 | Wed Mar 9 05:39:20 PST 2011 | 186 | 0 1528 70 -1598
    82 f | p 16 | Assign_Undecideds_Filter --next_machine_number=0 | Wed Mar 9 05:42:26 PST 2011 | 1 | 70 0 -70 0
    83 f | p 16 | Macro_Simulator_Filter.py --recursive --time=0.1 --steps=10000 --block-size=4 | Wed Mar 9 05:42:27 PST 2011 | 173 | 0 2616 10 -2626
    84 f | p 16 | Assign_Undecideds_Filter --next_machine_number=0 | Wed Mar 9 05:45:20 PST 2011 | 9 | 10 0 -10 0
    85 f | p 16 | Macro_Simulator_Filter.py --recursive --time=0.1 --steps=10000 --block-size=5 | Wed Mar 9 05:45:29 PST 2011 | 159 | 0 1621 3 -1624
    86 f | p 16 | Assign_Undecideds_Filter --next_machine_number=0 | Wed Mar 9 05:48:08 PST 2011 | 1 | 3 0 -3 0
    87 f | p 16 | Macro_Simulator_Filter.py --recursive --time=0.1 --steps=10000 --block-size=6 | Wed Mar 9 05:48:09 PST 2011 | 147 | 0 2726 2 -2728
    88 f | p 16 | Assign_Undecideds_Filter --next_machine_number=0 | Wed Mar 9 05:50:36 PST 2011 | 2 | 2 0 -2 0
    89 f | p 16 | Macro_Simulator_Filter.py --recursive --time=0.1 --steps=10000 --block-size=7 | Wed Mar 9 05:50:38 PST 2011 | 132 | 0 730 0 -730
    90 f | p 16 | Macro_Simulator_Filter.py --recursive --time=0.1 --steps=10000 --block-size=8 | Wed Mar 9 05:52:50 PST 2011 | 131 | 0 276 0 -276
    91 f | p 16 | CTL_Filter.py --time=0.1 --type=CTL1 --block-size=4 --offset=0 | Wed Mar 9 05:55:01 PST 2011 | 6 | 0 2170 0 -2170
    92 f | p 16 | CTL_Filter.py --time=0.1 --type=CTL1 --block-size=4 --offset=1 | Wed Mar 9 05:55:07 PST 2011 | 5 | 0 596 0 -596
    93 f | p 16 | CTL_Filter.py --time=0.1 --type=CTL1 --block-size=4 --offset=2 | Wed Mar 9 05:55:12 PST 2011 | 5 | 0 553 0 -553
    94 f | p 16 | CTL_Filter.py --time=0.1 --type=CTL1 --block-size=4 --offset=3 | Wed Mar 9 05:55:17 PST 2011 | 5 | 0 459 0 -459
    95 f | p 16 | CTL_Filter.py --time=0.1 --type=CTL2 --block-size=4 --offset=0 | Wed Mar 9 05:55:22 PST 2011 | 10 | 0 1412 0 -1412
    96 f | p 16 | CTL_Filter.py --time=0.1 --type=CTL2 --block-size=4 --offset=1 | Wed Mar 9 05:55:32 PST 2011 | 7 | 0 231 0 -231
    97 f | p 16 | CTL_Filter.py --time=0.1 --type=CTL2 --block-size=4 --offset=2 | Wed Mar 9 05:55:39 PST 2011 | 6 | 0 190 0 -190
    98 f | p 16 | CTL_Filter.py --time=0.1 --type=CTL2 --block-size=4 --offset=3 | Wed Mar 9 05:55:45 PST 2011 | 7 | 0 82 0 -82
    99 f | p 16 | CTL_Filter.py --time=0.1 --type=CTL3 --block-size=4 --offset=0 | Wed Mar 9 05:55:52 PST 2011 | 6 | 0 576 0 -576
   100 f | p 16 | CTL_Filter.py --time=0.1 --type=CTL3 --block-size=4 --offset=1 | Wed Mar 9 05:55:58 PST 2011 | 6 | 0 67 0 -67
   101 f | p 16 | CTL_Filter.py --time=0.1 --type=CTL3 --block-size=4 --offset=2 | Wed Mar 9 05:56:04 PST 2011 | 5 | 0 9 0 -9
   102 f | p 16 | CTL_Filter.py --time=0.1 --type=CTL3 --block-size=4 --offset=3 | Wed Mar 9 05:56:09 PST 2011 | 6 | 0 7 0 -7
   103 f | p 16 | CTL_Filter.py --time=0.1 --type=CTL4 --block-size=4 --offset=0 | Wed Mar 9 05:56:15 PST 2011 | 8 | 0 479 0 -479
   104 f | p 16 | CTL_Filter.py --time=0.1 --type=CTL4 --block-size=4 --offset=1 | Wed Mar 9 05:56:23 PST 2011 | 8 | 0 69 0 -69
   105 f | p 16 | CTL_Filter.py --time=0.1 --type=CTL4 --block-size=4 --offset=2 | Wed Mar 9 05:56:31 PST 2011 | 7 | 0 18 0 -18
   106 f | p 16 | CTL_Filter.py --time=0.1 --type=CTL4 --block-size=4 --offset=3 | Wed Mar 9 05:56:38 PST 2011 | 8 | 0 4 0 -4
   107 f | p 16 | CTL_Filter.py --time=0.1 --type=CTL1 --block-size=5 --offset=0 | Wed Mar 9 05:56:46 PST 2011 | 4 | 0 109 0 -109
   108 f | p 16 | CTL_Filter.py --time=0.1 --type=CTL1 --block-size=5 --offset=1 | Wed Mar 9 05:56:50 PST 2011 | 12 | 0 14 0 -14
   109 f | p 16 | CTL_Filter.py --time=0.1 --type=CTL1 --block-size=5 --offset=2 | Wed Mar 9 05:57:03 PST 2011 | 4 | 0 15 0 -15
   110 f | p 16 | CTL_Filter.py --time=0.1 --type=CTL1 --block-size=5 --offset=3 | Wed Mar 9 05:57:07 PST 2011 | 5 | 0 40 0 -40
   111 f | p 16 | CTL_Filter.py --time=0.1 --type=CTL1 --block-size=5 --offset=4 | Wed Mar 9 05:57:12 PST 2011 | 21 | 0 15 0 -15
   112 f | p 16 | CTL_Filter.py --time=0.1 --type=CTL2 --block-size=5 --offset=0 | Wed Mar 9 05:57:34 PST 2011 | 8 | 0 64 0 -64
   113 f | p 16 | CTL_Filter.py --time=0.1 --type=CTL2 --block-size=5 --offset=1 | Wed Mar 9 05:57:42 PST 2011 | 24 | 0 10 0 -10
   114 f | p 16 | CTL_Filter.py --time=0.1 --type=CTL2 --block-size=5 --offset=2 | Wed Mar 9 05:58:06 PST 2011 | 8 | 0 5 0 -5
   115 f | p 16 | CTL_Filter.py --time=0.1 --type=CTL2 --block-size=5 --offset=3 | Wed Mar 9 05:58:14 PST 2011 | 8 | 0 16 0 -16
   116 f | p 16 | CTL_Filter.py --time=0.1 --type=CTL2 --block-size=5 --offset=4 | Wed Mar 9 05:58:22 PST 2011 | 7 | 0 14 0 -14
   117 f | p 16 | CTL_Filter.py --time=0.1 --type=CTL3 --block-size=5 --offset=0 | Wed Mar 9 05:58:29 PST 2011 | 7 | 0 671 0 -671
   118 f | p 16 | CTL_Filter.py --time=0.1 --type=CTL3 --block-size=5 --offset=1 | Wed Mar 9 05:58:36 PST 2011 | 8 | 0 93 0 -93
   119 f | p 16 | CTL_Filter.py --time=0.1 --type=CTL3 --block-size=5 --offset=2 | Wed Mar 9 05:58:44 PST 2011 | 7 | 0 33 0 -33
   120 f | p 16 | CTL_Filter.py --time=0.1 --type=CTL3 --block-size=5 --offset=3 | Wed Mar 9 05:58:51 PST 2011 | 6 | 0 16 0 -16
   121 f | p 16 | CTL_Filter.py --time=0.1 --type=CTL3 --block-size=5 --offset=4 | Wed Mar 9 05:58:57 PST 2011 | 7 | 0 7 0 -7
   122 f | p 16 | CTL_Filter.py --time=0.1 --type=CTL4 --block-size=5 --offset=0 | Wed Mar 9 05:59:04 PST 2011 | 9 | 0 1 0 -1
   123 f | p 16 | CTL_Filter.py --time=0.1 --type=CTL4 --block-size=5 --offset=1 | Wed Mar 9 05:59:13 PST 2011 | 8 | 0 0 0 0
   124 f | p 16 | CTL_Filter.py --time=0.1 --type=CTL4 --block-size=5 --offset=2 | Wed Mar 9 05:59:22 PST 2011 | 9 | 0 0 0 0
   125 f | p 16 | CTL_Filter.py --time=0.1 --type=CTL4 --block-size=5 --offset=3 | Wed Mar 9 05:59:31 PST 2011 | 9 | 0 0 0 0
   126 f | p 16 | CTL_Filter.py --time=0.1 --type=CTL4 --block-size=5 --offset=4 | Wed Mar 9 05:59:40 PST 2011 | 8 | 0 0 0 0
   127 f | p 16 | CTL_Filter.py --time=0.1 --type=CTL1 --block-size=6 --offset=0 | Wed Mar 9 05:59:48 PST 2011 | 6 | 0 179 0 -179
   128 f | p 16 | CTL_Filter.py --time=0.1 --type=CTL1 --block-size=6 --offset=1 | Wed Mar 9 05:59:54 PST 2011 | 6 | 0 19 0 -19
   129 f | p 16 | CTL_Filter.py --time=0.1 --type=CTL1 --block-size=6 --offset=2 | Wed Mar 9 06:00:00 PST 2011 | 7 | 0 21 0 -21
   130 f | p 16 | CTL_Filter.py --time=0.1 --type=CTL1 --block-size=6 --offset=3 | Wed Mar 9 06:00:07 PST 2011 | 6 | 0 11 0 -11
   131 f | p 16 | CTL_Filter.py --time=0.1 --type=CTL1 --block-size=6 --offset=4 | Wed Mar 9 06:00:13 PST 2011 | 7 | 0 50 0 -50
   132 f | p 16 | CTL_Filter.py --time=0.1 --type=CTL1 --block-size=6 --offset=5 | Wed Mar 9 06:00:20 PST 2011 | 6 | 0 8 0 -8
   133 f | p 16 | CTL_Filter.py --time=0.1 --type=CTL2 --block-size=6 --offset=0 | Wed Mar 9 06:00:26 PST 2011 | 12 | 0 163 0 -163
   134 f | p 16 | CTL_Filter.py --time=0.1 --type=CTL2 --block-size=6 --offset=1 | Wed Mar 9 06:00:38 PST 2011 | 31 | 0 29 0 -29
   135 f | p 16 | CTL_Filter.py --time=0.1 --type=CTL2 --block-size=6 --offset=2 | Wed Mar 9 06:01:09 PST 2011 | 11 | 0 24 0 -24
   136 f | p 16 | CTL_Filter.py --time=0.1 --type=CTL2 --block-size=6 --offset=3 | Wed Mar 9 06:01:20 PST 2011 | 11 | 0 27 0 -27
   137 f | p 16 | CTL_Filter.py --time=0.1 --type=CTL2 --block-size=6 --offset=4 | Wed Mar 9 06:01:31 PST 2011 | 39 | 0 35 0 -35
   138 f | p 16 | CTL_Filter.py --time=0.1 --type=CTL2 --block-size=6 --offset=5 | Wed Mar 9 06:02:10 PST 2011 | 11 | 0 17 0 -17
   139 f | p 16 | CTL_Filter.py --time=0.1 --type=CTL3 --block-size=6 --offset=0 | Wed Mar 9 06:02:21 PST 2011 | 10 | 0 294 0 -294
   140 f | p 16 | CTL_Filter.py --time=0.1 --type=CTL3 --block-size=6 --offset=1 | Wed Mar 9 06:02:31 PST 2011 | 8 | 0 19 0 -19
   141 f | p 16 | CTL_Filter.py --time=0.1 --type=CTL3 --block-size=6 --offset=2 | Wed Mar 9 06:02:39 PST 2011 | 10 | 0 15 0 -15
   142 f | p 16 | CTL_Filter.py --time=0.1 --type=CTL3 --block-size=6 --offset=3 | Wed Mar 9 06:02:49 PST 2011 | 11 | 0 6 0 -6
   143 f | p 16 | CTL_Filter.py --time=0.1 --type=CTL3 --block-size=6 --offset=4 | Wed Mar 9 06:03:00 PST 2011 | 10 | 0 5 0 -5
   144 f | p 16 | CTL_Filter.py --time=0.1 --type=CTL3 --block-size=6 --offset=5 | Wed Mar 9 06:03:10 PST 2011 | 9 | 0 0 0 0
   145 f | p 16 | CTL_Filter.py --time=0.1 --type=CTL4 --block-size=6 --offset=0 | Wed Mar 9 06:03:19 PST 2011 | 12 | 0 79 0 -79
   146 f | p 16 | CTL_Filter.py --time=0.1 --type=CTL4 --block-size=6 --offset=1 | Wed Mar 9 06:03:31 PST 2011 | 13 | 0 6 0 -6
   147 f | p 16 | CTL_Filter.py --time=0.1 --type=CTL4 --block-size=6 --offset=2 | Wed Mar 9 06:03:44 PST 2011 | 14 | 0 6 0 -6
   148 f | p 16 | CTL_Filter.py --time=0.1 --type=CTL4 --block-size=6 --offset=3 | Wed Mar 9 06:03:58 PST 2011 | 14 | 0 1 0 -1
   149 f | p 16 | CTL_Filter.py --time=0.1 --type=CTL4 --block-size=6 --offset=4 | Wed Mar 9 06:04:12 PST 2011 | 13 | 0 0 0 0
   150 f | p 16 | CTL_Filter.py --time=0.1 --type=CTL4 --block-size=6 --offset=5 | Wed Mar 9 06:04:25 PST 2011 | 13 | 0 0 0 0
   151 f | p 16 | Macro_Simulator_Filter.py --recursive --time=0.1 --steps=10000 --block-size=9 | Wed Mar 9 06:04:38 PST 2011 | 66 | 0 327 0 -327
   152 f | p 16 | Macro_Simulator_Filter.py --recursive --time=0.1 --steps=10000 --block-size=10 | Wed Mar 9 06:05:45 PST 2011 | 77 | 0 529 0 -529
   153 f | p 16 | Macro_Simulator_Filter.py --recursive --time=0.1 --steps=10000 --block-size=11 | Wed Mar 9 06:07:02 PST 2011 | 61 | 0 217 0 -217
   154 f | p 16 | Macro_Simulator_Filter.py --recursive --time=0.1 --steps=10000 --block-size=12 | Wed Mar 9 06:08:03 PST 2011 | 60 | 0 298 0 -298
   155 f | p 16 | Macro_Simulator_Filter.py --recursive --time=0.1 --steps=10000 --block-size=13 | Wed Mar 9 06:09:03 PST 2011 | 82 | 0 159 0 -159
   156 f | p 16 | Macro_Simulator_Filter.py --recursive --time=0.1 --steps=10000 --block-size=14 | Wed Mar 9 06:10:25 PST 2011 | 57 | 0 112 0 -112
   157 f | p 16 | Macro_Simulator_Filter.py --recursive --time=0.1 --steps=10000 --block-size=15 | Wed Mar 9 06:11:22 PST 2011 | 55 | 0 229 0 -229
   158 f | p 16 | Macro_Simulator_Filter.py --recursive --time=0.1 --steps=10000 --block-size=16 | Wed Mar 9 06:12:17 PST 2011 | 55 | 0 94 0 -94
   159 f | p 16 | Macro_Simulator_Filter.py --recursive --time=0.1 --steps=10000 --block-size=17 | Wed Mar 9 06:13:12 PST 2011 | 54 | 0 52 0 -52
   160 f | p 16 | Macro_Simulator_Filter.py --recursive --time=0.1 --steps=10000 --block-size=18 | Wed Mar 9 06:14:06 PST 2011 | 61 | 0 35 0 -35
   161 f | p 16 | Macro_Simulator_Filter.py --recursive --time=0.1 --steps=10000 --block-size=19 | Wed Mar 9 06:15:07 PST 2011 | 54 | 0 15 0 -15
   162 f | p 16 | Macro_Simulator_Filter.py --recursive --time=0.1 --steps=10000 --block-size=20 | Wed Mar 9 06:16:01 PST 2011 | 54 | 0 31 0 -31
   163 f | p 16 | Macro_Simulator_Filter.py --recursive --time=0.1 --steps=10000 --block-size=21 | Wed Mar 9 06:16:55 PST 2011 | 53 | 0 12 0 -12
   164 f | p 16 | Macro_Simulator_Filter.py --recursive --time=0.1 --steps=10000 --block-size=22 | Wed Mar 9 06:17:48 PST 2011 | 53 | 0 9 0 -9
   165 f | p 16 | Macro_Simulator_Filter.py --recursive --time=0.1 --steps=10000 --block-size=23 | Wed Mar 9 06:18:41 PST 2011 | 52 | 0 19 0 -19
   166 f | p 16 | Macro_Simulator_Filter.py --recursive --time=0.1 --steps=10000 --block-size=24 | Wed Mar 9 06:19:34 PST 2011 | 77 | 0 52 0 -52
   167 f | p 16 | Macro_Simulator_Filter.py --recursive --time=0.1 --steps=10000 --block-size=25 | Wed Mar 9 06:20:51 PST 2011 | 52 | 0 27 0 -27
