     1 g | s | Enumerate_Filter_Parallel 24 Enum.2.5.0 --states=2 --symbols=5 --steps=0 --time=0.00015 --stack_mult=100000 --checkpoint_interval=1000000 | Wed Mar 9 00:11:56 PST 2011 | 564 | 1726530 2215671 0 6813304
     2 g | p 24 | Dual_Machine_Filter.py --tape=100 --steps=100 | Wed Mar 9 00:21:45 PST 2011 | 49 | 0 528034 1906523 -2434557
     3 g | p 24 | Find_New_TM_Filter --tape=100 --steps=100 --next_machine_number=0 | Wed Mar 9 00:22:35 PST 2011 | 125 | 1906523 458664 689042 4281075
     4 g | p 24 | Find_New_TM_Filter --tape=100 --steps=100 --next_machine_number=0 | Wed Mar 9 00:24:41 PST 2011 | 138 | 2595565 440100 124575 4341336
     5 g | p 24 | Find_New_TM_Filter --tape=100 --steps=100 --next_machine_number=0 | Wed Mar 9 00:27:01 PST 2011 | 150 | 2720140 307913 -682546 3235025
     6 g | p 24 | Find_New_TM_Filter --tape=100 --steps=100 --next_machine_number=0 | Wed Mar 9 00:29:33 PST 2011 | 127 | 2037594 193526 -788278 1839878
     7 g | p 24 | Find_New_TM_Filter --tape=100 --steps=100 --next_machine_number=0 | Wed Mar 9 00:31:42 PST 2011 | 189 | 1249316 397020 1583409 3786875
     8 g | p 24 | Find_New_TM_Filter --tape=100 --steps=100 --next_machine_number=0 | Wed Mar 9 00:34:54 PST 2011 | 591 | 2832725 2235619 9311562 20202294
     9 g | p 24 | Find_New_TM_Filter --tape=100 --steps=100 --next_machine_number=0 | Wed Mar 9 00:44:52 PST 2011 | 286 | 12144287 0 -12144287 0
    10 f | p 24 | Reverse_Engineer_Filter.py | Wed Mar 9 00:50:15 PST 2011 | 289 | 0 3896898 0 -3896898
    11 f | p 24 | Macro_Simulator_Filter.py --recursive --time=0.001 --steps=100 --block-size=1 | Wed Mar 9 00:55:10 PST 2011 | 2024 | 0 7523741 615 -7524356
    12 f | p 24 | Assign_Undecideds_Filter --next_machine_number=0 | Wed Mar 9 01:28:59 PST 2011 | 55 | 615 0 -615 400
    13 f | p 24 | Macro_Simulator_Filter.py --recursive --time=0.001 --steps=100 --block-size=2 | Wed Mar 9 01:29:57 PST 2011 | 1279 | 0 13605720 19632 -13625352
    14 f | p 24 | Assign_Undecideds_Filter --next_machine_number=0 | Wed Mar 9 01:51:19 PST 2011 | 45 | 19632 0 -19632 6700
    15 f | p 24 | Macro_Simulator_Filter.py --recursive --time=0.001 --steps=100 --block-size=3 | Wed Mar 9 01:52:06 PST 2011 | 787 | 0 5588960 29932 -5618892
    16 f | p 24 | Assign_Undecideds_Filter --next_machine_number=0 | Wed Mar 9 02:05:15 PST 2011 | 40 | 29932 0 -29932 9340
    17 f | p 24 | Macro_Simulator_Filter.py --recursive --time=0.001 --steps=100 --block-size=4 | Wed Mar 9 02:05:56 PST 2011 | 528 | 0 3689857 42692 -3732549
    18 f | p 24 | Assign_Undecideds_Filter --next_machine_number=0 | Wed Mar 9 02:14:45 PST 2011 | 35 | 42692 0 -42692 13040
    19 f | p 24 | Macro_Simulator_Filter.py --recursive --time=0.001 --steps=100 --block-size=5 | Wed Mar 9 02:15:21 PST 2011 | 407 | 0 363483 16147 -379630
    20 f | p 24 | Assign_Undecideds_Filter --next_machine_number=0 | Wed Mar 9 02:22:10 PST 2011 | 15 | 16147 0 -16147 6180
    21 f | p 24 | Macro_Simulator_Filter.py --recursive --time=0.001 --steps=100 --block-size=6 | Wed Mar 9 02:22:26 PST 2011 | 385 | 0 950705 14750 -965455
    22 f | p 24 | Assign_Undecideds_Filter --next_machine_number=0 | Wed Mar 9 02:28:52 PST 2011 | 24 | 14750 0 -14750 4960
    23 f | p 24 | Reverse_Engineer_Filter.py | Wed Mar 9 02:29:17 PST 2011 | 61 | 0 6424 0 -6424
    24 f | p 24 | CTL_Filter.py --time=0.01 --type=CTL1 --block-size=1 --offset=0 | Wed Mar 9 02:30:19 PST 2011 | 660 | 0 1668008 0 -1668008
    25 f | p 24 | CTL_Filter.py --time=0.01 --type=CTL2 --block-size=1 --offset=0 | Wed Mar 9 02:41:20 PST 2011 | 648 | 0 984290 0 -984290
    26 f | p 24 | CTL_Filter.py --time=0.01 --type=CTL3 --block-size=1 --offset=0 | Wed Mar 9 02:52:08 PST 2011 | 443 | 0 52764 0 -52764
    27 f | p 24 | CTL_Filter.py --time=0.01 --type=CTL4 --block-size=1 --offset=0 | Wed Mar 9 02:59:32 PST 2011 | 585 | 0 43412 0 -43412
    28 f | p 24 | CTL_Filter.py --time=0.01 --type=CTL1 --block-size=2 --offset=0 | Wed Mar 9 03:09:18 PST 2011 | 423 | 0 380344 0 -380344
    29 f | p 24 | CTL_Filter.py --time=0.01 --type=CTL1 --block-size=2 --offset=1 | Wed Mar 9 03:16:22 PST 2011 | 399 | 0 173521 0 -173521
    30 f | p 24 | CTL_Filter.py --time=0.01 --type=CTL2 --block-size=2 --offset=0 | Wed Mar 9 03:23:01 PST 2011 | 530 | 0 804949 0 -804949
    31 f | p 24 | CTL_Filter.py --time=0.01 --type=CTL2 --block-size=2 --offset=1 | Wed Mar 9 03:31:51 PST 2011 | 398 | 0 144694 0 -144694
    32 f | p 24 | CTL_Filter.py --time=0.01 --type=CTL3 --block-size=2 --offset=0 | Wed Mar 9 03:38:30 PST 2011 | 285 | 0 20949 0 -20949
    33 f | p 24 | CTL_Filter.py --time=0.01 --type=CTL3 --block-size=2 --offset=1 | Wed Mar 9 03:43:16 PST 2011 | 290 | 0 14288 0 -14288
    34 f | p 24 | CTL_Filter.py --time=0.01 --type=CTL4 --block-size=2 --offset=0 | Wed Mar 9 03:48:07 PST 2011 | 433 | 0 38854 0 -38854
    35 f | p 24 | CTL_Filter.py --time=0.01 --type=CTL4 --block-size=2 --offset=1 | Wed Mar 9 03:55:21 PST 2011 | 439 | 0 19663 0 -19663
    36 f | p 24 | Macro_Simulator_Filter.py --recursive --time=0.01 --steps=1000 --block-size=1 | Wed Mar 9 04:02:41 PST 2011 | 781 | 0 503429 51661 -555090
    37 f | p 24 | Assign_Undecideds_Filter --next_machine_number=0 | Wed Mar 9 04:15:42 PST 2011 | 6 | 51661 0 -51661 18280
    38 f | p 24 | Macro_Simulator_Filter.py --recursive --time=0.01 --steps=1000 --block-size=2 | Wed Mar 9 04:15:48 PST 2011 | 548 | 0 501113 11631 -512744
    39 f | p 24 | Assign_Undecideds_Filter --next_machine_number=0 | Wed Mar 9 04:24:56 PST 2011 | 5 | 11631 0 -11631 6260
    40 f | p 24 | Macro_Simulator_Filter.py --recursive --time=0.01 --steps=1000 --block-size=3 | Wed Mar 9 04:25:02 PST 2011 | 365 | 0 313496 2789 -316285
    41 f | p 24 | Assign_Undecideds_Filter --next_machine_number=0 | Wed Mar 9 04:31:07 PST 2011 | 31 | 2789 0 -2789 840
    42 f | p 24 | Macro_Simulator_Filter.py --recursive --time=0.01 --steps=1000 --block-size=4 | Wed Mar 9 04:31:38 PST 2011 | 271 | 0 189394 554 -189948
    43 f | p 24 | Assign_Undecideds_Filter --next_machine_number=0 | Wed Mar 9 04:36:10 PST 2011 | 28 | 554 0 -554 180
    44 f | p 24 | Macro_Simulator_Filter.py --recursive --time=0.01 --steps=1000 --block-size=5 | Wed Mar 9 04:36:38 PST 2011 | 211 | 0 33215 151 -33366
    45 f | p 24 | Assign_Undecideds_Filter --next_machine_number=0 | Wed Mar 9 04:40:10 PST 2011 | 27 | 151 0 -151 0
    46 f | p 24 | Macro_Simulator_Filter.py --recursive --time=0.01 --steps=1000 --block-size=6 | Wed Mar 9 04:40:37 PST 2011 | 205 | 0 31901 107 -32008
    47 f | p 24 | Assign_Undecideds_Filter --next_machine_number=0 | Wed Mar 9 04:44:02 PST 2011 | 6 | 107 0 -107 40
    48 f | p 24 | Macro_Simulator_Filter.py --recursive --time=0.01 --steps=1000 --block-size=7 | Wed Mar 9 04:44:08 PST 2011 | 174 | 0 16064 16 -16080
    49 f | p 24 | Assign_Undecideds_Filter --next_machine_number=0 | Wed Mar 9 04:47:02 PST 2011 | 3 | 16 0 -16 0
    50 f | p 24 | Macro_Simulator_Filter.py --recursive --time=0.01 --steps=1000 --block-size=8 | Wed Mar 9 04:47:05 PST 2011 | 173 | 0 19189 22 -19211
    51 f | p 24 | Assign_Undecideds_Filter --next_machine_number=0 | Wed Mar 9 04:49:58 PST 2011 | 4 | 22 0 -22 0
    52 f | p 24 | CTL_Filter.py --time=0.1 --type=CTL1 --block-size=1 --offset=0 | Wed Mar 9 04:50:02 PST 2011 | 41 | 0 7569 0 -7569
    53 f | p 24 | CTL_Filter.py --time=0.1 --type=CTL2 --block-size=1 --offset=0 | Wed Mar 9 04:50:43 PST 2011 | 55 | 0 3539 0 -3539
    54 f | p 24 | CTL_Filter.py --time=0.1 --type=CTL3 --block-size=1 --offset=0 | Wed Mar 9 04:51:38 PST 2011 | 42 | 0 51 0 -51
    55 f | p 24 | CTL_Filter.py --time=0.1 --type=CTL4 --block-size=1 --offset=0 | Wed Mar 9 04:52:20 PST 2011 | 63 | 0 0 0 0
    56 f | p 24 | CTL_Filter.py --time=0.1 --type=CTL1 --block-size=2 --offset=0 | Wed Mar 9 04:53:23 PST 2011 | 52 | 0 2009 0 -2009
    57 f | p 24 | CTL_Filter.py --time=0.1 --type=CTL1 --block-size=2 --offset=1 | Wed Mar 9 04:54:15 PST 2011 | 51 | 0 835 0 -835
    58 f | p 24 | CTL_Filter.py --time=0.1 --type=CTL2 --block-size=2 --offset=0 | Wed Mar 9 04:55:06 PST 2011 | 118 | 0 15699 0 -15699
    59 f | p 24 | CTL_Filter.py --time=0.1 --type=CTL2 --block-size=2 --offset=1 | Wed Mar 9 04:57:04 PST 2011 | 84 | 0 3382 0 -3382
    60 f | p 24 | CTL_Filter.py --time=0.1 --type=CTL3 --block-size=2 --offset=0 | Wed Mar 9 04:58:28 PST 2011 | 59 | 0 324 0 -324
    61 f | p 24 | CTL_Filter.py --time=0.1 --type=CTL3 --block-size=2 --offset=1 | Wed Mar 9 04:59:27 PST 2011 | 64 | 0 10 0 -10
    62 f | p 24 | CTL_Filter.py --time=0.1 --type=CTL4 --block-size=2 --offset=0 | Wed Mar 9 05:00:31 PST 2011 | 102 | 0 2221 0 -2221
    63 f | p 24 | CTL_Filter.py --time=0.1 --type=CTL4 --block-size=2 --offset=1 | Wed Mar 9 05:02:13 PST 2011 | 120 | 0 681 0 -681
    64 f | p 24 | CTL_Filter.py --time=0.1 --type=CTL1 --block-size=3 --offset=0 | Wed Mar 9 05:04:14 PST 2011 | 108 | 0 5384 0 -5384
    65 f | p 24 | CTL_Filter.py --time=0.1 --type=CTL1 --block-size=3 --offset=1 | Wed Mar 9 05:06:02 PST 2011 | 89 | 0 1667 0 -1667
    66 f | p 24 | CTL_Filter.py --time=0.1 --type=CTL1 --block-size=3 --offset=2 | Wed Mar 9 05:07:31 PST 2011 | 89 | 0 2276 0 -2276
    67 f | p 24 | CTL_Filter.py --time=0.1 --type=CTL2 --block-size=3 --offset=0 | Wed Mar 9 05:09:01 PST 2011 | 149 | 0 11701 0 -11701
    68 f | p 24 | CTL_Filter.py --time=0.1 --type=CTL2 --block-size=3 --offset=1 | Wed Mar 9 05:11:30 PST 2011 | 134 | 0 3298 0 -3298
    69 f | p 24 | CTL_Filter.py --time=0.1 --type=CTL2 --block-size=3 --offset=2 | Wed Mar 9 05:13:44 PST 2011 | 140 | 0 2006 0 -2006
    70 f | p 16 | CTL_Filter.py --time=0.1 --type=CTL3 --block-size=3 --offset=0 | Wed Mar 9 09:39:58 PST 2011 | 152 | 0 825 0 -825
    71 f | p 16 | CTL_Filter.py --time=0.1 --type=CTL3 --block-size=3 --offset=1 | Wed Mar 9 09:42:30 PST 2011 | 167 | 0 192 0 -192
    72 f | p 16 | CTL_Filter.py --time=0.1 --type=CTL3 --block-size=3 --offset=2 | Wed Mar 9 09:45:17 PST 2011 | 176 | 0 112 0 -112
    73 f | p 16 | CTL_Filter.py --time=0.1 --type=CTL4 --block-size=3 --offset=0 | Wed Mar 9 09:48:13 PST 2011 | 322 | 0 2488 0 -2488
    74 f | p 16 | CTL_Filter.py --time=0.1 --type=CTL4 --block-size=3 --offset=1 | Wed Mar 9 09:53:35 PST 2011 | 380 | 0 1460 0 -1460
    75 f | p 16 | CTL_Filter.py --time=0.1 --type=CTL4 --block-size=3 --offset=2 | Wed Mar 9 09:59:56 PST 2011 | 284 | 0 587 0 -587
    76 f | p 16 | Macro_Simulator_Filter.py --recursive --time=0.1 --steps=10000 --block-size=1 | Wed Mar 9 10:04:40 PST 2011 | 2086 | 0 6953 918 -7871
    77 f | p 16 | Assign_Undecideds_Filter --next_machine_number=0 | Wed Mar 9 10:39:26 PST 2011 | 2 | 918 0 -918 440
    78 f | p 16 | Macro_Simulator_Filter.py --recursive --time=0.1 --steps=10000 --block-size=2 | Wed Mar 9 10:39:28 PST 2011 | 1749 | 0 29086 525 -29611
    79 f | p 16 | Assign_Undecideds_Filter --next_machine_number=0 | Wed Mar 9 11:08:37 PST 2011 | 1 | 525 0 -525 120
    80 f | p 16 | Macro_Simulator_Filter.py --recursive --time=0.1 --steps=10000 --block-size=3 | Wed Mar 9 11:08:38 PST 2011 | 1612 | 0 17310 184 -17494
    81 f | p 16 | Assign_Undecideds_Filter --next_machine_number=0 | Wed Mar 9 11:35:30 PST 2011 | 1 | 184 0 -184 40
    82 f | p 16 | Macro_Simulator_Filter.py --recursive --time=0.1 --steps=10000 --block-size=4 | Wed Mar 9 11:35:31 PST 2011 | 1543 | 0 9840 59 -9899
    83 f | p 16 | Assign_Undecideds_Filter --next_machine_number=0 | Wed Mar 9 12:01:14 PST 2011 | 1 | 59 0 -59 0
    84 f | p 16 | Macro_Simulator_Filter.py --recursive --time=0.1 --steps=10000 --block-size=5 | Wed Mar 9 12:01:15 PST 2011 | 1442 | 0 11059 36 -11095
    85 f | p 16 | Assign_Undecideds_Filter --next_machine_number=0 | Wed Mar 9 12:25:17 PST 2011 | 12 | 36 0 -36 0
    86 f | p 16 | Macro_Simulator_Filter.py --recursive --time=0.1 --steps=10000 --block-size=6 | Wed Mar 9 12:25:29 PST 2011 | 1379 | 0 11386 20 -11406
    87 f | p 16 | Assign_Undecideds_Filter --next_machine_number=0 | Wed Mar 9 12:48:28 PST 2011 | 1 | 20 0 -20 0
    88 f | p 16 | Macro_Simulator_Filter.py --recursive --time=0.1 --steps=10000 --block-size=7 | Wed Mar 9 12:48:29 PST 2011 | 1325 | 0 4241 7 -4248
    89 f | p 16 | Assign_Undecideds_Filter --next_machine_number=0 | Wed Mar 9 13:10:34 PST 2011 | 2 | 7 0 -7 0
    90 f | p 16 | Macro_Simulator_Filter.py --recursive --time=0.1 --steps=10000 --block-size=8 | Wed Mar 9 13:10:36 PST 2011 | 1320 | 0 3627 6 -3633
    91 f | p 16 | Assign_Undecideds_Filter --next_machine_number=0 | Wed Mar 9 13:32:36 PST 2011 | 23 | 6 0 -6 0
    92 f | p 16 | CTL_Filter.py --time=0.1 --type=CTL1 --block-size=4 --offset=0 | Wed Mar 9 13:32:59 PST 2011 | 161 | 0 1068 0 -1068
    93 f | p 16 | CTL_Filter.py --time=0.1 --type=CTL1 --block-size=4 --offset=1 | Wed Mar 9 13:35:40 PST 2011 | 149 | 0 454 0 -454
    94 f | p 16 | CTL_Filter.py --time=0.1 --type=CTL1 --block-size=4 --offset=2 | Wed Mar 9 13:38:09 PST 2011 | 169 | 0 172 0 -172
    95 f | p 16 | CTL_Filter.py --time=0.1 --type=CTL1 --block-size=4 --offset=3 | Wed Mar 9 13:40:58 PST 2011 | 184 | 0 431 0 -431
    96 f | p 16 | CTL_Filter.py --time=0.1 --type=CTL2 --block-size=4 --offset=0 | Wed Mar 9 13:44:02 PST 2011 | 295 | 0 3437 0 -3437
    97 f | p 16 | CTL_Filter.py --time=0.1 --type=CTL2 --block-size=4 --offset=1 | Wed Mar 9 13:48:57 PST 2011 | 245 | 0 1778 0 -1778
    98 f | p 16 | CTL_Filter.py --time=0.1 --type=CTL2 --block-size=4 --offset=2 | Wed Mar 9 13:53:02 PST 2011 | 303 | 0 1303 0 -1303
    99 f | p 16 | CTL_Filter.py --time=0.1 --type=CTL2 --block-size=4 --offset=3 | Wed Mar 9 13:58:05 PST 2011 | 287 | 0 508 0 -508
   100 f | p 16 | CTL_Filter.py --time=0.1 --type=CTL3 --block-size=4 --offset=0 | Wed Mar 9 14:02:53 PST 2011 | 176 | 0 1109 0 -1109
   101 f | p 16 | CTL_Filter.py --time=0.1 --type=CTL3 --block-size=4 --offset=1 | Wed Mar 9 14:05:49 PST 2011 | 200 | 0 153 0 -153
   102 f | p 16 | CTL_Filter.py --time=0.1 --type=CTL3 --block-size=4 --offset=2 | Wed Mar 9 14:09:09 PST 2011 | 215 | 0 44 0 -44
   103 f | p 16 | CTL_Filter.py --time=0.1 --type=CTL3 --block-size=4 --offset=3 | Wed Mar 9 14:12:45 PST 2011 | 201 | 0 24 0 -24
   104 f | p 16 | CTL_Filter.py --time=0.1 --type=CTL4 --block-size=4 --offset=0 | Wed Mar 9 14:16:06 PST 2011 | 328 | 0 1122 0 -1122
   105 f | p 16 | CTL_Filter.py --time=0.1 --type=CTL4 --block-size=4 --offset=1 | Wed Mar 9 14:21:34 PST 2011 | 356 | 0 488 0 -488
   106 f | p 16 | CTL_Filter.py --time=0.1 --type=CTL4 --block-size=4 --offset=2 | Wed Mar 9 14:27:31 PST 2011 | 320 | 0 236 0 -236
   107 f | p 16 | CTL_Filter.py --time=0.1 --type=CTL4 --block-size=4 --offset=3 | Wed Mar 9 14:32:51 PST 2011 | 319 | 0 144 0 -144
   108 f | p 16 | CTL_Filter.py --time=0.1 --type=CTL1 --block-size=5 --offset=0 | Wed Mar 9 14:38:10 PST 2011 | 185 | 0 140 0 -140
   109 f | p 16 | CTL_Filter.py --time=0.1 --type=CTL1 --block-size=5 --offset=1 | Wed Mar 9 14:41:15 PST 2011 | 196 | 0 28 0 -28
   110 f | p 16 | CTL_Filter.py --time=0.1 --type=CTL1 --block-size=5 --offset=2 | Wed Mar 9 14:44:31 PST 2011 | 201 | 0 16 0 -16
   111 f | p 16 | CTL_Filter.py --time=0.1 --type=CTL1 --block-size=5 --offset=3 | Wed Mar 9 14:47:52 PST 2011 | 193 | 0 16 0 -16
   112 f | p 16 | CTL_Filter.py --time=0.1 --type=CTL1 --block-size=5 --offset=4 | Wed Mar 9 14:51:06 PST 2011 | 196 | 0 27 0 -27
   113 f | p 16 | CTL_Filter.py --time=0.1 --type=CTL2 --block-size=5 --offset=0 | Wed Mar 9 14:54:22 PST 2011 | 344 | 0 353 0 -353
   114 f | p 16 | CTL_Filter.py --time=0.1 --type=CTL2 --block-size=5 --offset=1 | Wed Mar 9 15:00:07 PST 2011 | 311 | 0 43 0 -43
   115 f | p 16 | CTL_Filter.py --time=0.1 --type=CTL2 --block-size=5 --offset=2 | Wed Mar 9 15:05:18 PST 2011 | 329 | 0 86 0 -86
   116 f | p 16 | CTL_Filter.py --time=0.1 --type=CTL2 --block-size=5 --offset=3 | Wed Mar 9 15:10:47 PST 2011 | 324 | 0 41 0 -41
   117 f | p 16 | CTL_Filter.py --time=0.1 --type=CTL2 --block-size=5 --offset=4 | Wed Mar 9 15:16:11 PST 2011 | 364 | 0 28 0 -28
   118 f | p 16 | CTL_Filter.py --time=0.1 --type=CTL3 --block-size=5 --offset=0 | Wed Mar 9 15:22:16 PST 2011 | 285 | 0 1801 0 -1801
   119 f | p 16 | CTL_Filter.py --time=0.1 --type=CTL3 --block-size=5 --offset=1 | Wed Mar 9 15:27:01 PST 2011 | 298 | 0 187 0 -187
   120 f | p 16 | CTL_Filter.py --time=0.1 --type=CTL3 --block-size=5 --offset=2 | Wed Mar 9 15:31:59 PST 2011 | 291 | 0 126 0 -126
   121 f | p 16 | CTL_Filter.py --time=0.1 --type=CTL3 --block-size=5 --offset=3 | Wed Mar 9 15:36:50 PST 2011 | 259 | 0 98 0 -98
   122 f | p 16 | CTL_Filter.py --time=0.1 --type=CTL3 --block-size=5 --offset=4 | Wed Mar 9 15:41:09 PST 2011 | 277 | 0 66 0 -66
   123 f | p 16 | CTL_Filter.py --time=0.1 --type=CTL4 --block-size=5 --offset=0 | Wed Mar 9 15:45:46 PST 2011 | 377 | 0 12 0 -12
   124 f | p 16 | CTL_Filter.py --time=0.1 --type=CTL4 --block-size=5 --offset=1 | Wed Mar 9 15:52:03 PST 2011 | 404 | 0 3 0 -3
   125 f | p 16 | CTL_Filter.py --time=0.1 --type=CTL4 --block-size=5 --offset=2 | Wed Mar 9 15:58:47 PST 2011 | 382 | 0 3 0 -3
   126 f | p 16 | CTL_Filter.py --time=0.1 --type=CTL4 --block-size=5 --offset=3 | Wed Mar 9 16:05:09 PST 2011 | 390 | 0 5 0 -5
   127 f | p 16 | CTL_Filter.py --time=0.1 --type=CTL4 --block-size=5 --offset=4 | Wed Mar 9 16:11:39 PST 2011 | 397 | 0 6 0 -6
   128 f | p 16 | CTL_Filter.py --time=0.1 --type=CTL1 --block-size=6 --offset=0 | Wed Mar 9 16:18:16 PST 2011 | 225 | 0 736 0 -736
   129 f | p 16 | CTL_Filter.py --time=0.1 --type=CTL1 --block-size=6 --offset=1 | Wed Mar 9 16:22:01 PST 2011 | 245 | 0 79 0 -79
   130 f | p 16 | CTL_Filter.py --time=0.1 --type=CTL1 --block-size=6 --offset=2 | Wed Mar 9 16:26:06 PST 2011 | 243 | 0 25 0 -25
   131 f | p 16 | CTL_Filter.py --time=0.1 --type=CTL1 --block-size=6 --offset=3 | Wed Mar 9 16:30:09 PST 2011 | 250 | 0 38 0 -38
   132 f | p 16 | CTL_Filter.py --time=0.1 --type=CTL1 --block-size=6 --offset=4 | Wed Mar 9 16:34:19 PST 2011 | 243 | 0 80 0 -80
   133 f | p 16 | CTL_Filter.py --time=0.1 --type=CTL1 --block-size=6 --offset=5 | Wed Mar 9 16:38:22 PST 2011 | 268 | 0 508 0 -508
   134 f | p 16 | CTL_Filter.py --time=0.1 --type=CTL2 --block-size=6 --offset=0 | Wed Mar 9 16:42:50 PST 2011 | 487 | 0 611 0 -611
   135 f | p 16 | CTL_Filter.py --time=0.1 --type=CTL2 --block-size=6 --offset=1 | Wed Mar 9 16:50:57 PST 2011 | 447 | 0 352 0 -352
   136 f | p 16 | CTL_Filter.py --time=0.1 --type=CTL2 --block-size=6 --offset=2 | Wed Mar 9 16:58:25 PST 2011 | 448 | 0 190 0 -190
   137 f | p 16 | CTL_Filter.py --time=0.1 --type=CTL2 --block-size=6 --offset=3 | Wed Mar 9 17:05:53 PST 2011 | 469 | 0 116 0 -116
   138 f | p 16 | CTL_Filter.py --time=0.1 --type=CTL2 --block-size=6 --offset=4 | Wed Mar 9 17:13:42 PST 2011 | 467 | 0 189 0 -189
   139 f | p 16 | CTL_Filter.py --time=0.1 --type=CTL2 --block-size=6 --offset=5 | Wed Mar 9 17:21:29 PST 2011 | 475 | 0 336 0 -336
   140 f | p 16 | CTL_Filter.py --time=0.1 --type=CTL3 --block-size=6 --offset=0 | Wed Mar 9 17:29:24 PST 2011 | 382 | 0 1363 0 -1363
   141 f | p 16 | CTL_Filter.py --time=0.1 --type=CTL3 --block-size=6 --offset=1 | Wed Mar 9 17:35:46 PST 2011 | 359 | 0 272 0 -272
   142 f | p 16 | CTL_Filter.py --time=0.1 --type=CTL3 --block-size=6 --offset=2 | Wed Mar 9 17:41:46 PST 2011 | 352 | 0 97 0 -97
   143 f | p 16 | CTL_Filter.py --time=0.1 --type=CTL3 --block-size=6 --offset=3 | Wed Mar 9 17:47:38 PST 2011 | 392 | 0 34 0 -34
   144 f | p 16 | CTL_Filter.py --time=0.1 --type=CTL3 --block-size=6 --offset=4 | Wed Mar 9 17:54:11 PST 2011 | 375 | 0 37 0 -37
   145 f | p 16 | CTL_Filter.py --time=0.1 --type=CTL3 --block-size=6 --offset=5 | Wed Mar 9 18:00:26 PST 2011 | 363 | 0 36 0 -36
   146 f | p 16 | CTL_Filter.py --time=0.1 --type=CTL4 --block-size=6 --offset=0 | Wed Mar 9 18:06:29 PST 2011 | 509 | 0 40 0 -40
   147 f | p 16 | CTL_Filter.py --time=0.1 --type=CTL4 --block-size=6 --offset=1 | Wed Mar 9 18:14:58 PST 2011 | 446 | 0 23 0 -23
   148 f | p 16 | CTL_Filter.py --time=0.1 --type=CTL4 --block-size=6 --offset=2 | Wed Mar 9 18:22:24 PST 2011 | 510 | 0 12 0 -12
   149 f | p 16 | CTL_Filter.py --time=0.1 --type=CTL4 --block-size=6 --offset=3 | Wed Mar 9 18:30:54 PST 2011 | 508 | 0 11 0 -11
   150 f | p 16 | CTL_Filter.py --time=0.1 --type=CTL4 --block-size=6 --offset=4 | Wed Mar 9 18:39:22 PST 2011 | 490 | 0 11 0 -11
   151 f | p 16 | CTL_Filter.py --time=0.1 --type=CTL4 --block-size=6 --offset=5 | Wed Mar 9 18:47:32 PST 2011 | 535 | 0 4 0 -4
   152 f | p 16 | Macro_Simulator_Filter.py --recursive --time=0.1 --steps=10000 --block-size=9 | Wed Mar 9 18:56:27 PST 2011 | 1141 | 0 1959 6 -1965
   153 f | p 16 | Assign_Undecideds_Filter --next_machine_number=0 | Wed Mar 9 19:15:28 PST 2011 | 1 | 6 0 -6 0
   154 f | p 16 | Macro_Simulator_Filter.py --recursive --time=0.1 --steps=10000 --block-size=10 | Wed Mar 9 19:15:29 PST 2011 | 1151 | 0 3482 5 -3487
   155 f | p 16 | Assign_Undecideds_Filter --next_machine_number=0 | Wed Mar 9 19:34:40 PST 2011 | 1 | 5 0 -5 0
   156 f | p 16 | Macro_Simulator_Filter.py --recursive --time=0.1 --steps=10000 --block-size=11 | Wed Mar 9 19:34:41 PST 2011 | 1121 | 0 1303 0 -1303
   157 f | p 16 | Macro_Simulator_Filter.py --recursive --time=0.1 --steps=10000 --block-size=12 | Wed Mar 9 19:53:22 PST 2011 | 1090 | 0 3091 0 -3091
   158 f | p 16 | Macro_Simulator_Filter.py --recursive --time=0.1 --steps=10000 --block-size=13 | Wed Mar 9 20:11:32 PST 2011 | 1102 | 0 739 0 -739
   159 f | p 16 | Macro_Simulator_Filter.py --recursive --time=0.1 --steps=10000 --block-size=14 | Wed Mar 9 20:29:54 PST 2011 | 1077 | 0 1088 1 -1089
   160 f | p 16 | Assign_Undecideds_Filter --next_machine_number=0 | Wed Mar 9 20:47:51 PST 2011 | 1 | 1 0 -1 0
   161 f | p 16 | Macro_Simulator_Filter.py --recursive --time=0.1 --steps=10000 --block-size=15 | Wed Mar 9 20:47:52 PST 2011 | 1060 | 0 1471 0 -1471
   162 f | p 16 | Macro_Simulator_Filter.py --recursive --time=0.1 --steps=10000 --block-size=16 | Wed Mar 9 21:05:32 PST 2011 | 1055 | 0 1187 0 -1187
   163 f | p 16 | Macro_Simulator_Filter.py --recursive --time=0.1 --steps=10000 --block-size=17 | Wed Mar 9 21:23:07 PST 2011 | 1068 | 0 243 0 -243
   164 f | p 16 | Macro_Simulator_Filter.py --recursive --time=0.1 --steps=10000 --block-size=18 | Wed Mar 9 21:40:55 PST 2011 | 1045 | 0 523 1 -524
   165 f | p 16 | Assign_Undecideds_Filter --next_machine_number=0 | Wed Mar 9 21:58:20 PST 2011 | 1 | 1 0 -1 0
   166 f | p 16 | Macro_Simulator_Filter.py --recursive --time=0.1 --steps=10000 --block-size=19 | Wed Mar 9 21:58:21 PST 2011 | 1044 | 0 252 0 -252
   167 f | p 16 | Macro_Simulator_Filter.py --recursive --time=0.1 --steps=10000 --block-size=20 | Wed Mar 9 22:15:45 PST 2011 | 1040 | 0 499 2 -501
   168 f | p 16 | Assign_Undecideds_Filter --next_machine_number=0 | Wed Mar 9 22:33:05 PST 2011 | 2 | 2 0 -2 0
   169 f | p 16 | Macro_Simulator_Filter.py --recursive --time=0.1 --steps=10000 --block-size=21 | Wed Mar 9 22:33:07 PST 2011 | 1033 | 0 141 0 -141
   170 f | p 16 | Macro_Simulator_Filter.py --recursive --time=0.1 --steps=10000 --block-size=22 | Wed Mar 9 22:50:20 PST 2011 | 1044 | 0 180 0 -180
   171 f | p 16 | Macro_Simulator_Filter.py --recursive --time=0.1 --steps=10000 --block-size=23 | Wed Mar 9 23:07:44 PST 2011 | 1036 | 0 144 0 -144
   172 f | p 16 | Macro_Simulator_Filter.py --recursive --time=0.1 --steps=10000 --block-size=24 | Wed Mar 9 23:25:00 PST 2011 | 1033 | 0 390 0 -390
   173 f | p 16 | Macro_Simulator_Filter.py --recursive --time=0.1 --steps=10000 --block-size=25 | Wed Mar 9 23:42:14 PST 2011 | 1032 | 0 76 0 -76
   174 f | p 16 | Macro_Simulator_Filter.py --recursive --time=0.1 --steps=1000000000000000000 --block-size=1 | Thu Mar 10 00:20:38 PST 2011 | 1041 | 0 87 3 -90
   175 f | p 16 | Assign_Undecideds_Filter --next_machine_number=0 | Thu Mar 10 00:37:59 PST 2011 | 31 | 3 0 -3 0
   176 f | p 16 | Macro_Simulator_Filter.py --recursive --time=0.1 --steps=1000000000000000000 --block-size=2 | Thu Mar 10 00:38:30 PST 2011 | 1064 | 0 110 0 -110
   177 f | p 16 | Macro_Simulator_Filter.py --recursive --time=0.1 --steps=1000000000000000000 --block-size=3 | Thu Mar 10 00:56:14 PST 2011 | 1039 | 0 25 0 -25
   178 f | p 16 | Macro_Simulator_Filter.py --recursive --time=0.1 --steps=1000000000000000000 --block-size=4 | Thu Mar 10 01:13:33 PST 2011 | 1043 | 0 68 0 -68
   179 f | p 16 | Macro_Simulator_Filter.py --recursive --time=0.1 --steps=1000000000000000000 --block-size=5 | Thu Mar 10 01:30:56 PST 2011 | 1040 | 0 40 0 -40
   180 f | p 16 | Macro_Simulator_Filter.py --recursive --time=0.1 --steps=1000000000000000000 --block-size=6 | Thu Mar 10 01:48:16 PST 2011 | 1033 | 0 60 1 -61
   181 f | p 16 | Assign_Undecideds_Filter --next_machine_number=0 | Thu Mar 10 02:05:29 PST 2011 | 2 | 1 0 -1 0
   182 f | p 16 | Macro_Simulator_Filter.py --recursive --time=1.0 --steps=1000000000000000000 --block-size=1 | Thu Mar 10 03:55:35 PST 2011 | 10461 | 0 42 46 -88
   183 f | p 16 | Assign_Undecideds_Filter --next_machine_number=0 | Thu Mar 10 06:49:57 PST 2011 | 1 | 46 0 -46 0
   184 f | p 16 | Macro_Simulator_Filter.py --recursive --time=1.0 --steps=1000000000000000000 --block-size=2 | Thu Mar 10 06:49:58 PST 2011 | 10434 | 0 435 26 -461
   185 f | p 16 | Assign_Undecideds_Filter --next_machine_number=0 | Thu Mar 10 09:43:52 PST 2011 | 1 | 26 0 -26 20
   186 f | p 16 | Macro_Simulator_Filter.py --recursive --time=1.0 --steps=1000000000000000000 --block-size=3 | Thu Mar 10 09:43:53 PST 2011 | 10482 | 0 370 20 -390
   187 f | p 16 | Assign_Undecideds_Filter --next_machine_number=0 | Thu Mar 10 12:38:35 PST 2011 | 25 | 20 0 -20 0
   188 f | p 16 | Macro_Simulator_Filter.py --recursive --time=1.0 --steps=1000000000000000000 --block-size=4 | Thu Mar 10 12:39:00 PST 2011 | 10460 | 0 443 15 -458
   189 f | p 16 | Assign_Undecideds_Filter --next_machine_number=0 | Thu Mar 10 15:33:20 PST 2011 | 1 | 15 0 -15 0
   190 f | p 16 | Macro_Simulator_Filter.py --recursive --time=1.0 --steps=1000000000000000000 --block-size=5 | Thu Mar 10 15:33:21 PST 2011 | 10430 | 0 369 23 -392
   191 f | p 16 | Assign_Undecideds_Filter --next_machine_number=0 | Thu Mar 10 18:27:11 PST 2011 | 1 | 23 0 -23 0
   192 f | p 16 | Macro_Simulator_Filter.py --recursive --time=1.0 --steps=1000000000000000000 --block-size=6 | Thu Mar 10 18:27:12 PST 2011 | 10343 | 0 390 10 -400
   193 f | p 16 | Assign_Undecideds_Filter --next_machine_number=0 | Thu Mar 10 21:19:35 PST 2011 | 2 | 10 0 -10 0
   194 f | p 16 | Macro_Simulator_Filter.py --recursive --time=1.0 --steps=1000000000000000000 --block-size=7 | Thu Mar 10 21:19:37 PST 2011 | 10408 | 0 218 3 -221
   195 f | p 16 | Assign_Undecideds_Filter --next_machine_number=0 | Fri Mar 11 00:13:05 PST 2011 | 25 | 3 0 -3 0
   196 f | p 16 | Macro_Simulator_Filter.py --recursive --time=1.0 --steps=1000000000000000000 --block-size=8 | Fri Mar 11 00:13:30 PST 2011 | 10344 | 0 179 5 -184
   197 f | p 16 | Assign_Undecideds_Filter --next_machine_number=0 | Fri Mar 11 03:05:54 PST 2011 | 2 | 5 0 -5 0
   198 f | p 16 | Macro_Simulator_Filter.py --recursive --time=1.0 --steps=1000000000000000000 --block-size=9 | Fri Mar 11 03:05:56 PST 2011 | 10341 | 0 98 0 -98
   199 f | p 16 | Macro_Simulator_Filter.py --recursive --time=1.0 --steps=1000000000000000000 --block-size=10 | Fri Mar 11 05:58:17 PST 2011 | 10301 | 0 281 1 -282
   200 f | p 16 | Assign_Undecideds_Filter --next_machine_number=0 | Fri Mar 11 08:49:59 PST 2011 | 1 | 1 0 -1 0
   201 f | p 16 | Macro_Simulator_Filter.py --recursive --time=1.0 --steps=1000000000000000000 --block-size=11 | Fri Mar 11 08:50:00 PST 2011 | 10329 | 0 77 0 -77
   202 f | p 16 | Macro_Simulator_Filter.py --recursive --time=1.0 --steps=1000000000000000000 --block-size=12 | Fri Mar 11 11:42:09 PST 2011 | 10282 | 0 604 1 -605
   203 f | p 16 | Assign_Undecideds_Filter --next_machine_number=0 | Fri Mar 11 14:33:31 PST 2011 | 1 | 1 0 -1 0
   204 f | p 16 | Macro_Simulator_Filter.py --recursive --time=1.0 --steps=1000000000000000000 --block-size=13 | Fri Mar 11 14:33:32 PST 2011 | 10189 | 0 42 0 -42
   205 f | p 16 | Macro_Simulator_Filter.py --recursive --time=1.0 --steps=1000000000000000000 --block-size=14 | Fri Mar 11 17:23:21 PST 2011 | 10198 | 0 166 0 -166
   206 f | p 16 | Macro_Simulator_Filter.py --recursive --time=1.0 --steps=1000000000000000000 --block-size=15 | Fri Mar 11 20:13:19 PST 2011 | 10211 | 0 481 1 -482
   207 f | p 16 | Assign_Undecideds_Filter --next_machine_number=0 | Fri Mar 11 23:03:30 PST 2011 | 1 | 1 0 -1 0
   208 f | p 16 | Macro_Simulator_Filter.py --recursive --time=1.0 --steps=1000000000000000000 --block-size=16 | Fri Mar 11 23:03:31 PST 2011 | 10133 | 0 95 1 -96
   209 f | p 16 | Assign_Undecideds_Filter --next_machine_number=0 | Sat Mar 12 01:52:24 PST 2011 | 1 | 1 0 -1 0
   210 f | p 16 | Macro_Simulator_Filter.py --recursive --time=1.0 --steps=1000000000000000000 --block-size=17 | Sat Mar 12 01:52:25 PST 2011 | 10144 | 0 53 1 -54
   211 f | p 16 | Assign_Undecideds_Filter --next_machine_number=0 | Sat Mar 12 04:41:30 PST 2011 | 1 | 1 0 -1 0
   212 f | p 16 | Macro_Simulator_Filter.py --recursive --time=1.0 --steps=1000000000000000000 --block-size=18 | Sat Mar 12 04:41:31 PST 2011 | 10133 | 0 114 0 -114
   213 f | p 16 | Macro_Simulator_Filter.py --recursive --time=1.0 --steps=1000000000000000000 --block-size=19 | Sat Mar 12 07:30:25 PST 2011 | 10171 | 0 44 0 -44
   214 f | p 16 | Macro_Simulator_Filter.py --recursive --time=1.0 --steps=1000000000000000000 --block-size=20 | Sat Mar 12 10:19:56 PST 2011 | 10107 | 0 328 0 -328
   215 f | p 16 | Macro_Simulator_Filter.py --recursive --time=1.0 --steps=1000000000000000000 --block-size=21 | Sat Mar 12 13:08:23 PST 2011 | 10129 | 0 331 0 -331
   216 f | p 16 | Macro_Simulator_Filter.py --recursive --time=1.0 --steps=1000000000000000000 --block-size=22 | Sat Mar 12 15:57:12 PST 2011 | 10070 | 0 67 0 -67
   217 f | p 16 | Macro_Simulator_Filter.py --recursive --time=1.0 --steps=1000000000000000000 --block-size=23 | Sat Mar 12 18:45:02 PST 2011 | 10077 | 0 15 0 -15
   218 f | p 16 | Macro_Simulator_Filter.py --recursive --time=1.0 --steps=1000000000000000000 --block-size=24 | Sat Mar 12 21:32:59 PST 2011 | 10075 | 0 258 0 -258
   219 f | p 16 | Macro_Simulator_Filter.py --recursive --time=1.0 --steps=1000000000000000000 --block-size=25 | Sun Mar 13 00:20:54 PST 2011 | 10066 | 0 7 0 -7
