Integrate_Data.py Enum.3.2.0.out Enum.3.2.0.halt Enum.3.2.0.infinite Enum.3.2.0.unknown Enum.3.2.0.error Enum.3.2.0.undecided 
     1 | Mon Dec 27 11:44:54 PST 2010 - Mon Dec 27 11:44:54 PST 2010 | Initial_Filter --infile=Enum.3.2.0.unknown --outfile=Enum.3.2.0.out --log_number=1 | 1367 1721 0 969
     2 | Mon Dec 27 11:44:54 PST 2010 - Mon Dec 27 11:44:54 PST 2010 | Dual_Machine_Filter.py --tape=100 --steps=100 --infile=Enum.3.2.0.unknown --outfile=Enum.3.2.0.out --log_number=2 | 0 198 12 -210
     3 | Mon Dec 27 11:44:55 PST 2010 - Mon Dec 27 11:44:55 PST 2010 | Assign_Undecideds_Filter --next_machine_number=0 --infile=Enum.3.2.0.unknown --outfile=Enum.3.2.0.out --log_number=3 | 12 0 0 0
     4 | Mon Dec 27 11:44:55 PST 2010 - Mon Dec 27 11:44:55 PST 2010 | Dual_Machine_Filter.py --tape=100 --steps=100 --infile=Enum.3.2.0.unknown --outfile=Enum.3.2.0.out --log_number=4 | 0 0 0 0
     5 | Mon Dec 27 11:44:55 PST 2010 - Mon Dec 27 11:44:55 PST 2010 | Reverse_Engineer_Filter.py --infile=Enum.3.2.0.unknown --outfile=Enum.3.2.0.out --log_number=5 | 0 0 0 0
     6 | Mon Dec 27 11:44:55 PST 2010 - Mon Dec 27 11:44:56 PST 2010 | Macro_Simulator_Filter.py --recursive --time=0.001 --steps=100 --size=1 --infile=Enum.3.2.0.unknown --outfile=Enum.3.2.0.out --log_number=6 | 0 407 0 -407
     7 | Mon Dec 27 11:44:56 PST 2010 - Mon Dec 27 11:44:56 PST 2010 | Macro_Simulator_Filter.py --recursive --time=0.001 --steps=100 --size=2 --infile=Enum.3.2.0.unknown --outfile=Enum.3.2.0.out --log_number=7 | 0 182 0 -182
     8 | Mon Dec 27 11:44:56 PST 2010 - Mon Dec 27 11:44:56 PST 2010 | Macro_Simulator_Filter.py --recursive --time=0.001 --steps=100 --size=3 --infile=Enum.3.2.0.unknown --outfile=Enum.3.2.0.out --log_number=8 | 0 153 0 -153
     9 | Mon Dec 27 11:44:56 PST 2010 - Mon Dec 27 11:44:56 PST 2010 | Macro_Simulator_Filter.py --recursive --time=0.001 --steps=100 --size=4 --infile=Enum.3.2.0.unknown --outfile=Enum.3.2.0.out --log_number=9 | 0 11 0 -11
    10 | Mon Dec 27 11:44:56 PST 2010 - Mon Dec 27 11:44:56 PST 2010 | Macro_Simulator_Filter.py --recursive --time=0.001 --steps=100 --size=5 --infile=Enum.3.2.0.unknown --outfile=Enum.3.2.0.out --log_number=10 | 0 0 0 0
    11 | Mon Dec 27 11:44:56 PST 2010 - Mon Dec 27 11:44:56 PST 2010 | Macro_Simulator_Filter.py --recursive --time=0.001 --steps=100 --size=6 --infile=Enum.3.2.0.unknown --outfile=Enum.3.2.0.out --log_number=11 | 0 0 0 0
    12 | Mon Dec 27 11:44:56 PST 2010 - Mon Dec 27 11:44:57 PST 2010 | Reverse_Engineer_Filter.py --infile=Enum.3.2.0.unknown --outfile=Enum.3.2.0.out --log_number=12 | 0 0 0 0
    13 | Mon Dec 27 11:44:57 PST 2010 - Mon Dec 27 11:44:57 PST 2010 | CTL_Filter.py --time=0.01 --type=CTL1 --size=1 --offset=0 --infile=Enum.3.2.0.unknown --outfile=Enum.3.2.0.out --log_number=13 | 0 2 0 -2
    14 | Mon Dec 27 11:44:57 PST 2010 - Mon Dec 27 11:44:57 PST 2010 | CTL_Filter.py --time=0.01 --type=CTL2 --size=1 --offset=0 --infile=Enum.3.2.0.unknown --outfile=Enum.3.2.0.out --log_number=14 | 0 1 0 -1
    15 | Mon Dec 27 11:44:57 PST 2010 - Mon Dec 27 11:44:57 PST 2010 | CTL_Filter.py --time=0.01 --type=CTL3 --size=1 --offset=0 --infile=Enum.3.2.0.unknown --outfile=Enum.3.2.0.out --log_number=15 | 0 0 0 0
    16 | Mon Dec 27 11:44:57 PST 2010 - Mon Dec 27 11:44:57 PST 2010 | CTL_Filter.py --time=0.01 --type=CTL4 --size=1 --offset=0 --infile=Enum.3.2.0.unknown --outfile=Enum.3.2.0.out --log_number=16 | 0 0 0 0
    17 | Mon Dec 27 11:44:57 PST 2010 - Mon Dec 27 11:44:57 PST 2010 | CTL_Filter.py --time=0.01 --type=CTL1 --size=2 --offset=0 --infile=Enum.3.2.0.unknown --outfile=Enum.3.2.0.out --log_number=17 | 0 1 0 -1
    18 | Mon Dec 27 11:44:57 PST 2010 - Mon Dec 27 11:44:57 PST 2010 | CTL_Filter.py --time=0.01 --type=CTL1 --size=2 --offset=1 --infile=Enum.3.2.0.unknown --outfile=Enum.3.2.0.out --log_number=18 | 0 1 0 -1
    19 | Mon Dec 27 11:44:57 PST 2010 - Mon Dec 27 11:44:57 PST 2010 | CTL_Filter.py --time=0.01 --type=CTL2 --size=2 --offset=0 --infile=Enum.3.2.0.unknown --outfile=Enum.3.2.0.out --log_number=19 | 0 1 0 -1
------ | All TMs resolved
